


ARM Macro Assembler    Page 1 


    1 00000000         ; gpio.s
    2 00000000         ; Desenvolvido para a placa EK-TM4C1294XL
    3 00000000         ; Prof. Guilherme Peron
    4 00000000         ; 19/03/2018
    5 00000000         
    6 00000000         ; ------------------------------------------------------
                       -------------------------
    7 00000000                 THUMB                        ; Instruções do tip
                                                            o Thumb-2
    8 00000000         ; ------------------------------------------------------
                       -------------------------
    9 00000000         ; Declarações EQU - Defines
   10 00000000         ; ========================
   11 00000000         ; Definições dos Registradores Gerais
   12 00000000 400FE608 
                       SYSCTL_RCGCGPIO_R
                               EQU              0x400FE608
   13 00000000 400FEA08 
                       SYSCTL_PRGPIO_R
                               EQU              0x400FEA08
   14 00000000         ; ========================
   15 00000000         ; Definições dos Ports
   16 00000000         ; PORT J
   17 00000000 40060520 
                       GPIO_PORTJ_AHB_LOCK_R
                               EQU              0x40060520
   18 00000000 40060524 
                       GPIO_PORTJ_AHB_CR_R
                               EQU              0x40060524
   19 00000000 40060528 
                       GPIO_PORTJ_AHB_AMSEL_R
                               EQU              0x40060528
   20 00000000 4006052C 
                       GPIO_PORTJ_AHB_PCTL_R
                               EQU              0x4006052C
   21 00000000 40060400 
                       GPIO_PORTJ_AHB_DIR_R
                               EQU              0x40060400
   22 00000000 40060420 
                       GPIO_PORTJ_AHB_AFSEL_R
                               EQU              0x40060420
   23 00000000 4006051C 
                       GPIO_PORTJ_AHB_DEN_R
                               EQU              0x4006051C
   24 00000000 40060510 
                       GPIO_PORTJ_AHB_PUR_R
                               EQU              0x40060510
   25 00000000 400603FC 
                       GPIO_PORTJ_AHB_DATA_R
                               EQU              0x400603FC
   26 00000000 00000100 
                       GPIO_PORTJ
                               EQU              2_000000100000000
   27 00000000         ; PORT F
   28 00000000 4005D520 
                       GPIO_PORTF_AHB_LOCK_R
                               EQU              0x4005D520
   29 00000000 4005D524 
                       GPIO_PORTF_AHB_CR_R



ARM Macro Assembler    Page 2 


                               EQU              0x4005D524
   30 00000000 4005D528 
                       GPIO_PORTF_AHB_AMSEL_R
                               EQU              0x4005D528
   31 00000000 4005D52C 
                       GPIO_PORTF_AHB_PCTL_R
                               EQU              0x4005D52C
   32 00000000 4005D400 
                       GPIO_PORTF_AHB_DIR_R
                               EQU              0x4005D400
   33 00000000 4005D420 
                       GPIO_PORTF_AHB_AFSEL_R
                               EQU              0x4005D420
   34 00000000 4005D51C 
                       GPIO_PORTF_AHB_DEN_R
                               EQU              0x4005D51C
   35 00000000 4005D510 
                       GPIO_PORTF_AHB_PUR_R
                               EQU              0x4005D510
   36 00000000 4005D3FC 
                       GPIO_PORTF_AHB_DATA_R
                               EQU              0x4005D3FC
   37 00000000 00000020 
                       GPIO_PORTF
                               EQU              2_000000000100000
   38 00000000         ; PORT N
   39 00000000 40064520 
                       GPIO_PORTN_LOCK_R
                               EQU              0x40064520
   40 00000000 40064524 
                       GPIO_PORTN_CR_R
                               EQU              0x40064524
   41 00000000 40064528 
                       GPIO_PORTN_AMSEL_R
                               EQU              0x40064528
   42 00000000 4006452C 
                       GPIO_PORTN_PCTL_R
                               EQU              0x4006452C
   43 00000000 40064400 
                       GPIO_PORTN_DIR_R
                               EQU              0x40064400
   44 00000000 40064420 
                       GPIO_PORTN_AFSEL_R
                               EQU              0x40064420
   45 00000000 4006451C 
                       GPIO_PORTN_DEN_R
                               EQU              0x4006451C
   46 00000000 40064510 
                       GPIO_PORTN_PUR_R
                               EQU              0x40064510
   47 00000000 400643FC 
                       GPIO_PORTN_DATA_R
                               EQU              0x400643FC
   48 00000000 40064000 
                       GPIO_PORTN_DATA_BITS_R
                               EQU              0x40064000
   49 00000000 00001000 
                       GPIO_PORTN
                               EQU              2_001000000000000



ARM Macro Assembler    Page 3 


   50 00000000         
   51 00000000         
   52 00000000 40060410 
                       GPIO_PORTJ_AHB_IM_R
                               EQU              0x40060410
   53 00000000 40060404 
                       GPIO_PORTJ_AHB_IS_R
                               EQU              0x40060404
   54 00000000 40060408 
                       GPIO_PORTJ_AHB_IBE_R
                               EQU              0x40060408
   55 00000000 4006040C 
                       GPIO_PORTJ_AHB_IEV_R
                               EQU              0x4006040C
   56 00000000 4006041C 
                       GPIO_PORTJ_AHB_ICR_R
                               EQU              0x4006041C
   57 00000000 40060414 
                       GPIO_PORTJ_AHB_RIS_R
                               EQU              0x40060414
   58 00000000 E000E104 
                       NVIC_EN1_R
                               EQU              0xE000E104
   59 00000000 E000E430 
                       NVIC_PRI12_R
                               EQU              0xE000E430
   60 00000000         
   61 00000000 00000001 
                       BIT0    EQU              2_0001
   62 00000000 00000002 
                       BIT1    EQU              2_0010
   63 00000000         
   64 00000000         
   65 00000000 40032024 
                       TIMER2_ICR_R
                               EQU              0x40032024
   66 00000000 4003200C 
                       TIMER2_CTL_R
                               EQU              0x4003200C
   67 00000000 40032000 
                       TIMER2_CFG_R
                               EQU              0x40032000
   68 00000000 40032004 
                       TIMER2_TAMR_R
                               EQU              0x40032004
   69 00000000 40032028 
                       TIMER2_TAILR_R
                               EQU              0x40032028
   70 00000000 40032038 
                       TIMER2_TAPR_R
                               EQU              0x40032038
   71 00000000 40032018 
                       TIMER2_IMR_R
                               EQU              0x40032018
   72 00000000         
   73 00000000 400FE604 
                       SYSCTL_RCGCTIMER_R
                               EQU              0x400FE604
   74 00000000 400FEA04 



ARM Macro Assembler    Page 4 


                       SYSCTL_PRTIMER_R
                               EQU              0x400FEA04
   75 00000000         
   76 00000000 E000E414 
                       NVIC_PRI5_R
                               EQU              0xE000E414
   77 00000000 E000E100 
                       NVIC_EN0_R
                               EQU              0xE000E100
   78 00000000         ; ------------------------------------------------------
                       -------------------------
   79 00000000         ; Área de Código - Tudo abaixo da diretiva a seguir será
                        armazenado na memória de 
   80 00000000         ;                  código
   81 00000000                 PRESERVE8
   82 00000000                 IMPORT           inverte
   83 00000000                 AREA             |.text|, CODE, READONLY, ALIGN=
2
   84 00000000         
   85 00000000         ; Se alguma função do arquivo for chamada em outro arqui
                       vo 
   86 00000000                 EXPORT           GPIO_Init   ; Permite chamar GP
                                                            IO_Init de outro ar
                                                            quivo
   87 00000000                 EXPORT           PortF_Output ; Permite chamar P
                                                            ortN_Output de outr
                                                            o arquivo
   88 00000000         ;EXPORT PortJ_Input          ; Permite chamar PortJ_Inpu
                       t de outro arquivo
   89 00000000                 EXPORT           PortN_Output
   90 00000000                 EXPORT           GPIOPortJ_Handler
   91 00000000                 EXPORT           Timer2A_Handler
   92 00000000         
   93 00000000         
   94 00000000         ;-------------------------------------------------------
                       -------------------------
   95 00000000         ; Função GPIO_Init
   96 00000000         ; Parâmetro de entrada: Não tem
   97 00000000         ; Parâmetro de saída: Não tem
   98 00000000         GPIO_Init
   99 00000000         ;=====================
  100 00000000         ; 1. Ativar o clock para a porta setando o bit correspon
                       dente no registrador RCGCGPIO,
  101 00000000         ; após isso verificar no PRGPIO se a porta está pronta p
                       ara uso.
  102 00000000         ; enable clock to GPIOF at clock gating register
  103 00000000 4874            LDR              R0, =SYSCTL_RCGCGPIO_R ;Carrega
                                                             o endereço do regi
                                                            strador RCGCGPIO
  104 00000002 F04F 0120       MOV              R1, #GPIO_PORTF ;Seta o bit da 
                                                            porta F
  105 00000006 F441 7180       ORR              R1, #GPIO_PORTJ ;Seta o bit da 
                                                            porta J, fazendo co
                                                            m OR
  106 0000000A F441 5180       ORR              R1, #GPIO_PORTN
  107 0000000E 6001            STR              R1, [R0]    ;Move para a memóri
                                                            a os bits das porta
                                                            s no endereço do RC
                                                            GCGPIO



ARM Macro Assembler    Page 5 


  108 00000010         
  109 00000010 4871            LDR              R0, =SYSCTL_PRGPIO_R ;Carrega o
                                                             endereço do PRGPIO
                                                             para esperar os GP
                                                            IO ficarem prontos
  110 00000012 6801    EsperaGPIO
                               LDR              R1, [R0]    ;Lê da memória o co
                                                            nteúdo do endereço 
                                                            do registrador
  111 00000014 F04F 0220       MOV              R2, #GPIO_PORTF ;Seta os bits c
                                                            orrespondentes às p
                                                            ortas para fazer a 
                                                            comparação
  112 00000018 F442 7280       ORR              R2, #GPIO_PORTJ ;Seta o bit da 
                                                            porta J, fazendo co
                                                            m OR
  113 0000001C F441 5180       ORR              R1, #GPIO_PORTN
  114 00000020 4211            TST              R1, R2      ;ANDS de R1 com R2
  115 00000022 D0F6            BEQ              EsperaGPIO  ;Se o flag Z=1, vol
                                                            ta para o laço. Sen
                                                            ão continua executa
                                                            ndo
  116 00000024         
  117 00000024         ; 2. Limpar o AMSEL para desabilitar a analógica
  118 00000024 F04F 0100       MOV              R1, #0x00   ;Colocar 0 no regis
                                                            trador para desabil
                                                            itar a função analó
                                                            gica
  119 00000028 486C            LDR              R0, =GPIO_PORTJ_AHB_AMSEL_R ;Ca
                                                            rrega o R0 com o en
                                                            dereço do AMSEL par
                                                            a a porta J
  120 0000002A 6001            STR              R1, [R0]    ;Guarda no registra
                                                            dor AMSEL da porta 
                                                            J da memória
  121 0000002C 486C            LDR              R0, =GPIO_PORTF_AHB_AMSEL_R ;Ca
                                                            rrega o R0 com o en
                                                            dereço do AMSEL par
                                                            a a porta F
  122 0000002E 6001            STR              R1, [R0]    ;Guarda no registra
                                                            dor AMSEL da porta 
                                                            F da memória
  123 00000030 486C            LDR              R0, =GPIO_PORTN_AMSEL_R ;Carreg
                                                            a o R0 com o endere
                                                            ço do AMSEL para a 
                                                            porta N
  124 00000032 6001            STR              R1, [R0]    ;Guarda no registra
                                                            dor AMSEL da porta 
                                                            N da memória
  125 00000034         
  126 00000034         ; 3. Limpar PCTL para selecionar o GPIO
  127 00000034 F04F 0100       MOV              R1, #0x00   ;Colocar 0 no regis
                                                            trador para selecio
                                                            nar o modo GPIO
  128 00000038 486B            LDR              R0, =GPIO_PORTJ_AHB_PCTL_R ;Car
                                                            rega o R0 com o end
                                                            ereço do PCTL para 
                                                            a porta J
  129 0000003A 6001            STR              R1, [R0]    ;Guarda no registra



ARM Macro Assembler    Page 6 


                                                            dor PCTL da porta J
                                                             da memória
  130 0000003C 486B            LDR              R0, =GPIO_PORTF_AHB_PCTL_R ;Car
                                                            rega o R0 com o end
                                                            ereço do PCTL para 
                                                            a porta F
  131 0000003E 6001            STR              R1, [R0]    ;Guarda no registra
                                                            dor PCTL da porta F
                                                             da memória
  132 00000040         ;Guarda no registrador PCTL da porta J da memória
  133 00000040 486B            LDR              R0, =GPIO_PORTN_PCTL_R ;Carrega
                                                             o R0 com o endereç
                                                            o do PCTL para a po
                                                            rta N
  134 00000042 6001            STR              R1, [R0]    ;Guarda no registra
                                                            dor PCTL da porta N
                                                             da memória
  135 00000044         ; 4. DIR para 0 se for entrada, 1 se for saída
  136 00000044 486B            LDR              R0, =GPIO_PORTF_AHB_DIR_R ;Carr
                                                            ega o R0 com o ende
                                                            reço do DIR para a 
                                                            porta F
  137 00000046 F04F 0111       MOV              R1, #2_00010001 ;#2_00010001   
                                                              ;PF4 & PF0 para L
                                                            ED
  138 0000004A 6001            STR              R1, [R0]    ;Guarda no registra
                                                            dor
  139 0000004C         ; O certo era verificar os outros bits da PF para não tr
                       ansformar entradas em saídas desnecessárias
  140 0000004C 486A            LDR              R0, =GPIO_PORTJ_AHB_DIR_R ;Carr
                                                            ega o R0 com o ende
                                                            reço do DIR para a 
                                                            porta J
  141 0000004E F04F 0100       MOV              R1, #0x00   ;Colocar 0 no regis
                                                            trador DIR para fun
                                                            cionar com saída
  142 00000052 6001            STR              R1, [R0]    ;Guarda no registra
                                                            dor PCTL da porta J
                                                             da memória
  143 00000054 4869            LDR              R0, =GPIO_PORTN_DIR_R ;Carrega 
                                                            o R0 com o endereço
                                                             do DIR para a port
                                                            a N
  144 00000056 F04F 0103       MOV              R1, #2_0011 ;#2_0010     ;PN1
  145 0000005A 6001            STR              R1, [R0]    ;Guarda no registra
                                                            dor
  146 0000005C         
  147 0000005C         ; 5. Limpar os bits AFSEL para 0 para selecionar GPIO 
  148 0000005C         ;    Sem função alternativa
  149 0000005C F04F 0100       MOV              R1, #0x00   ;Colocar o valor 0 
                                                            para não setar funç
                                                            ão alternativa
  150 00000060 4867            LDR              R0, =GPIO_PORTF_AHB_AFSEL_R ;Ca
                                                            rrega o endereço do
                                                             AFSEL da porta F
  151 00000062 6001            STR              R1, [R0]    ;Escreve na porta
  152 00000064 4867            LDR              R0, =GPIO_PORTJ_AHB_AFSEL_R ;Ca
                                                            rrega o endereço do
                                                             AFSEL da porta J



ARM Macro Assembler    Page 7 


  153 00000066 6001            STR              R1, [R0]    ;Escreve na porta
  154 00000068 4867            LDR              R0, =GPIO_PORTN_AFSEL_R ;Carreg
                                                            a o endereço do AFS
                                                            EL da porta N
  155 0000006A 6001            STR              R1, [R0]    ;Escreve na porta
  156 0000006C         
  157 0000006C         ; 6. Setar os bits de DEN para habilitar I/O digital
  158 0000006C 4867            LDR              R0, =GPIO_PORTF_AHB_DEN_R ;Carr
                                                            ega o endereço do D
                                                            EN
  159 0000006E F04F 0111       MOV              R1, #2_0010001 ;#2_00010001    
                                                                            ;At
                                                            iva os pinos PF0 e 
                                                            PF4 como I/O Digita
                                                            l
  160 00000072 6001            STR              R1, [R0]    ;Escreve no registr
                                                            ador da memória fun
                                                            cionalidade digital
                                                             
  161 00000074         
  162 00000074 4866            LDR              R0, =GPIO_PORTJ_AHB_DEN_R ;Carr
                                                            ega o endereço do D
                                                            EN
  163 00000076 F04F 0103       MOV              R1, #2_00000011 ;Ativa os pinos
                                                             PJ0 e PJ1 como I/O
                                                             Digital      
  164 0000007A 6001            STR              R1, [R0]    ;Escreve no registr
                                                            ador da memória fun
                                                            cionalidade digital
                                                            
  165 0000007C         
  166 0000007C 4865            LDR              R0, =GPIO_PORTN_DEN_R ;Carrega 
                                                            o endereço do DEN
  167 0000007E F04F 0103       MOV              R1, #2_00000011 ; #2_00000010  
                                                                               
                                                            ;N1
  168 00000082 6001            STR              R1, [R0]    ;Escreve no registr
                                                            ador da memória fun
                                                            cionalidade digital
                                                             
  169 00000084         
  170 00000084         ; 7. Para habilitar resistor de pull-up interno, setar P
                       UR para 1
  171 00000084 4864            LDR              R0, =GPIO_PORTJ_AHB_PUR_R ;Carr
                                                            ega o endereço do P
                                                            UR para a porta J
  172 00000086 F04F 0103       MOV              R1, #2_00000011 ;Habilitar func
                                                            ionalidade digital 
                                                            de resistor de pull
                                                            -up 
  173 0000008A         ;nos bits 0 e 1
  174 0000008A 6001            STR              R1, [R0]    ;Escreve no registr
                                                            ador da memória do 
                                                            resistor de pull-up
                                                            
  175 0000008C         
  176 0000008C         ; 8. Desabilita a interrup no IM
  177 0000008C         
  178 0000008C 4863            LDR              R0,=GPIO_PORTJ_AHB_IM_R



ARM Macro Assembler    Page 8 


  179 0000008E F04F 0100       MOV              R1,#2_00
  180 00000092 6001            STR              R1,[R0]
  181 00000094         ;9. Config. tipo interrup IS
  182 00000094         
  183 00000094 4862            LDR              R0,=GPIO_PORTJ_AHB_IS_R
  184 00000096 F04F 0100       MOV              R1,#2_00
  185 0000009A 6001            STR              R1,[R0]
  186 0000009C         ;10. Config Borda IBE 
  187 0000009C 4861            LDR              R0,=GPIO_PORTJ_AHB_IBE_R
  188 0000009E F04F 0100       MOV              R1,#2_00
  189 000000A2 6001            STR              R1,[R0]
  190 000000A4         ;11. Config IEV
  191 000000A4 4860            LDR              R0,=GPIO_PORTJ_AHB_IEV_R
  192 000000A6 F04F 0102       MOV              R1,#2_10
  193 000000AA 6001            STR              R1,[R0]
  194 000000AC         ;12. Config ICR
  195 000000AC 485F            LDR              R0,=GPIO_PORTJ_AHB_ICR_R
  196 000000AE F04F 0103       MOV              R1,#2_11
  197 000000B2 6001            STR              R1,[R0]
  198 000000B4         
  199 000000B4         ;;teste  
  200 000000B4         ;LDR R0,=GPIO_PORTJ_AHB_RIS_R
  201 000000B4         ;MOV R1,#2_00
  202 000000B4         ;STR R1,[R0]
  203 000000B4         
  204 000000B4         ;13.Habilita interrup no IM
  205 000000B4 4859            LDR              R0,=GPIO_PORTJ_AHB_IM_R
  206 000000B6 F04F 0103       MOV              R1,#2_11
  207 000000BA 6001            STR              R1,[R0]
  208 000000BC         ;    
  209 000000BC         ;14. Setar prioridade NVIC
  210 000000BC         
  211 000000BC 485C            LDR              R0,=NVIC_PRI12_R
  212 000000BE F04F 0106       MOV              R1,#6
  213 000000C2 EA4F 7141       LSL              R1,R1,#29
  214 000000C6 6001            STR              R1,[R0]
  215 000000C8         ;Habilitar interrup NVIC
  216 000000C8         
  217 000000C8 485A            LDR              R0,=NVIC_EN1_R
  218 000000CA F04F 0101       MOV              R1,#1
  219 000000CE EA4F 41C1       LSL              R1,R1,#19
  220 000000D2 6001            STR              R1,[R0]
  221 000000D4         
  222 000000D4         ;   
  223 000000D4 4858            LDR              R0,=SYSCTL_RCGCTIMER_R
  224 000000D6 F04F 0104       MOV              R1,#2_100
  225 000000DA 6001            STR              R1,[R0]
  226 000000DC         
  227 000000DC 4857            LDR              R0, =SYSCTL_PRTIMER_R ;Carrega 
                                                            o endereço do PRGPI
                                                            O para esperar os G
                                                            PIO ficarem prontos
                                                            
  228 000000DE 6801    EsperaTIMER
                               LDR              R1, [R0]    ;Lê da memória o co
                                                            nteúdo do endereço 
                                                            do registrador
  229 000000E0 F04F 0204       MOV              R2, #2_100
  230 000000E4 4211            TST              R1, R2      ;ANDS de R1 com R2



ARM Macro Assembler    Page 9 


  231 000000E6 D0FA            BEQ              EsperaTIMER ;Se o flag Z=1, vol
                                                            ta para o laço. Sen
                                                            ão continua executa
                                                            ndo
  232 000000E8         
  233 000000E8         
  234 000000E8 4855            LDR              R0,=TIMER2_CTL_R
  235 000000EA F04F 0100       MOV              R1,#2_0
  236 000000EE 6001            STR              R1,[R0]
  237 000000F0         
  238 000000F0         
  239 000000F0 4854            LDR              R0,=TIMER2_CFG_R
  240 000000F2 F04F 0100       MOV              R1,#2_000
  241 000000F6 6001            STR              R1,[R0]
  242 000000F8         
  243 000000F8 4853            LDR              R0,=TIMER2_TAMR_R
  244 000000FA         ;MOV R1,#2_01
  245 000000FA F04F 0101       MOV              R1,#2_01
  246 000000FE 6001            STR              R1,[R0]
  247 00000100         
  248 00000100 4852            LDR              R0,=TIMER2_TAILR_R
  249 00000102 F647 51FF       MOV              R1,#0x7DFF
  250 00000106 F2C0 3156       MOVT             R1,#0x356
  251 0000010A 6001            STR              R1,[R0]
  252 0000010C         
  253 0000010C         
  254 0000010C 4850            LDR              R0,=TIMER2_TAPR_R
  255 0000010E F04F 0100       MOV              R1,#0
  256 00000112 6001            STR              R1,[R0]
  257 00000114         
  258 00000114 484F            LDR              R0,=TIMER2_ICR_R
  259 00000116 F04F 0101       MOV              R1,#2_1
  260 0000011A 6001            STR              R1,[R0]
  261 0000011C         
  262 0000011C 484E            LDR              R0,=TIMER2_IMR_R
  263 0000011E F04F 0101       MOV              R1,#2_1
  264 00000122 6001            STR              R1,[R0]
  265 00000124         
  266 00000124         
  267 00000124         
  268 00000124 484D            LDR              R0,=NVIC_PRI5_R
  269 00000126 F04F 0105       MOV              R1,#5
  270 0000012A EA4F 7141       LSL              R1,R1,#29
  271 0000012E 6001            STR              R1,[R0]
  272 00000130         
  273 00000130         
  274 00000130 484B            LDR              R0,=NVIC_EN0_R
  275 00000132 F04F 0101       MOV              R1,#1
  276 00000136 EA4F 51C1       LSL              R1,R1,#23
  277 0000013A 6001            STR              R1,[R0]
  278 0000013C         
  279 0000013C         
  280 0000013C         
  281 0000013C         ;retorno            
  282 0000013C 4770            BX               LR
  283 0000013E         
  284 0000013E         
  285 0000013E         
  286 0000013E         



ARM Macro Assembler    Page 10 


  287 0000013E         GPIOPortJ_Handler
  288 0000013E         
  289 0000013E B500            PUSH{LR}
  290 00000140         
  291 00000140         
  292 00000140 4948            LDR              R1,=GPIO_PORTJ_AHB_RIS_R
  293 00000142 6808            LDR              R0,[R1]
  294 00000144 F000 0001       AND              R0,R0,#2_01
  295 00000148 2801            CMP              R0,#2_01
  296 0000014A D006            BEQ              sw1
  297 0000014C 4937            LDR              R1,=GPIO_PORTJ_AHB_ICR_R
  298 0000014E F04F 0003       MOV              R0,#2_11
  299 00000152 6008            STR              R0,[R1]
  300 00000154 F85D EB04       POP{LR}
  301 00000158 4770            BX               LR
  302 0000015A         sw1
  303 0000015A 4934            LDR              R1,=GPIO_PORTJ_AHB_ICR_R
  304 0000015C F04F 0003       MOV              R0,#2_11
  305 00000160 6008            STR              R0,[R1]
  306 00000162         
  307 00000162 4937            LDR              R1,=TIMER2_CTL_R
  308 00000164 6808            LDR              R0,[R1]
  309 00000166 F000 0001       AND              R0,R0,#2_1
  310 0000016A 2800            CMP              R0,#2_0
  311 0000016C D006            BEQ              Ativar
  312 0000016E 4834            LDR              R0,=TIMER2_CTL_R
  313 00000170 F04F 0100       MOV              R1,#2_0
  314 00000174 6001            STR              R1,[R0]
  315 00000176 F85D EB04       POP{LR}
  316 0000017A 4770            BX               LR
  317 0000017C         Ativar
  318 0000017C 4830            LDR              R0,=TIMER2_CTL_R
  319 0000017E F04F 0101       MOV              R1,#2_1
  320 00000182 6001            STR              R1,[R0]
  321 00000184 F85D EB04       POP{LR}
  322 00000188 4770            BX               LR
  323 0000018A         
  324 0000018A         Timer2A_Handler
  325 0000018A 4932            LDR              R1, =TIMER2_ICR_R
  326 0000018C F04F 0001       MOV              R0, #1
  327 00000190 6008            STR              R0, [R1]
  328 00000192 B500            PUSH             {LR}
  329 00000194 F7FF FFFE       BL               inverte     ;Chama a rotina que
                                                             faz um toggle no l
                                                            ed
  330 00000198         
  331 00000198 4829            LDR              R0,=TIMER2_CTL_R
  332 0000019A F04F 0101       MOV              R1,#2_1
  333 0000019E 6001            STR              R1,[R0]
  334 000001A0         
  335 000001A0 F85D EB04       POP              {LR}        ; retorno da interr
                                                            upção
  336 000001A4 4770            BX               LR
  337 000001A6         
  338 000001A6         ; ------------------------------------------------------
                       -------------------------
  339 000001A6         ; Função PortF_Output
  340 000001A6         ; Parâmetro de entrada: R0 --> se os BIT4 e BIT0 estão l
                       igado ou desligado



ARM Macro Assembler    Page 11 


  341 000001A6         ; Parâmetro de saída: Não tem
  342 000001A6         PortF_Output
  343 000001A6 B500            PUSH{LR}
  344 000001A8 492F            LDR              R1, =GPIO_PORTF_AHB_DATA_R ;Car
                                                            rega o valor do off
                                                            set do data registe
                                                            r
  345 000001AA         ;Read-Modify-Write para escrita
  346 000001AA 680A            LDR              R2, [R1]
  347 000001AC F022 0211       BIC              R2, #2_00010001 ;Primeiro limpa
                                                            mos os dois bits do
                                                             lido da porta R2 =
                                                             R2 & 11101110
  348 000001B0 EA40 0002       ORR              R0, R0, R2  ;Fazer o OR do lido
                                                             pela porta com o p
                                                            arâmetro de entrada
                                                            
  349 000001B4 6008            STR              R0, [R1]    ;Escreve na porta F
                                                             o barramento de da
                                                            dos dos pinos F4 e 
                                                            F0
  350 000001B6         
  351 000001B6 F85D EB04       POP{LR}
  352 000001BA 4770            BX               LR          ;Retorno
  353 000001BC         
  354 000001BC         ; ------------------------------------------------------
                       -------------------------
  355 000001BC         ; Função PortN_Output
  356 000001BC         ; Parâmetro de entrada: R0 --> se o BIT1 está ligado ou 
                       desligado
  357 000001BC         ; Parâmetro de saída: Não tem
  358 000001BC         PortN_Output
  359 000001BC B500            PUSH{LR}
  360 000001BE 492B            LDR              R1, =GPIO_PORTN_DATA_R ;Carrega
                                                             o valor do offset 
                                                            do data register
  361 000001C0         ;Read-Modify-Write para escrita
  362 000001C0 680A            LDR              R2, [R1]
  363 000001C2 F022 0203       BIC              R2, #2_00011 ;Primeiro limpamos
                                                             os dois bits do li
                                                            do da porta R2 = R2
                                                             & 11111101
  364 000001C6 EA40 0002       ORR              R0, R0, R2  ;Fazer o OR do lido
                                                             pela porta com o p
                                                            arâmetro de entrada
                                                            
  365 000001CA 6008            STR              R0, [R1]    ;Escreve na porta N
                                                             o barramento de da
                                                            dos do pino N1
  366 000001CC         
  367 000001CC F85D EB04       POP{LR}
  368 000001D0 4770            BX               LR          ;Retorno
  369 000001D2         
  370 000001D2         
  371 000001D2         
  372 000001D2 00 00           ALIGN                        ; garante que o fim
                                                             da seção está alin
                                                            hada 
  373 000001D4                 END                          ; fim do arquivo



ARM Macro Assembler    Page 12 


              400FE608 
              400FEA08 
              40060528 
              4005D528 
              40064528 
              4006052C 
              4005D52C 
              4006452C 
              4005D400 
              40060400 
              40064400 
              4005D420 
              40060420 
              40064420 
              4005D51C 
              4006051C 
              4006451C 
              40060510 
              40060410 
              40060404 
              40060408 
              4006040C 
              4006041C 
              E000E430 
              E000E104 
              400FE604 
              400FEA04 
              4003200C 
              40032000 
              40032004 
              40032028 
              40032038 
              40032024 
              40032018 
              E000E414 
              E000E100 
              40060414 
              4005D3FC 
              400643FC 
Command Line: --debug --xref --diag_suppress=9931 --cpu=Cortex-M4.fp.sp --apcs=
interwork --depend=.\objects\gpio_1.d -o.\objects\gpio_1.o -IC:\Users\Raissa\Ap
pData\Local\Arm\Packs\Keil\TM4C_DFP\1.1.0\Device\Include\TM4C129 --predefine="_
_EVAL SETA 1" --predefine="__UVISION_VERSION SETA 534" --predefine="TM4C1294NCP
DT SETA 1" --list=.\listings\gpio.lst gpio.s



ARM Macro Assembler    Page 1 Alphabetic symbol ordering
Relocatable symbols

.text 00000000

Symbol: .text
   Definitions
      At line 83 in file gpio.s
   Uses
      None
Comment: .text unused
Ativar 0000017C

Symbol: Ativar
   Definitions
      At line 317 in file gpio.s
   Uses
      At line 311 in file gpio.s
Comment: Ativar used once
EsperaGPIO 00000012

Symbol: EsperaGPIO
   Definitions
      At line 110 in file gpio.s
   Uses
      At line 115 in file gpio.s
Comment: EsperaGPIO used once
EsperaTIMER 000000DE

Symbol: EsperaTIMER
   Definitions
      At line 228 in file gpio.s
   Uses
      At line 231 in file gpio.s
Comment: EsperaTIMER used once
GPIOPortJ_Handler 0000013E

Symbol: GPIOPortJ_Handler
   Definitions
      At line 287 in file gpio.s
   Uses
      At line 90 in file gpio.s
Comment: GPIOPortJ_Handler used once
GPIO_Init 00000000

Symbol: GPIO_Init
   Definitions
      At line 98 in file gpio.s
   Uses
      At line 86 in file gpio.s
Comment: GPIO_Init used once
PortF_Output 000001A6

Symbol: PortF_Output
   Definitions
      At line 342 in file gpio.s
   Uses
      At line 87 in file gpio.s
Comment: PortF_Output used once
PortN_Output 000001BC

Symbol: PortN_Output



ARM Macro Assembler    Page 2 Alphabetic symbol ordering
Relocatable symbols

   Definitions
      At line 358 in file gpio.s
   Uses
      At line 89 in file gpio.s
Comment: PortN_Output used once
Timer2A_Handler 0000018A

Symbol: Timer2A_Handler
   Definitions
      At line 324 in file gpio.s
   Uses
      At line 91 in file gpio.s
Comment: Timer2A_Handler used once
sw1 0000015A

Symbol: sw1
   Definitions
      At line 302 in file gpio.s
   Uses
      At line 296 in file gpio.s
Comment: sw1 used once
10 symbols



ARM Macro Assembler    Page 1 Alphabetic symbol ordering
Absolute symbols

BIT0 00000001

Symbol: BIT0
   Definitions
      At line 61 in file gpio.s
   Uses
      None
Comment: BIT0 unused
BIT1 00000002

Symbol: BIT1
   Definitions
      At line 62 in file gpio.s
   Uses
      None
Comment: BIT1 unused
GPIO_PORTF 00000020

Symbol: GPIO_PORTF
   Definitions
      At line 37 in file gpio.s
   Uses
      At line 104 in file gpio.s
      At line 111 in file gpio.s

GPIO_PORTF_AHB_AFSEL_R 4005D420

Symbol: GPIO_PORTF_AHB_AFSEL_R
   Definitions
      At line 33 in file gpio.s
   Uses
      At line 150 in file gpio.s
Comment: GPIO_PORTF_AHB_AFSEL_R used once
GPIO_PORTF_AHB_AMSEL_R 4005D528

Symbol: GPIO_PORTF_AHB_AMSEL_R
   Definitions
      At line 30 in file gpio.s
   Uses
      At line 121 in file gpio.s
Comment: GPIO_PORTF_AHB_AMSEL_R used once
GPIO_PORTF_AHB_CR_R 4005D524

Symbol: GPIO_PORTF_AHB_CR_R
   Definitions
      At line 29 in file gpio.s
   Uses
      None
Comment: GPIO_PORTF_AHB_CR_R unused
GPIO_PORTF_AHB_DATA_R 4005D3FC

Symbol: GPIO_PORTF_AHB_DATA_R
   Definitions
      At line 36 in file gpio.s
   Uses
      At line 344 in file gpio.s
Comment: GPIO_PORTF_AHB_DATA_R used once
GPIO_PORTF_AHB_DEN_R 4005D51C




ARM Macro Assembler    Page 2 Alphabetic symbol ordering
Absolute symbols

Symbol: GPIO_PORTF_AHB_DEN_R
   Definitions
      At line 34 in file gpio.s
   Uses
      At line 158 in file gpio.s
Comment: GPIO_PORTF_AHB_DEN_R used once
GPIO_PORTF_AHB_DIR_R 4005D400

Symbol: GPIO_PORTF_AHB_DIR_R
   Definitions
      At line 32 in file gpio.s
   Uses
      At line 136 in file gpio.s
Comment: GPIO_PORTF_AHB_DIR_R used once
GPIO_PORTF_AHB_LOCK_R 4005D520

Symbol: GPIO_PORTF_AHB_LOCK_R
   Definitions
      At line 28 in file gpio.s
   Uses
      None
Comment: GPIO_PORTF_AHB_LOCK_R unused
GPIO_PORTF_AHB_PCTL_R 4005D52C

Symbol: GPIO_PORTF_AHB_PCTL_R
   Definitions
      At line 31 in file gpio.s
   Uses
      At line 130 in file gpio.s
Comment: GPIO_PORTF_AHB_PCTL_R used once
GPIO_PORTF_AHB_PUR_R 4005D510

Symbol: GPIO_PORTF_AHB_PUR_R
   Definitions
      At line 35 in file gpio.s
   Uses
      None
Comment: GPIO_PORTF_AHB_PUR_R unused
GPIO_PORTJ 00000100

Symbol: GPIO_PORTJ
   Definitions
      At line 26 in file gpio.s
   Uses
      At line 105 in file gpio.s
      At line 112 in file gpio.s

GPIO_PORTJ_AHB_AFSEL_R 40060420

Symbol: GPIO_PORTJ_AHB_AFSEL_R
   Definitions
      At line 22 in file gpio.s
   Uses
      At line 152 in file gpio.s
Comment: GPIO_PORTJ_AHB_AFSEL_R used once
GPIO_PORTJ_AHB_AMSEL_R 40060528

Symbol: GPIO_PORTJ_AHB_AMSEL_R
   Definitions



ARM Macro Assembler    Page 3 Alphabetic symbol ordering
Absolute symbols

      At line 19 in file gpio.s
   Uses
      At line 119 in file gpio.s
Comment: GPIO_PORTJ_AHB_AMSEL_R used once
GPIO_PORTJ_AHB_CR_R 40060524

Symbol: GPIO_PORTJ_AHB_CR_R
   Definitions
      At line 18 in file gpio.s
   Uses
      None
Comment: GPIO_PORTJ_AHB_CR_R unused
GPIO_PORTJ_AHB_DATA_R 400603FC

Symbol: GPIO_PORTJ_AHB_DATA_R
   Definitions
      At line 25 in file gpio.s
   Uses
      None
Comment: GPIO_PORTJ_AHB_DATA_R unused
GPIO_PORTJ_AHB_DEN_R 4006051C

Symbol: GPIO_PORTJ_AHB_DEN_R
   Definitions
      At line 23 in file gpio.s
   Uses
      At line 162 in file gpio.s
Comment: GPIO_PORTJ_AHB_DEN_R used once
GPIO_PORTJ_AHB_DIR_R 40060400

Symbol: GPIO_PORTJ_AHB_DIR_R
   Definitions
      At line 21 in file gpio.s
   Uses
      At line 140 in file gpio.s
Comment: GPIO_PORTJ_AHB_DIR_R used once
GPIO_PORTJ_AHB_IBE_R 40060408

Symbol: GPIO_PORTJ_AHB_IBE_R
   Definitions
      At line 54 in file gpio.s
   Uses
      At line 187 in file gpio.s
Comment: GPIO_PORTJ_AHB_IBE_R used once
GPIO_PORTJ_AHB_ICR_R 4006041C

Symbol: GPIO_PORTJ_AHB_ICR_R
   Definitions
      At line 56 in file gpio.s
   Uses
      At line 195 in file gpio.s
      At line 297 in file gpio.s
      At line 303 in file gpio.s

GPIO_PORTJ_AHB_IEV_R 4006040C

Symbol: GPIO_PORTJ_AHB_IEV_R
   Definitions
      At line 55 in file gpio.s



ARM Macro Assembler    Page 4 Alphabetic symbol ordering
Absolute symbols

   Uses
      At line 191 in file gpio.s
Comment: GPIO_PORTJ_AHB_IEV_R used once
GPIO_PORTJ_AHB_IM_R 40060410

Symbol: GPIO_PORTJ_AHB_IM_R
   Definitions
      At line 52 in file gpio.s
   Uses
      At line 178 in file gpio.s
      At line 205 in file gpio.s

GPIO_PORTJ_AHB_IS_R 40060404

Symbol: GPIO_PORTJ_AHB_IS_R
   Definitions
      At line 53 in file gpio.s
   Uses
      At line 183 in file gpio.s
Comment: GPIO_PORTJ_AHB_IS_R used once
GPIO_PORTJ_AHB_LOCK_R 40060520

Symbol: GPIO_PORTJ_AHB_LOCK_R
   Definitions
      At line 17 in file gpio.s
   Uses
      None
Comment: GPIO_PORTJ_AHB_LOCK_R unused
GPIO_PORTJ_AHB_PCTL_R 4006052C

Symbol: GPIO_PORTJ_AHB_PCTL_R
   Definitions
      At line 20 in file gpio.s
   Uses
      At line 128 in file gpio.s
Comment: GPIO_PORTJ_AHB_PCTL_R used once
GPIO_PORTJ_AHB_PUR_R 40060510

Symbol: GPIO_PORTJ_AHB_PUR_R
   Definitions
      At line 24 in file gpio.s
   Uses
      At line 171 in file gpio.s
Comment: GPIO_PORTJ_AHB_PUR_R used once
GPIO_PORTJ_AHB_RIS_R 40060414

Symbol: GPIO_PORTJ_AHB_RIS_R
   Definitions
      At line 57 in file gpio.s
   Uses
      At line 292 in file gpio.s
Comment: GPIO_PORTJ_AHB_RIS_R used once
GPIO_PORTN 00001000

Symbol: GPIO_PORTN
   Definitions
      At line 49 in file gpio.s
   Uses
      At line 106 in file gpio.s



ARM Macro Assembler    Page 5 Alphabetic symbol ordering
Absolute symbols

      At line 113 in file gpio.s

GPIO_PORTN_AFSEL_R 40064420

Symbol: GPIO_PORTN_AFSEL_R
   Definitions
      At line 44 in file gpio.s
   Uses
      At line 154 in file gpio.s
Comment: GPIO_PORTN_AFSEL_R used once
GPIO_PORTN_AMSEL_R 40064528

Symbol: GPIO_PORTN_AMSEL_R
   Definitions
      At line 41 in file gpio.s
   Uses
      At line 123 in file gpio.s
Comment: GPIO_PORTN_AMSEL_R used once
GPIO_PORTN_CR_R 40064524

Symbol: GPIO_PORTN_CR_R
   Definitions
      At line 40 in file gpio.s
   Uses
      None
Comment: GPIO_PORTN_CR_R unused
GPIO_PORTN_DATA_BITS_R 40064000

Symbol: GPIO_PORTN_DATA_BITS_R
   Definitions
      At line 48 in file gpio.s
   Uses
      None
Comment: GPIO_PORTN_DATA_BITS_R unused
GPIO_PORTN_DATA_R 400643FC

Symbol: GPIO_PORTN_DATA_R
   Definitions
      At line 47 in file gpio.s
   Uses
      At line 360 in file gpio.s
Comment: GPIO_PORTN_DATA_R used once
GPIO_PORTN_DEN_R 4006451C

Symbol: GPIO_PORTN_DEN_R
   Definitions
      At line 45 in file gpio.s
   Uses
      At line 166 in file gpio.s
Comment: GPIO_PORTN_DEN_R used once
GPIO_PORTN_DIR_R 40064400

Symbol: GPIO_PORTN_DIR_R
   Definitions
      At line 43 in file gpio.s
   Uses
      At line 143 in file gpio.s
Comment: GPIO_PORTN_DIR_R used once
GPIO_PORTN_LOCK_R 40064520



ARM Macro Assembler    Page 6 Alphabetic symbol ordering
Absolute symbols


Symbol: GPIO_PORTN_LOCK_R
   Definitions
      At line 39 in file gpio.s
   Uses
      None
Comment: GPIO_PORTN_LOCK_R unused
GPIO_PORTN_PCTL_R 4006452C

Symbol: GPIO_PORTN_PCTL_R
   Definitions
      At line 42 in file gpio.s
   Uses
      At line 133 in file gpio.s
Comment: GPIO_PORTN_PCTL_R used once
GPIO_PORTN_PUR_R 40064510

Symbol: GPIO_PORTN_PUR_R
   Definitions
      At line 46 in file gpio.s
   Uses
      None
Comment: GPIO_PORTN_PUR_R unused
NVIC_EN0_R E000E100

Symbol: NVIC_EN0_R
   Definitions
      At line 77 in file gpio.s
   Uses
      At line 274 in file gpio.s
Comment: NVIC_EN0_R used once
NVIC_EN1_R E000E104

Symbol: NVIC_EN1_R
   Definitions
      At line 58 in file gpio.s
   Uses
      At line 217 in file gpio.s
Comment: NVIC_EN1_R used once
NVIC_PRI12_R E000E430

Symbol: NVIC_PRI12_R
   Definitions
      At line 59 in file gpio.s
   Uses
      At line 211 in file gpio.s
Comment: NVIC_PRI12_R used once
NVIC_PRI5_R E000E414

Symbol: NVIC_PRI5_R
   Definitions
      At line 76 in file gpio.s
   Uses
      At line 268 in file gpio.s
Comment: NVIC_PRI5_R used once
SYSCTL_PRGPIO_R 400FEA08

Symbol: SYSCTL_PRGPIO_R
   Definitions



ARM Macro Assembler    Page 7 Alphabetic symbol ordering
Absolute symbols

      At line 13 in file gpio.s
   Uses
      At line 109 in file gpio.s
Comment: SYSCTL_PRGPIO_R used once
SYSCTL_PRTIMER_R 400FEA04

Symbol: SYSCTL_PRTIMER_R
   Definitions
      At line 74 in file gpio.s
   Uses
      At line 227 in file gpio.s
Comment: SYSCTL_PRTIMER_R used once
SYSCTL_RCGCGPIO_R 400FE608

Symbol: SYSCTL_RCGCGPIO_R
   Definitions
      At line 12 in file gpio.s
   Uses
      At line 103 in file gpio.s
Comment: SYSCTL_RCGCGPIO_R used once
SYSCTL_RCGCTIMER_R 400FE604

Symbol: SYSCTL_RCGCTIMER_R
   Definitions
      At line 73 in file gpio.s
   Uses
      At line 223 in file gpio.s
Comment: SYSCTL_RCGCTIMER_R used once
TIMER2_CFG_R 40032000

Symbol: TIMER2_CFG_R
   Definitions
      At line 67 in file gpio.s
   Uses
      At line 239 in file gpio.s
Comment: TIMER2_CFG_R used once
TIMER2_CTL_R 4003200C

Symbol: TIMER2_CTL_R
   Definitions
      At line 66 in file gpio.s
   Uses
      At line 234 in file gpio.s
      At line 307 in file gpio.s
      At line 312 in file gpio.s
      At line 318 in file gpio.s
      At line 331 in file gpio.s

TIMER2_ICR_R 40032024

Symbol: TIMER2_ICR_R
   Definitions
      At line 65 in file gpio.s
   Uses
      At line 258 in file gpio.s
      At line 325 in file gpio.s

TIMER2_IMR_R 40032018




ARM Macro Assembler    Page 8 Alphabetic symbol ordering
Absolute symbols

Symbol: TIMER2_IMR_R
   Definitions
      At line 71 in file gpio.s
   Uses
      At line 262 in file gpio.s
Comment: TIMER2_IMR_R used once
TIMER2_TAILR_R 40032028

Symbol: TIMER2_TAILR_R
   Definitions
      At line 69 in file gpio.s
   Uses
      At line 248 in file gpio.s
Comment: TIMER2_TAILR_R used once
TIMER2_TAMR_R 40032004

Symbol: TIMER2_TAMR_R
   Definitions
      At line 68 in file gpio.s
   Uses
      At line 243 in file gpio.s
Comment: TIMER2_TAMR_R used once
TIMER2_TAPR_R 40032038

Symbol: TIMER2_TAPR_R
   Definitions
      At line 70 in file gpio.s
   Uses
      At line 254 in file gpio.s
Comment: TIMER2_TAPR_R used once
54 symbols



ARM Macro Assembler    Page 1 Alphabetic symbol ordering
External symbols

inverte 00000000

Symbol: inverte
   Definitions
      At line 82 in file gpio.s
   Uses
      At line 329 in file gpio.s
Comment: inverte used once
1 symbol
401 symbols in table
