


ARM Macro Assembler    Page 1 


    1 00000000         ; main.s
    2 00000000         ; Desenvolvido para a placa EK-TM4C1294XL
    3 00000000         ; Prof. Guilherme Peron
    4 00000000         ; Rev1: 10/03/2018
    5 00000000         ; Rev2: 10/04/2019
    6 00000000         ; Este programa espera o usuário apertar a chave USR_SW1
                        e/ou a chave USR_SW2.
    7 00000000         ; Caso o usuário pressione a chave USR_SW1, acenderá o L
                       ED3 (PF4). Caso o usuário pressione 
    8 00000000         ; a chave USR_SW2, acenderá o LED4 (PF0). Caso as duas c
                       haves sejam pressionadas, os dois 
    9 00000000         ; LEDs acendem.
   10 00000000         
   11 00000000         ; ------------------------------------------------------
                       -------------------------
   12 00000000                 THUMB                        ; Instruções do tip
                                                            o Thumb-2
   13 00000000         ; ------------------------------------------------------
                       -------------------------
   14 00000000         ; Declarações EQU - Defines
   15 00000000         ;<NOME>         EQU <VALOR>
   16 00000000         ; ========================
   17 00000000         
   18 00000000         
   19 00000000         ; ------------------------------------------------------
                       -------------------------
   20 00000000         ; Área de Dados - Declarações de variáveis
   21 00000000                 AREA             DATA, ALIGN=2
   22 00000000         ; Se alguma variável for chamada em outro arquivo
   23 00000000         ;EXPORT  <var> [DATA,SIZE=<tam>]   ; Permite chamar a va
                       riável <var> a 
   24 00000000         ; partir de outro arquivo
   25 00000000         ;<var> SPACE <tam>                        ; Declara uma 
                       variável de nome <var>
   26 00000000         ; de <tam> bytes a partir da primeira 
   27 00000000         ; posição da RAM  
   28 00000000         
   29 00000000         ; ------------------------------------------------------
                       -------------------------
   30 00000000         ; Área de Código - Tudo abaixo da diretiva a seguir será
                        armazenado na memória de 
   31 00000000         ;                  código
   32 00000000                 AREA             |.text|, CODE, READONLY, ALIGN=
2
   33 00000000         
   34 00000000         ; Se alguma função do arquivo for chamada em outro arqui
                       vo 
   35 00000000                 EXPORT           Start       ; Permite chamar a 
                                                            função Start a part
                                                            ir de 
   36 00000000         ; outro arquivo. No caso startup.s
   37 00000000         
   38 00000000         ; Se chamar alguma função externa 
   39 00000000         ;IMPORT <func>              ; Permite chamar dentro dest
                       e arquivo uma 
   40 00000000         ; função <func>
   41 00000000                 IMPORT           GPIO_Init
   42 00000000                 IMPORT           PortF_Output
   43 00000000                 IMPORT           PortJ_Input



ARM Macro Assembler    Page 2 


   44 00000000                 IMPORT           PortN_Output
   45 00000000                 IMPORT           PLL_Init
   46 00000000                 IMPORT           SysTick_Init
   47 00000000                 IMPORT           SysTick_Wait1ms
   48 00000000         ; ------------------------------------------------------
                       -------------------------
   49 00000000         ; Função main()
   50 00000000         Start
   51 00000000 F7FF FFFE       BL               GPIO_Init   ;Chama a subrotina 
                                                            que inicializa os G
                                                            PIO
   52 00000004 F7FF FFFE       BL               PLL_Init    ;Chama a subrotina 
                                                            para alterar o cloc
                                                            k do microcontrolad
                                                            or para 80MHz
   53 00000008 F7FF FFFE       BL               SysTick_Init
   54 0000000C F04F 0400       MOV              R4,#0
   55 00000010 F04F 0500       MOV              R5,#0
   56 00000014 F04F 0600       MOV              R6,#0
   57 00000018 F04F 0700       MOV              R7,#0
   58 0000001C         MainLoop
   59 0000001C F000 F805       BL               Verifica_Chaves
   60 00000020 F000 F81E       BL               Acende_LEDS
   61 00000024 F000 F910       BL               Espera
   62 00000028 E7F8            B                MainLoop    ;Volta para o laço 
                                                            principal 
   63 0000002A         
   64 0000002A         
   65 0000002A         ; ------------------------------------------------------
                       -------------------------
   66 0000002A         ; Função que verifica chaves e muda operação e delay
   67 0000002A         Verifica_Chaves
   68 0000002A B500            PUSH             {LR}
   69 0000002C F7FF FFFE       BL               PortJ_Input
   70 00000030         
   71 00000030 2802            CMP              R0, #2_00000010 ;Verifica se so
                                                            mente a chave SW1 e
                                                            stá pressionada
   72 00000032 D104            BNE              Verifica_S2 ;Se o teste falhou,
                                                             pula
   73 00000034         
   74 00000034 2C00            CMP              R4,#0       ;Muda modo de Opera
                                                            ção
   75 00000036 BF0C            ITE              EQ
   76 00000038 2401            MOVEQ            R4,#1
   77 0000003A 2400            MOVNE            R4,#0
   78 0000003C E005            B                fim
   79 0000003E         Verifica_S2
   80 0000003E 2801            CMP              R0, #2_00000001 ;Muda delay
   81 00000040 D103            BNE              fim
   82 00000042 2F03            CMP              R7,#3
   83 00000044 BF14            ITE              NE
   84 00000046 3701            ADDNE            R7,#1
   85 00000048 2700            MOVEQ            R7,#0
   86 0000004A         fim
   87 0000004A F04F 0064       MOV              R0, #100    ;Chamar a rotina pa
                                                            ra esperar 0,1
   88 0000004E F7FF FFFE       BL               SysTick_Wait1ms
   89 00000052         nenhumaPressionada



ARM Macro Assembler    Page 3 


   90 00000052 F7FF FFFE       BL               PortJ_Input
   91 00000056 2803            CMP              R0, #2_11
   92 00000058 D1FB            BNE              nenhumaPressionada
   93 0000005A F85D EB04       POP              {LR}
   94 0000005E 4770            BX               LR
   95 00000060         
   96 00000060         
   97 00000060         ; ------------------------------------------------------
                       -------------------------
   98 00000060         ; Função que verifica modo de operação e acende os LEDs
   99 00000060         Acende_LEDS
  100 00000060 B500            PUSH             {LR}
  101 00000062         
  102 00000062 2C00            CMP              R4,#0       ;Verifica Modo
  103 00000064 D12F            BNE              counter     ;Pula pro contador
  104 00000066         
  105 00000066 2D00            CMP              R5,#0       ;Passeio do cavalei
                                                            ro
  106 00000068 D009            BEQ              LED1
  107 0000006A 2D01            CMP              R5,#1
  108 0000006C D010            BEQ              LED2
  109 0000006E 2D02            CMP              R5,#2
  110 00000070 D017            BEQ              LED3
  111 00000072 2D03            CMP              R5,#3
  112 00000074 D01E            BEQ              LED4
  113 00000076 2D04            CMP              R5,#4
  114 00000078 D013            BEQ              LED3
  115 0000007A 2D05            CMP              R5,#5
  116 0000007C D008            BEQ              LED2
  117 0000007E         LED1
  118 0000007E F04F 0002       MOV              R0, #2_10
  119 00000082 F7FF FFFE       BL               PortN_Output
  120 00000086 F04F 0000       MOV              R0, #2_0
  121 0000008A F7FF FFFE       BL               PortF_Output
  122 0000008E E0D4            B                fim3
  123 00000090         LED2
  124 00000090 F04F 0001       MOV              R0, #2_1
  125 00000094 F7FF FFFE       BL               PortN_Output
  126 00000098 F04F 0000       MOV              R0, #2_0
  127 0000009C F7FF FFFE       BL               PortF_Output
  128 000000A0 E0CB            B                fim3
  129 000000A2         LED3
  130 000000A2 F04F 0010       MOV              R0, #2_10000
  131 000000A6 F7FF FFFE       BL               PortF_Output
  132 000000AA F04F 0000       MOV              R0, #2_0
  133 000000AE F7FF FFFE       BL               PortN_Output
  134 000000B2 E0C2            B                fim3
  135 000000B4         LED4
  136 000000B4 F04F 0001       MOV              R0, #2_1
  137 000000B8 F7FF FFFE       BL               PortF_Output
  138 000000BC F04F 0000       MOV              R0, #2_0
  139 000000C0 F7FF FFFE       BL               PortN_Output
  140 000000C4 E0B9            B                fim3
  141 000000C6         
  142 000000C6         counter
  143 000000C6 2E00            CMP              R6,#0
  144 000000C8 D01F            BEQ              ZERO
  145 000000CA 2E01            CMP              R6,#1
  146 000000CC D024            BEQ              UM



ARM Macro Assembler    Page 4 


  147 000000CE 2E02            CMP              R6,#2
  148 000000D0 D02B            BEQ              DOIS
  149 000000D2 2E03            CMP              R6,#3
  150 000000D4 D032            BEQ              TRES
  151 000000D6 2E04            CMP              R6,#4
  152 000000D8 D039            BEQ              QUATRO
  153 000000DA 2E05            CMP              R6,#5
  154 000000DC D040            BEQ              CINCO
  155 000000DE 2E06            CMP              R6,#6
  156 000000E0 D047            BEQ              SEIS
  157 000000E2 2E07            CMP              R6,#7
  158 000000E4 D04E            BEQ              SETE
  159 000000E6 2E08            CMP              R6,#8
  160 000000E8 D055            BEQ              OITO
  161 000000EA 2E09            CMP              R6,#9
  162 000000EC D05C            BEQ              NOVE
  163 000000EE 2E0A            CMP              R6,#10
  164 000000F0 D063            BEQ              DEZ
  165 000000F2 2E0B            CMP              R6,#11
  166 000000F4 D06A            BEQ              ONZE
  167 000000F6 2E0C            CMP              R6,#12
  168 000000F8 D071            BEQ              DOZE
  169 000000FA 2E0D            CMP              R6,#13
  170 000000FC D078            BEQ              TREZE
  171 000000FE 2E0E            CMP              R6,#14
  172 00000100 D07F            BEQ              QUATORZE
  173 00000102 2E0F            CMP              R6,#15
  174 00000104 BF08 F000 
              F885             BLEQ             QUINZE
  175 0000010A         ZERO
  176 0000010A F04F 0000       MOV              R0, #2_0
  177 0000010E F7FF FFFE       BL               PortF_Output
  178 00000112 F7FF FFFE       BL               PortN_Output
  179 00000116 E089            B                fim2
  180 00000118         UM
  181 00000118 F04F 0001       MOV              R0, #2_1
  182 0000011C F7FF FFFE       BL               PortF_Output
  183 00000120 F04F 0000       MOV              R0, #2_0
  184 00000124 F7FF FFFE       BL               PortN_Output
  185 00000128 E080            B                fim2
  186 0000012A         DOIS
  187 0000012A F04F 0010       MOV              R0, #2_10000
  188 0000012E F7FF FFFE       BL               PortF_Output
  189 00000132 F04F 0000       MOV              R0, #2_0
  190 00000136 F7FF FFFE       BL               PortN_Output
  191 0000013A E077            B                fim2
  192 0000013C         TRES
  193 0000013C F04F 0011       MOV              R0, #2_10001
  194 00000140 F7FF FFFE       BL               PortF_Output
  195 00000144 F04F 0000       MOV              R0, #2_0
  196 00000148 F7FF FFFE       BL               PortN_Output
  197 0000014C E06E            B                fim2
  198 0000014E         QUATRO
  199 0000014E F04F 0000       MOV              R0, #2_0
  200 00000152 F7FF FFFE       BL               PortF_Output
  201 00000156 F04F 0001       MOV              R0, #2_01
  202 0000015A F7FF FFFE       BL               PortN_Output
  203 0000015E E065            B                fim2
  204 00000160         CINCO



ARM Macro Assembler    Page 5 


  205 00000160 F04F 0001       MOV              R0, #2_1
  206 00000164 F7FF FFFE       BL               PortF_Output
  207 00000168 F04F 0001       MOV              R0, #2_01
  208 0000016C F7FF FFFE       BL               PortN_Output
  209 00000170 E05C            B                fim2
  210 00000172         SEIS
  211 00000172 F04F 0010       MOV              R0, #2_10000
  212 00000176 F7FF FFFE       BL               PortF_Output
  213 0000017A F04F 0001       MOV              R0, #2_1
  214 0000017E F7FF FFFE       BL               PortN_Output
  215 00000182 E053            B                fim2
  216 00000184         SETE
  217 00000184 F04F 0011       MOV              R0, #2_10001
  218 00000188 F7FF FFFE       BL               PortF_Output
  219 0000018C F04F 0001       MOV              R0, #2_01
  220 00000190 F7FF FFFE       BL               PortN_Output
  221 00000194 E04A            B                fim2
  222 00000196         OITO
  223 00000196 F04F 0000       MOV              R0, #2_0
  224 0000019A F7FF FFFE       BL               PortF_Output
  225 0000019E F04F 0002       MOV              R0, #2_10
  226 000001A2 F7FF FFFE       BL               PortN_Output
  227 000001A6 E041            B                fim2
  228 000001A8         NOVE
  229 000001A8 F04F 0001       MOV              R0, #2_1
  230 000001AC F7FF FFFE       BL               PortF_Output
  231 000001B0 F04F 0002       MOV              R0, #2_10
  232 000001B4 F7FF FFFE       BL               PortN_Output
  233 000001B8 E038            B                fim2
  234 000001BA         DEZ
  235 000001BA F04F 0010       MOV              R0, #2_10000
  236 000001BE F7FF FFFE       BL               PortF_Output
  237 000001C2 F04F 0002       MOV              R0, #2_10
  238 000001C6 F7FF FFFE       BL               PortN_Output
  239 000001CA E02F            B                fim2
  240 000001CC         ONZE
  241 000001CC F04F 0011       MOV              R0, #2_10001
  242 000001D0 F7FF FFFE       BL               PortF_Output
  243 000001D4 F04F 0002       MOV              R0, #2_10
  244 000001D8 F7FF FFFE       BL               PortN_Output
  245 000001DC E026            B                fim2
  246 000001DE         DOZE
  247 000001DE F04F 0000       MOV              R0, #2_0
  248 000001E2 F7FF FFFE       BL               PortF_Output
  249 000001E6 F04F 0003       MOV              R0, #2_11
  250 000001EA F7FF FFFE       BL               PortN_Output
  251 000001EE E01D            B                fim2
  252 000001F0         TREZE
  253 000001F0 F04F 0001       MOV              R0, #2_1
  254 000001F4 F7FF FFFE       BL               PortF_Output
  255 000001F8 F04F 0003       MOV              R0, #2_11
  256 000001FC F7FF FFFE       BL               PortN_Output
  257 00000200 E014            B                fim2
  258 00000202         QUATORZE
  259 00000202 F04F 0010       MOV              R0, #2_10000
  260 00000206 F7FF FFFE       BL               PortF_Output
  261 0000020A F04F 0003       MOV              R0, #2_11
  262 0000020E F7FF FFFE       BL               PortN_Output
  263 00000212 E00B            B                fim2



ARM Macro Assembler    Page 6 


  264 00000214         QUINZE
  265 00000214 B500            PUSH             {LR}
  266 00000216 F04F 0011       MOV              R0, #2_10001
  267 0000021A F7FF FFFE       BL               PortF_Output
  268 0000021E F04F 0003       MOV              R0, #2_11
  269 00000222 F7FF FFFE       BL               PortN_Output
  270 00000226 F85D EB04       POP              {LR}
  271 0000022A E7FF            B                fim2
  272 0000022C         
  273 0000022C         fim2
  274 0000022C 2E0F            CMP              R6,#15
  275 0000022E BF0C            ITE              EQ
  276 00000230 2600            MOVEQ            R6,#0
  277 00000232 3601            ADDNE            R6,#1
  278 00000234 F85D EB04       POP              {LR}
  279 00000238 4770            BX               LR
  280 0000023A         
  281 0000023A         fim3
  282 0000023A 2D05            CMP              R5,#5
  283 0000023C BF0C            ITE              EQ
  284 0000023E 2500            MOVEQ            R5,#0
  285 00000240 3501            ADDNE            R5,#1
  286 00000242 F85D EB04       POP              {LR}
  287 00000246 4770            BX               LR
  288 00000248         
  289 00000248         ; ------------------------------------------------------
                       -------------------------
  290 00000248         ; Função de Espera
  291 00000248         Espera
  292 00000248 B500            PUSH             {LR}
  293 0000024A 2F00            CMP              R7,#0       ;Verifica a velocid
                                                            ade  e pula
  294 0000024C D003            BEQ              t1
  295 0000024E 2F01            CMP              R7,#1
  296 00000250 D006            BEQ              t2
  297 00000252 2F02            CMP              R7,#2
  298 00000254 D009            BEQ              t3
  299 00000256         t1
  300 00000256 F44F 707A       MOV              R0, #1000   ;Chamar a rotina pa
                                                            ra esperar 1s
  301 0000025A F7FF FFFE       BL               SysTick_Wait1ms
  302 0000025E E008            B                final
  303 00000260         t2
  304 00000260 F44F 70FA       MOV              R0, #500    ;Chamar a rotina pa
                                                            ra esperar 0,5s
  305 00000264 F7FF FFFE       BL               SysTick_Wait1ms
  306 00000268 E003            B                final
  307 0000026A         t3
  308 0000026A F04F 00C8       MOV              R0, #200    ;Chamar a rotina pa
                                                            ra esperar 0,2s
  309 0000026E F7FF FFFE       BL               SysTick_Wait1ms
  310 00000272         final
  311 00000272 F85D EB04       POP              {LR}
  312 00000276 4770            BX               LR
  313 00000278         
  314 00000278         
  315 00000278                 ALIGN                        ;Garante que o fim 
                                                            da seção está alinh
                                                            ada 



ARM Macro Assembler    Page 7 


  316 00000278                 END                          ;Fim do arquivo
Command Line: --debug --xref --diag_suppress=9931 --cpu=Cortex-M4.fp.sp --apcs=
interwork --depend=.\objects\main.d -o.\objects\main.o -IC:\Users\Raissa\AppDat
a\Local\Arm\Packs\Keil\TM4C_DFP\1.1.0\Device\Include\TM4C129 --predefine="__EVA
L SETA 1" --predefine="__UVISION_VERSION SETA 534" --predefine="TM4C1294NCPDT S
ETA 1" --list=.\listings\main.lst main.s



ARM Macro Assembler    Page 1 Alphabetic symbol ordering
Relocatable symbols

DATA 00000000

Symbol: DATA
   Definitions
      At line 21 in file main.s
   Uses
      None
Comment: DATA unused
1 symbol



ARM Macro Assembler    Page 1 Alphabetic symbol ordering
Relocatable symbols

.text 00000000

Symbol: .text
   Definitions
      At line 32 in file main.s
   Uses
      None
Comment: .text unused
Acende_LEDS 00000060

Symbol: Acende_LEDS
   Definitions
      At line 99 in file main.s
   Uses
      At line 60 in file main.s
Comment: Acende_LEDS used once
CINCO 00000160

Symbol: CINCO
   Definitions
      At line 204 in file main.s
   Uses
      At line 154 in file main.s
Comment: CINCO used once
DEZ 000001BA

Symbol: DEZ
   Definitions
      At line 234 in file main.s
   Uses
      At line 164 in file main.s
Comment: DEZ used once
DOIS 0000012A

Symbol: DOIS
   Definitions
      At line 186 in file main.s
   Uses
      At line 148 in file main.s
Comment: DOIS used once
DOZE 000001DE

Symbol: DOZE
   Definitions
      At line 246 in file main.s
   Uses
      At line 168 in file main.s
Comment: DOZE used once
Espera 00000248

Symbol: Espera
   Definitions
      At line 291 in file main.s
   Uses
      At line 61 in file main.s
Comment: Espera used once
LED1 0000007E

Symbol: LED1



ARM Macro Assembler    Page 2 Alphabetic symbol ordering
Relocatable symbols

   Definitions
      At line 117 in file main.s
   Uses
      At line 106 in file main.s
Comment: LED1 used once
LED2 00000090

Symbol: LED2
   Definitions
      At line 123 in file main.s
   Uses
      At line 108 in file main.s
      At line 116 in file main.s

LED3 000000A2

Symbol: LED3
   Definitions
      At line 129 in file main.s
   Uses
      At line 110 in file main.s
      At line 114 in file main.s

LED4 000000B4

Symbol: LED4
   Definitions
      At line 135 in file main.s
   Uses
      At line 112 in file main.s
Comment: LED4 used once
MainLoop 0000001C

Symbol: MainLoop
   Definitions
      At line 58 in file main.s
   Uses
      At line 62 in file main.s
Comment: MainLoop used once
NOVE 000001A8

Symbol: NOVE
   Definitions
      At line 228 in file main.s
   Uses
      At line 162 in file main.s
Comment: NOVE used once
OITO 00000196

Symbol: OITO
   Definitions
      At line 222 in file main.s
   Uses
      At line 160 in file main.s
Comment: OITO used once
ONZE 000001CC

Symbol: ONZE
   Definitions



ARM Macro Assembler    Page 3 Alphabetic symbol ordering
Relocatable symbols

      At line 240 in file main.s
   Uses
      At line 166 in file main.s
Comment: ONZE used once
QUATORZE 00000202

Symbol: QUATORZE
   Definitions
      At line 258 in file main.s
   Uses
      At line 172 in file main.s
Comment: QUATORZE used once
QUATRO 0000014E

Symbol: QUATRO
   Definitions
      At line 198 in file main.s
   Uses
      At line 152 in file main.s
Comment: QUATRO used once
QUINZE 00000214

Symbol: QUINZE
   Definitions
      At line 264 in file main.s
   Uses
      At line 174 in file main.s
Comment: QUINZE used once
SEIS 00000172

Symbol: SEIS
   Definitions
      At line 210 in file main.s
   Uses
      At line 156 in file main.s
Comment: SEIS used once
SETE 00000184

Symbol: SETE
   Definitions
      At line 216 in file main.s
   Uses
      At line 158 in file main.s
Comment: SETE used once
Start 00000000

Symbol: Start
   Definitions
      At line 50 in file main.s
   Uses
      At line 35 in file main.s
Comment: Start used once
TRES 0000013C

Symbol: TRES
   Definitions
      At line 192 in file main.s
   Uses
      At line 150 in file main.s



ARM Macro Assembler    Page 4 Alphabetic symbol ordering
Relocatable symbols

Comment: TRES used once
TREZE 000001F0

Symbol: TREZE
   Definitions
      At line 252 in file main.s
   Uses
      At line 170 in file main.s
Comment: TREZE used once
UM 00000118

Symbol: UM
   Definitions
      At line 180 in file main.s
   Uses
      At line 146 in file main.s
Comment: UM used once
Verifica_Chaves 0000002A

Symbol: Verifica_Chaves
   Definitions
      At line 67 in file main.s
   Uses
      At line 59 in file main.s
Comment: Verifica_Chaves used once
Verifica_S2 0000003E

Symbol: Verifica_S2
   Definitions
      At line 79 in file main.s
   Uses
      At line 72 in file main.s
Comment: Verifica_S2 used once
ZERO 0000010A

Symbol: ZERO
   Definitions
      At line 175 in file main.s
   Uses
      At line 144 in file main.s
Comment: ZERO used once
counter 000000C6

Symbol: counter
   Definitions
      At line 142 in file main.s
   Uses
      At line 103 in file main.s
Comment: counter used once
fim 0000004A

Symbol: fim
   Definitions
      At line 86 in file main.s
   Uses
      At line 78 in file main.s
      At line 81 in file main.s

fim2 0000022C



ARM Macro Assembler    Page 5 Alphabetic symbol ordering
Relocatable symbols


Symbol: fim2
   Definitions
      At line 273 in file main.s
   Uses
      At line 179 in file main.s
      At line 185 in file main.s
      At line 191 in file main.s
      At line 197 in file main.s
      At line 203 in file main.s
      At line 209 in file main.s
      At line 215 in file main.s
      At line 221 in file main.s
      At line 227 in file main.s
      At line 233 in file main.s
      At line 239 in file main.s
      At line 245 in file main.s
      At line 251 in file main.s
      At line 257 in file main.s
      At line 263 in file main.s
      At line 271 in file main.s

fim3 0000023A

Symbol: fim3
   Definitions
      At line 281 in file main.s
   Uses
      At line 122 in file main.s
      At line 128 in file main.s
      At line 134 in file main.s
      At line 140 in file main.s

final 00000272

Symbol: final
   Definitions
      At line 310 in file main.s
   Uses
      At line 302 in file main.s
      At line 306 in file main.s

nenhumaPressionada 00000052

Symbol: nenhumaPressionada
   Definitions
      At line 89 in file main.s
   Uses
      At line 92 in file main.s
Comment: nenhumaPressionada used once
t1 00000256

Symbol: t1
   Definitions
      At line 299 in file main.s
   Uses
      At line 294 in file main.s
Comment: t1 used once
t2 00000260



ARM Macro Assembler    Page 6 Alphabetic symbol ordering
Relocatable symbols


Symbol: t2
   Definitions
      At line 303 in file main.s
   Uses
      At line 296 in file main.s
Comment: t2 used once
t3 0000026A

Symbol: t3
   Definitions
      At line 307 in file main.s
   Uses
      At line 298 in file main.s
Comment: t3 used once
36 symbols



ARM Macro Assembler    Page 1 Alphabetic symbol ordering
External symbols

GPIO_Init 00000000

Symbol: GPIO_Init
   Definitions
      At line 41 in file main.s
   Uses
      At line 51 in file main.s
Comment: GPIO_Init used once
PLL_Init 00000000

Symbol: PLL_Init
   Definitions
      At line 45 in file main.s
   Uses
      At line 52 in file main.s
Comment: PLL_Init used once
PortF_Output 00000000

Symbol: PortF_Output
   Definitions
      At line 42 in file main.s
   Uses
      At line 121 in file main.s
      At line 127 in file main.s
      At line 131 in file main.s
      At line 137 in file main.s
      At line 177 in file main.s
      At line 182 in file main.s
      At line 188 in file main.s
      At line 194 in file main.s
      At line 200 in file main.s
      At line 206 in file main.s
      At line 212 in file main.s
      At line 218 in file main.s
      At line 224 in file main.s
      At line 230 in file main.s
      At line 236 in file main.s
      At line 242 in file main.s
      At line 248 in file main.s
      At line 254 in file main.s
      At line 260 in file main.s
      At line 267 in file main.s

PortJ_Input 00000000

Symbol: PortJ_Input
   Definitions
      At line 43 in file main.s
   Uses
      At line 69 in file main.s
      At line 90 in file main.s

PortN_Output 00000000

Symbol: PortN_Output
   Definitions
      At line 44 in file main.s
   Uses
      At line 119 in file main.s



ARM Macro Assembler    Page 2 Alphabetic symbol ordering
External symbols

      At line 125 in file main.s
      At line 133 in file main.s
      At line 139 in file main.s
      At line 178 in file main.s
      At line 184 in file main.s
      At line 190 in file main.s
      At line 196 in file main.s
      At line 202 in file main.s
      At line 208 in file main.s
      At line 214 in file main.s
      At line 220 in file main.s
      At line 226 in file main.s
      At line 232 in file main.s
      At line 238 in file main.s
      At line 244 in file main.s
      At line 250 in file main.s
      At line 256 in file main.s
      At line 262 in file main.s
      At line 269 in file main.s

SysTick_Init 00000000

Symbol: SysTick_Init
   Definitions
      At line 46 in file main.s
   Uses
      At line 53 in file main.s
Comment: SysTick_Init used once
SysTick_Wait1ms 00000000

Symbol: SysTick_Wait1ms
   Definitions
      At line 47 in file main.s
   Uses
      At line 88 in file main.s
      At line 301 in file main.s
      At line 305 in file main.s
      At line 309 in file main.s

7 symbols
378 symbols in table
