


ARM Macro Assembler    Page 1 


    1 00000000         ; gpio.s
    2 00000000         ; Desenvolvido para a placa EK-TM4C1294XL
    3 00000000         ; Prof. Guilherme Peron
    4 00000000         ; 19/03/2018
    5 00000000         
    6 00000000         ; ------------------------------------------------------
                       -------------------------
    7 00000000                 THUMB                        ; Instruções do tip
                                                            o Thumb-2
    8 00000000         ; ------------------------------------------------------
                       -------------------------
    9 00000000         ; Declarações EQU - Defines
   10 00000000         ; ========================
   11 00000000         ; Definições dos Registradores Gerais
   12 00000000 400FE608 
                       SYSCTL_RCGCGPIO_R
                               EQU              0x400FE608
   13 00000000 400FEA08 
                       SYSCTL_PRGPIO_R
                               EQU              0x400FEA08
   14 00000000         ; ========================
   15 00000000         ; Definições dos Ports
   16 00000000         ; PORT J
   17 00000000 40060520 
                       GPIO_PORTJ_AHB_LOCK_R
                               EQU              0x40060520
   18 00000000 40060524 
                       GPIO_PORTJ_AHB_CR_R
                               EQU              0x40060524
   19 00000000 40060528 
                       GPIO_PORTJ_AHB_AMSEL_R
                               EQU              0x40060528
   20 00000000 4006052C 
                       GPIO_PORTJ_AHB_PCTL_R
                               EQU              0x4006052C
   21 00000000 40060400 
                       GPIO_PORTJ_AHB_DIR_R
                               EQU              0x40060400
   22 00000000 40060420 
                       GPIO_PORTJ_AHB_AFSEL_R
                               EQU              0x40060420
   23 00000000 4006051C 
                       GPIO_PORTJ_AHB_DEN_R
                               EQU              0x4006051C
   24 00000000 40060510 
                       GPIO_PORTJ_AHB_PUR_R
                               EQU              0x40060510
   25 00000000 400603FC 
                       GPIO_PORTJ_AHB_DATA_R
                               EQU              0x400603FC
   26 00000000 00000100 
                       GPIO_PORTJ
                               EQU              2_000000100000000
   27 00000000         ; PORT F
   28 00000000 4005D520 
                       GPIO_PORTF_AHB_LOCK_R
                               EQU              0x4005D520
   29 00000000 4005D524 
                       GPIO_PORTF_AHB_CR_R



ARM Macro Assembler    Page 2 


                               EQU              0x4005D524
   30 00000000 4005D528 
                       GPIO_PORTF_AHB_AMSEL_R
                               EQU              0x4005D528
   31 00000000 4005D52C 
                       GPIO_PORTF_AHB_PCTL_R
                               EQU              0x4005D52C
   32 00000000 4005D400 
                       GPIO_PORTF_AHB_DIR_R
                               EQU              0x4005D400
   33 00000000 4005D420 
                       GPIO_PORTF_AHB_AFSEL_R
                               EQU              0x4005D420
   34 00000000 4005D51C 
                       GPIO_PORTF_AHB_DEN_R
                               EQU              0x4005D51C
   35 00000000 4005D510 
                       GPIO_PORTF_AHB_PUR_R
                               EQU              0x4005D510
   36 00000000 4005D3FC 
                       GPIO_PORTF_AHB_DATA_R
                               EQU              0x4005D3FC
   37 00000000 00000020 
                       GPIO_PORTF
                               EQU              2_000000000100000
   38 00000000         ; PORT N
   39 00000000 40064520 
                       GPIO_PORTN_LOCK_R
                               EQU              0x40064520
   40 00000000 40064524 
                       GPIO_PORTN_CR_R
                               EQU              0x40064524
   41 00000000 40064528 
                       GPIO_PORTN_AMSEL_R
                               EQU              0x40064528
   42 00000000 4006452C 
                       GPIO_PORTN_PCTL_R
                               EQU              0x4006452C
   43 00000000 40064400 
                       GPIO_PORTN_DIR_R
                               EQU              0x40064400
   44 00000000 40064420 
                       GPIO_PORTN_AFSEL_R
                               EQU              0x40064420
   45 00000000 4006451C 
                       GPIO_PORTN_DEN_R
                               EQU              0x4006451C
   46 00000000 40064510 
                       GPIO_PORTN_PUR_R
                               EQU              0x40064510
   47 00000000 400643FC 
                       GPIO_PORTN_DATA_R
                               EQU              0x400643FC
   48 00000000 40064000 
                       GPIO_PORTN_DATA_BITS_R
                               EQU              0x40064000
   49 00000000 00001000 
                       GPIO_PORTN
                               EQU              2_001000000000000



ARM Macro Assembler    Page 3 


   50 00000000         
   51 00000000         
   52 00000000 40060410 
                       GPIO_PORTJ_AHB_IM_R
                               EQU              0x40060410
   53 00000000 40060404 
                       GPIO_PORTJ_AHB_IS_R
                               EQU              0x40060404
   54 00000000 40060408 
                       GPIO_PORTJ_AHB_IBE_R
                               EQU              0x40060408
   55 00000000 4006040C 
                       GPIO_PORTJ_AHB_IEV_R
                               EQU              0x4006040C
   56 00000000 4006041C 
                       GPIO_PORTJ_AHB_ICR_R
                               EQU              0x4006041C
   57 00000000 40060414 
                       GPIO_PORTJ_AHB_RIS_R
                               EQU              0x40060414
   58 00000000 E000E104 
                       NVIC_EN1_R
                               EQU              0xE000E104
   59 00000000 E000E430 
                       NVIC_PRI12_R
                               EQU              0xE000E430
   60 00000000         
   61 00000000 00000001 
                       BIT0    EQU              2_0001
   62 00000000 00000002 
                       BIT1    EQU              2_0010
   63 00000000         
   64 00000000         
   65 00000000 40032024 
                       TIMER2_ICR_R
                               EQU              0x40032024
   66 00000000 4003200C 
                       TIMER2_CTL_R
                               EQU              0x4003200C
   67 00000000 40032000 
                       TIMER2_CFG_R
                               EQU              0x40032000
   68 00000000 40032004 
                       TIMER2_TAMR_R
                               EQU              0x40032004
   69 00000000 40032028 
                       TIMER2_TAILR_R
                               EQU              0x40032028
   70 00000000 40032038 
                       TIMER2_TAPR_R
                               EQU              0x40032038
   71 00000000 40032018 
                       TIMER2_IMR_R
                               EQU              0x40032018
   72 00000000         
   73 00000000 400FE604 
                       SYSCTL_RCGCTIMER_R
                               EQU              0x400FE604
   74 00000000 400FEA04 



ARM Macro Assembler    Page 4 


                       SYSCTL_PRTIMER_R
                               EQU              0x400FEA04
   75 00000000         
   76 00000000 E000E414 
                       NVIC_PRI5_R
                               EQU              0xE000E414
   77 00000000 E000E100 
                       NVIC_EN0_R
                               EQU              0xE000E100
   78 00000000         
   79 00000000 400FE618 
                       SYSCTL_RCGCUART_R
                               EQU              0x400FE618
   80 00000000 400FEA18 
                       SYSCTL_PRUART_R
                               EQU              0x400FEA18
   81 00000000         
   82 00000000         
   83 00000000 4000C030 
                       UART0_CTL_R
                               EQU              0x4000C030
   84 00000000 4000C024 
                       UART0_IBRD_R
                               EQU              0x4000C024
   85 00000000 4000C028 
                       UART0_FBRD_R
                               EQU              0x4000C028
   86 00000000 4000C02C 
                       UART0_LCRH_R
                               EQU              0x4000C02C
   87 00000000 4000CFC8 
                       UART0_CC_R
                               EQU              0x4000CFC8
   88 00000000         
   89 00000000 00000001 
                       GPIO_PORTA
                               EQU              2_1
   90 00000000 40058528 
                       GPIO_PORTA_AHB_AMSEL_R
                               EQU              0x40058528
   91 00000000 4005852C 
                       GPIO_PORTA_AHB_PCTL_R
                               EQU              0x4005852C
   92 00000000 40058420 
                       GPIO_PORTA_AHB_AFSEL_R
                               EQU              0x40058420
   93 00000000 4005851C 
                       GPIO_PORTA_AHB_DEN_R
                               EQU              0x4005851C
   94 00000000         ; ------------------------------------------------------
                       -------------------------
   95 00000000         ; Área de Código - Tudo abaixo da diretiva a seguir será
                        armazenado na memória de 
   96 00000000         ;                  código
   97 00000000                 PRESERVE8
   98 00000000         ;IMPORT inverte
   99 00000000         
  100 00000000                 AREA             DATA,ALIGN=2
  101 00000000                 EXPORT           INICIAR [DATA,SIZE=4]



ARM Macro Assembler    Page 5 


  102 00000000 00 00 00 
              00       INICIAR SPACE            4
  103 00000004         
  104 00000004                 AREA             |.text|, CODE, READONLY, ALIGN=
2
  105 00000000         
  106 00000000         ; Se alguma função do arquivo for chamada em outro arqui
                       vo 
  107 00000000                 EXPORT           GPIO_Init   ; Permite chamar GP
                                                            IO_Init de outro ar
                                                            quivo
  108 00000000                 EXPORT           PortF_Output ; Permite chamar P
                                                            ortN_Output de outr
                                                            o arquivo
  109 00000000         ;EXPORT PortJ_Input          ; Permite chamar PortJ_Inpu
                       t de outro arquivo
  110 00000000                 EXPORT           PortN_Output
  111 00000000                 EXPORT           GPIOPortJ_Handler
  112 00000000         ;EXPORT Timer2A_Handler
  113 00000000         
  114 00000000         
  115 00000000         ;-------------------------------------------------------
                       -------------------------
  116 00000000         ; Função GPIO_Init
  117 00000000         ; Parâmetro de entrada: Não tem
  118 00000000         ; Parâmetro de saída: Não tem
  119 00000000         GPIO_Init
  120 00000000         ;=====================
  121 00000000         ; 1. Ativar o clock para a porta setando o bit correspon
                       dente no registrador RCGCGPIO,
  122 00000000         ; após isso verificar no PRGPIO se a porta está pronta p
                       ara uso.
  123 00000000         ; enable clock to GPIOF at clock gating register
  124 00000000 4882            LDR              R0, =SYSCTL_RCGCGPIO_R ;Carrega
                                                             o endereço do regi
                                                            strador RCGCGPIO
  125 00000002 F04F 0120       MOV              R1, #GPIO_PORTF ;Seta o bit da 
                                                            porta F
  126 00000006 F441 7180       ORR              R1, #GPIO_PORTJ ;Seta o bit da 
                                                            porta J, fazendo co
                                                            m OR
  127 0000000A F041 0101       ORR              R1, #GPIO_PORTA
  128 0000000E         
  129 0000000E         
  130 0000000E F441 5180       ORR              R1, #GPIO_PORTN
  131 00000012         
  132 00000012 6001            STR              R1, [R0]    ;Move para a memóri
                                                            a os bits das porta
                                                            s no endereço do RC
                                                            GCGPIO
  133 00000014         
  134 00000014 487E            LDR              R0, =SYSCTL_PRGPIO_R ;Carrega o
                                                             endereço do PRGPIO
                                                             para esperar os GP
                                                            IO ficarem prontos
  135 00000016 6801    EsperaGPIO
                               LDR              R1, [R0]    ;Lê da memória o co
                                                            nteúdo do endereço 
                                                            do registrador



ARM Macro Assembler    Page 6 


  136 00000018 F04F 0220       MOV              R2, #GPIO_PORTF ;Seta os bits c
                                                            orrespondentes às p
                                                            ortas para fazer a 
                                                            comparação
  137 0000001C F442 7280       ORR              R2, #GPIO_PORTJ ;Seta o bit da 
                                                            porta J, fazendo co
                                                            m OR
  138 00000020 F042 0201       ORR              R2, #GPIO_PORTA ;r1
  139 00000024         
  140 00000024 F442 5280       ORR              R2, #GPIO_PORTN ;;r1
  141 00000028 4211            TST              R1, R2      ;ANDS de R1 com R2
  142 0000002A D0F4            BEQ              EsperaGPIO  ;Se o flag Z=1, vol
                                                            ta para o laço. Sen
                                                            ão continua executa
                                                            ndo
  143 0000002C         
  144 0000002C         ; 2. Limpar o AMSEL para desabilitar a analógica
  145 0000002C F04F 0100       MOV              R1, #0x00   ;Colocar 0 no regis
                                                            trador para desabil
                                                            itar a função analó
                                                            gica
  146 00000030 4878            LDR              R0, =GPIO_PORTJ_AHB_AMSEL_R ;Ca
                                                            rrega o R0 com o en
                                                            dereço do AMSEL par
                                                            a a porta J
  147 00000032 6001            STR              R1, [R0]    ;Guarda no registra
                                                            dor AMSEL da porta 
                                                            J da memória
  148 00000034 4878            LDR              R0, =GPIO_PORTF_AHB_AMSEL_R ;Ca
                                                            rrega o R0 com o en
                                                            dereço do AMSEL par
                                                            a a porta F
  149 00000036 6001            STR              R1, [R0]    ;Guarda no registra
                                                            dor AMSEL da porta 
                                                            F da memória
  150 00000038 4878            LDR              R0, =GPIO_PORTA_AHB_AMSEL_R ;Ca
                                                            rrega o R0 com o en
                                                            dereço do AMSEL par
                                                            a a porta N
  151 0000003A 6001            STR              R1, [R0]    ;Guarda no registra
                                                            dor AMSEL da porta 
                                                            N da memória
  152 0000003C         
  153 0000003C 4878            LDR              R0, =GPIO_PORTN_AMSEL_R ;Carreg
                                                            a o R0 com o endere
                                                            ço do AMSEL para a 
                                                            porta N
  154 0000003E 6001            STR              R1, [R0]    ;Guarda no registra
                                                            dor AMSEL da porta 
                                                            N da memória
  155 00000040         
  156 00000040         
  157 00000040         ; 3. Limpar PCTL para selecionar o GPIO
  158 00000040 F04F 0100       MOV              R1, #0x00   ;Colocar 0 no regis
                                                            trador para selecio
                                                            nar o modo GPIO
  159 00000044 4877            LDR              R0, =GPIO_PORTJ_AHB_PCTL_R ;Car
                                                            rega o R0 com o end
                                                            ereço do PCTL para 



ARM Macro Assembler    Page 7 


                                                            a porta J
  160 00000046 6001            STR              R1, [R0]    ;Guarda no registra
                                                            dor PCTL da porta J
                                                             da memória
  161 00000048 4877            LDR              R0, =GPIO_PORTF_AHB_PCTL_R ;Car
                                                            rega o R0 com o end
                                                            ereço do PCTL para 
                                                            a porta F
  162 0000004A 6001            STR              R1, [R0]    ;Guarda no registra
                                                            dor PCTL da porta F
                                                             da memória
  163 0000004C F04F 0111       MOV              R1, #0x11
  164 00000050 4876            LDR              R0, =GPIO_PORTA_AHB_PCTL_R ;Car
                                                            rega o R0 com o end
                                                            ereço do PCTL para 
                                                            a porta N
  165 00000052 6001            STR              R1, [R0]    ;Guarda no registra
                                                            dor PCTL da porta N
                                                             da memória
  166 00000054         
  167 00000054         
  168 00000054 4876            LDR              R0, =GPIO_PORTN_PCTL_R ;Carrega
                                                             o R0 com o endereç
                                                            o do PCTL para a po
                                                            rta N
  169 00000056 6001            STR              R1, [R0]    ;Guarda no registra
                                                            dor PCTL da porta N
                                                             da memória
  170 00000058         
  171 00000058         ; 4. DIR para 0 se for entrada, 1 se for saída
  172 00000058 4876            LDR              R0, =GPIO_PORTF_AHB_DIR_R ;Carr
                                                            ega o R0 com o ende
                                                            reço do DIR para a 
                                                            porta F
  173 0000005A F04F 0111       MOV              R1, #2_00010001 ;#2_00010001   
                                                              ;PF4 & PF0 para L
                                                            ED
  174 0000005E 6001            STR              R1, [R0]    ;Guarda no registra
                                                            dor
  175 00000060         ; O certo era verificar os outros bits da PF para não tr
                       ansformar entradas em saídas desnecessárias
  176 00000060 4875            LDR              R0, =GPIO_PORTJ_AHB_DIR_R ;Carr
                                                            ega o R0 com o ende
                                                            reço do DIR para a 
                                                            porta J
  177 00000062 F04F 0100       MOV              R1, #0x00   ;Colocar 0 no regis
                                                            trador DIR para fun
                                                            cionar com saída
  178 00000066 6001            STR              R1, [R0]    ;Guarda no registra
                                                            dor PCTL da porta J
                                                             da memória
  179 00000068 6001            STR              R1, [R0]    ;Guarda no registra
                                                            dor
  180 0000006A         
  181 0000006A 4874            LDR              R0, =GPIO_PORTN_DIR_R ;Carrega 
                                                            o R0 com o endereço
                                                             do DIR para a port
                                                            a N
  182 0000006C F04F 0103       MOV              R1, #2_0011 ;#2_0010     ;PN1



ARM Macro Assembler    Page 8 


  183 00000070 6001            STR              R1, [R0]    ;Guarda no registra
                                                            dor
  184 00000072         
  185 00000072         ; 5. Limpar os bits AFSEL para 0 para selecionar GPIO 
  186 00000072         ;    Sem função alternativa
  187 00000072 F04F 0100       MOV              R1, #0x00   ;Colocar o valor 0 
                                                            para não setar funç
                                                            ão alternativa
  188 00000076 4872            LDR              R0, =GPIO_PORTF_AHB_AFSEL_R ;Ca
                                                            rrega o endereço do
                                                             AFSEL da porta F
  189 00000078 6001            STR              R1, [R0]    ;Escreve na porta
  190 0000007A 4872            LDR              R0, =GPIO_PORTJ_AHB_AFSEL_R ;Ca
                                                            rrega o endereço do
                                                             AFSEL da porta J
  191 0000007C 6001            STR              R1, [R0]    ;Escreve na porta
  192 0000007E         
  193 0000007E 4872            LDR              R0, =GPIO_PORTN_AFSEL_R ;Carreg
                                                            a o endereço do AFS
                                                            EL da porta N
  194 00000080 6001            STR              R1, [R0]    ;Escreve na porta
  195 00000082         
  196 00000082 F04F 0103       MOV              R1, #0x3
  197 00000086 4871            LDR              R0, =GPIO_PORTA_AHB_AFSEL_R ;Ca
                                                            rrega o endereço do
                                                             AFSEL da porta N
  198 00000088 6001            STR              R1, [R0]    ;Escreve na porta
  199 0000008A         
  200 0000008A         ; 6. Setar os bits de DEN para habilitar I/O digital
  201 0000008A 4871            LDR              R0, =GPIO_PORTF_AHB_DEN_R ;Carr
                                                            ega o endereço do D
                                                            EN
  202 0000008C F04F 0111       MOV              R1, #2_0010001 ;#2_00010001    
                                                                            ;At
                                                            iva os pinos PF0 e 
                                                            PF4 como I/O Digita
                                                            l
  203 00000090 6001            STR              R1, [R0]    ;Escreve no registr
                                                            ador da memória fun
                                                            cionalidade digital
                                                             
  204 00000092         
  205 00000092 4870            LDR              R0, =GPIO_PORTJ_AHB_DEN_R ;Carr
                                                            ega o endereço do D
                                                            EN
  206 00000094 F04F 0103       MOV              R1, #2_00000011 ;Ativa os pinos
                                                             PJ0 e PJ1 como I/O
                                                             Digital      
  207 00000098 6001            STR              R1, [R0]    ;Escreve no registr
                                                            ador da memória fun
                                                            cionalidade digital
                                                            
  208 0000009A         
  209 0000009A 486F            LDR              R0, =GPIO_PORTA_AHB_DEN_R ;Carr
                                                            ega o endereço do D
                                                            EN
  210 0000009C F04F 0103       MOV              R1, #2_00000011
  211 000000A0 6001            STR              R1, [R0]    ;Escreve no registr
                                                            ador da memória fun



ARM Macro Assembler    Page 9 


                                                            cionalidade digital
                                                             
  212 000000A2         
  213 000000A2 486E            LDR              R0, =GPIO_PORTN_DEN_R ;Carrega 
                                                            o endereço do DEN
  214 000000A4 F04F 0103       MOV              R1, #2_00000011 ; #2_00000010  
                                                                               
                                                            ;N1
  215 000000A8 6001            STR              R1, [R0]    ;Escreve no registr
                                                            ador da memória fun
                                                            cionalidade digital
                                                             
  216 000000AA         
  217 000000AA         ; 7. Para habilitar resistor de pull-up interno, setar P
                       UR para 1
  218 000000AA 486D            LDR              R0, =GPIO_PORTJ_AHB_PUR_R ;Carr
                                                            ega o endereço do P
                                                            UR para a porta J
  219 000000AC F04F 0103       MOV              R1, #2_00000011 ;Habilitar func
                                                            ionalidade digital 
                                                            de resistor de pull
                                                            -up 
  220 000000B0         ;nos bits 0 e 1
  221 000000B0 6001            STR              R1, [R0]    ;Escreve no registr
                                                            ador da memória do 
                                                            resistor de pull-up
                                                            
  222 000000B2         
  223 000000B2         ; 8. Desabilita a interrup no IM
  224 000000B2         
  225 000000B2 486C            LDR              R0,=GPIO_PORTJ_AHB_IM_R
  226 000000B4 F04F 0100       MOV              R1,#2_00
  227 000000B8 6001            STR              R1,[R0]
  228 000000BA         ;9. Config. tipo interrup IS
  229 000000BA         
  230 000000BA 486B            LDR              R0,=GPIO_PORTJ_AHB_IS_R
  231 000000BC F04F 0100       MOV              R1,#2_00
  232 000000C0 6001            STR              R1,[R0]
  233 000000C2         ;10. Config Borda IBE 
  234 000000C2 486A            LDR              R0,=GPIO_PORTJ_AHB_IBE_R
  235 000000C4 F04F 0100       MOV              R1,#2_00
  236 000000C8 6001            STR              R1,[R0]
  237 000000CA         ;11. Config IEV
  238 000000CA 4869            LDR              R0,=GPIO_PORTJ_AHB_IEV_R
  239 000000CC F04F 0102       MOV              R1,#2_10
  240 000000D0 6001            STR              R1,[R0]
  241 000000D2         ;12. Config ICR
  242 000000D2 4868            LDR              R0,=GPIO_PORTJ_AHB_ICR_R
  243 000000D4 F04F 0103       MOV              R1,#2_11
  244 000000D8 6001            STR              R1,[R0]
  245 000000DA         
  246 000000DA         ;;teste  
  247 000000DA         ;LDR R0,=GPIO_PORTJ_AHB_RIS_R
  248 000000DA         ;MOV R1,#2_00
  249 000000DA         ;STR R1,[R0]
  250 000000DA         
  251 000000DA         ;13.Habilita interrup no IM
  252 000000DA 4862            LDR              R0,=GPIO_PORTJ_AHB_IM_R
  253 000000DC F04F 0103       MOV              R1,#2_11



ARM Macro Assembler    Page 10 


  254 000000E0 6001            STR              R1,[R0]
  255 000000E2         ;    
  256 000000E2         ;14. Setar prioridade NVIC
  257 000000E2         
  258 000000E2 4865            LDR              R0,=NVIC_PRI12_R
  259 000000E4 F04F 0106       MOV              R1,#6
  260 000000E8 EA4F 7141       LSL              R1,R1,#29
  261 000000EC 6001            STR              R1,[R0]
  262 000000EE         ;Habilitar interrup NVIC
  263 000000EE         
  264 000000EE 4863            LDR              R0,=NVIC_EN1_R
  265 000000F0 F04F 0101       MOV              R1,#1
  266 000000F4 EA4F 41C1       LSL              R1,R1,#19
  267 000000F8 6001            STR              R1,[R0]
  268 000000FA         
  269 000000FA         ;   
  270 000000FA 4861            LDR              R0,=SYSCTL_RCGCTIMER_R
  271 000000FC F04F 0104       MOV              R1,#2_100
  272 00000100 6001            STR              R1,[R0]
  273 00000102         
  274 00000102 4860            LDR              R0, =SYSCTL_PRTIMER_R ;Carrega 
                                                            o endereço do PRGPI
                                                            O para esperar os G
                                                            PIO ficarem prontos
                                                            
  275 00000104 6801    EsperaTIMER
                               LDR              R1, [R0]    ;Lê da memória o co
                                                            nteúdo do endereço 
                                                            do registrador
  276 00000106 F04F 0204       MOV              R2, #2_100
  277 0000010A 4211            TST              R1, R2      ;ANDS de R1 com R2
  278 0000010C D0FA            BEQ              EsperaTIMER ;Se o flag Z=1, vol
                                                            ta para o laço. Sen
                                                            ão continua executa
                                                            ndo
  279 0000010E         
  280 0000010E         
  281 0000010E 485E            LDR              R0,=TIMER2_CTL_R
  282 00000110 F04F 0100       MOV              R1,#2_0
  283 00000114 6001            STR              R1,[R0]
  284 00000116         
  285 00000116         
  286 00000116 485D            LDR              R0,=TIMER2_CFG_R
  287 00000118 F04F 0100       MOV              R1,#2_000
  288 0000011C 6001            STR              R1,[R0]
  289 0000011E         
  290 0000011E 485C            LDR              R0,=TIMER2_TAMR_R
  291 00000120 F04F 0101       MOV              R1,#2_01
  292 00000124 6001            STR              R1,[R0]
  293 00000126         
  294 00000126 485B            LDR              R0,=TIMER2_TAILR_R
  295 00000128 F240 311F       MOV              R1,#0x31F
  296 0000012C         ;MOV R1,#0x7DFF
  297 0000012C         ;MOVT R1,#0x356
  298 0000012C 6001            STR              R1,[R0]
  299 0000012E         
  300 0000012E         
  301 0000012E 485A            LDR              R0,=TIMER2_TAPR_R
  302 00000130 F04F 0100       MOV              R1,#0



ARM Macro Assembler    Page 11 


  303 00000134 6001            STR              R1,[R0]
  304 00000136         
  305 00000136 4859            LDR              R0,=TIMER2_ICR_R
  306 00000138 F04F 0101       MOV              R1,#2_1
  307 0000013C 6001            STR              R1,[R0]
  308 0000013E         
  309 0000013E 4858            LDR              R0,=TIMER2_IMR_R
  310 00000140 F04F 0101       MOV              R1,#2_1
  311 00000144 6001            STR              R1,[R0]
  312 00000146         
  313 00000146         
  314 00000146         
  315 00000146 4857            LDR              R0,=NVIC_PRI5_R
  316 00000148 F04F 0105       MOV              R1,#5
  317 0000014C EA4F 7141       LSL              R1,R1,#29
  318 00000150 6001            STR              R1,[R0]
  319 00000152         
  320 00000152         
  321 00000152 4855            LDR              R0,=NVIC_EN0_R
  322 00000154 F04F 0101       MOV              R1,#1
  323 00000158 EA4F 51C1       LSL              R1,R1,#23
  324 0000015C 6001            STR              R1,[R0]
  325 0000015E         
  326 0000015E 4853            LDR              R0, =SYSCTL_RCGCUART_R
  327 00000160 F04F 0101       MOV              R1, #BIT0
  328 00000164 6001            STR              R1, [R0]
  329 00000166 4852            LDR              R0, =SYSCTL_PRUART_R
  330 00000168 6801    EsperaUART
                               LDR              R1, [R0]
  331 0000016A F04F 0201       MOV              R2, #2_001
  332 0000016E 4211            TST              R1, R2
  333 00000170 D0FA            BEQ              EsperaUART
  334 00000172         
  335 00000172 F04F 0100       MOV              R1, #0x00
  336 00000176 484F            LDR              R0, =UART0_CTL_R
  337 00000178 6001            STR              R1, [R0]
  338 0000017A         
  339 0000017A F44F 7102       MOV              R1, #520    ;9600 Baud Rate    
                                                             
  340 0000017E 484E            LDR              R0, =UART0_IBRD_R
  341 00000180 6001            STR              R1, [R0]
  342 00000182         
  343 00000182 F04F 0135       MOV              R1, #53
  344 00000186 484D            LDR              R0, =UART0_FBRD_R
  345 00000188 6001            STR              R1, [R0]
  346 0000018A         
  347 0000018A         
  348 0000018A F04F 0160       MOV              R1, #0x60
  349 0000018E 484C            LDR              R0, =UART0_LCRH_R
  350 00000190 6001            STR              R1, [R0]
  351 00000192         
  352 00000192 F04F 0100       MOV              R1, #2_0
  353 00000196 484B            LDR              R0, =UART0_CC_R
  354 00000198 6001            STR              R1, [R0]
  355 0000019A         
  356 0000019A F240 3101       MOV              R1, #2_1100000001
  357 0000019E 4845            LDR              R0, =UART0_CTL_R
  358 000001A0 6001            STR              R1, [R0]
  359 000001A2         ;retorno            



ARM Macro Assembler    Page 12 


  360 000001A2         
  361 000001A2 4939            LDR              R1, =TIMER2_CTL_R
  362 000001A4 F04F 0001       MOV              R0, #1
  363 000001A8 6008            STR              R0, [R1]
  364 000001AA 4770            BX               LR
  365 000001AC         
  366 000001AC         
  367 000001AC         
  368 000001AC         
  369 000001AC         GPIOPortJ_Handler
  370 000001AC         
  371 000001AC B500            PUSH{LR}
  372 000001AE         
  373 000001AE         
  374 000001AE         ;MOV R0,#0
  375 000001AE         ;BL PortN_Output
  376 000001AE         
  377 000001AE         ;MOV R0,#17
  378 000001AE         ;BL PortF_Output
  379 000001AE 4946            LDR              R1,=GPIO_PORTJ_AHB_RIS_R
  380 000001B0 6808            LDR              R0,[R1]
  381 000001B2 F000 0001       AND              R0,R0,#2_01
  382 000001B6 2801            CMP              R0,#2_01
  383 000001B8 D006            BEQ              sw1
  384 000001BA 492E            LDR              R1,=GPIO_PORTJ_AHB_ICR_R
  385 000001BC F04F 0003       MOV              R0,#2_11
  386 000001C0 6008            STR              R0,[R1]
  387 000001C2 F85D EB04       POP{LR}
  388 000001C6 4770            BX               LR
  389 000001C8         sw1
  390 000001C8         ;MOV R0,#3
  391 000001C8         ;BL PortN_Output
  392 000001C8         
  393 000001C8         ;MOV R0,#0
  394 000001C8         ;BL PortF_Output
  395 000001C8 492A            LDR              R1,=GPIO_PORTJ_AHB_ICR_R
  396 000001CA F04F 0001       MOV              R0,#2_1
  397 000001CE 6008            STR              R0,[R1]
  398 000001D0         
  399 000001D0 4A3E            LDR              R2, =INICIAR
  400 000001D2 F04F 0100       MOV              R1,#0
  401 000001D6 6011            STR              R1,[R2]
  402 000001D8         
  403 000001D8 F85D EB04       POP{LR}
  404 000001DC 4770            BX               LR
  405 000001DE         
  406 000001DE         ;Timer2A_Handler
  407 000001DE         ; LDR R1, =TIMER2_ICR_R
  408 000001DE         ; MOV R0, #1
  409 000001DE         ; STR R0, [R1]
  410 000001DE         ; PUSH {LR}
  411 000001DE         ; BL inverte  ;Chama a rotina que faz um toggle no led
  412 000001DE         
  413 000001DE         ; LDR R0,=TIMER2_CTL_R
  414 000001DE         ; MOV R1,#2_1
  415 000001DE         ; STR R1,[R0]
  416 000001DE         ; 
  417 000001DE         ; POP {LR} ; retorno da interrupção
  418 000001DE         ; BX LR



ARM Macro Assembler    Page 13 


  419 000001DE         
  420 000001DE         ; ------------------------------------------------------
                       -------------------------
  421 000001DE         ; Função PortF_Output
  422 000001DE         ; Parâmetro de entrada: R0 --> se os BIT4 e BIT0 estão l
                       igado ou desligado
  423 000001DE         ; Parâmetro de saída: Não tem
  424 000001DE         PortF_Output
  425 000001DE B500            PUSH{LR}
  426 000001E0 493B            LDR              R1, =GPIO_PORTF_AHB_DATA_R ;Car
                                                            rega o valor do off
                                                            set do data registe
                                                            r
  427 000001E2         ;Read-Modify-Write para escrita
  428 000001E2 680A            LDR              R2, [R1]
  429 000001E4 F022 0211       BIC              R2, #2_00010001 ;Primeiro limpa
                                                            mos os dois bits do
                                                             lido da porta R2 =
                                                             R2 & 11101110
  430 000001E8 EA40 0002       ORR              R0, R0, R2  ;Fazer o OR do lido
                                                             pela porta com o p
                                                            arâmetro de entrada
                                                            
  431 000001EC 6008            STR              R0, [R1]    ;Escreve na porta F
                                                             o barramento de da
                                                            dos dos pinos F4 e 
                                                            F0
  432 000001EE         
  433 000001EE F85D EB04       POP{LR}
  434 000001F2 4770            BX               LR          ;Retorno
  435 000001F4         
  436 000001F4         ; ------------------------------------------------------
                       -------------------------
  437 000001F4         ; Função PortN_Output
  438 000001F4         ; Parâmetro de entrada: R0 --> se o BIT1 está ligado ou 
                       desligado
  439 000001F4         ; Parâmetro de saída: Não tem
  440 000001F4         PortN_Output
  441 000001F4 B500            PUSH{LR}
  442 000001F6 4937            LDR              R1, =GPIO_PORTN_DATA_R ;Carrega
                                                             o valor do offset 
                                                            do data register
  443 000001F8         ;Read-Modify-Write para escrita
  444 000001F8 680A            LDR              R2, [R1]
  445 000001FA F022 0203       BIC              R2, #2_00011 ;Primeiro limpamos
                                                             os dois bits do li
                                                            do da porta R2 = R2
                                                             & 11111101
  446 000001FE EA40 0002       ORR              R0, R0, R2  ;Fazer o OR do lido
                                                             pela porta com o p
                                                            arâmetro de entrada
                                                            
  447 00000202 6008            STR              R0, [R1]    ;Escreve na porta N
                                                             o barramento de da
                                                            dos do pino N1
  448 00000204         
  449 00000204 F85D EB04       POP{LR}
  450 00000208 4770            BX               LR          ;Retorno
  451 0000020A         



ARM Macro Assembler    Page 14 


  452 0000020A         
  453 0000020A         
  454 0000020A 00 00           ALIGN                        ; garante que o fim
                                                             da seção está alin
                                                            hada 
  455 0000020C                 END                          ; fim do arquivo
              400FE608 
              400FEA08 
              40060528 
              4005D528 
              40058528 
              40064528 
              4006052C 
              4005D52C 
              4005852C 
              4006452C 
              4005D400 
              40060400 
              40064400 
              4005D420 
              40060420 
              40064420 
              40058420 
              4005D51C 
              4006051C 
              4005851C 
              4006451C 
              40060510 
              40060410 
              40060404 
              40060408 
              4006040C 
              4006041C 
              E000E430 
              E000E104 
              400FE604 
              400FEA04 
              4003200C 
              40032000 
              40032004 
              40032028 
              40032038 
              40032024 
              40032018 
              E000E414 
              E000E100 
              400FE618 
              400FEA18 
              4000C030 
              4000C024 
              4000C028 
              4000C02C 
              4000CFC8 
              40060414 
              00000000 
              4005D3FC 
              400643FC 
Command Line: --debug --xref --diag_suppress=9931 --cpu=Cortex-M4.fp.sp --apcs=
interwork --depend=.\objects\gpio_1.d -o.\objects\gpio_1.o -IC:\Users\Raissa\Ap



ARM Macro Assembler    Page 15 


pData\Local\Arm\Packs\Keil\TM4C_DFP\1.1.0\Device\Include\TM4C129 --predefine="_
_EVAL SETA 1" --predefine="__UVISION_VERSION SETA 534" --predefine="TM4C1294NCP
DT SETA 1" --list=.\listings\gpio.lst gpio.s



ARM Macro Assembler    Page 1 Alphabetic symbol ordering
Relocatable symbols

DATA 00000000

Symbol: DATA
   Definitions
      At line 100 in file gpio.s
   Uses
      None
Comment: DATA unused
INICIAR 00000000

Symbol: INICIAR
   Definitions
      At line 102 in file gpio.s
   Uses
      At line 101 in file gpio.s
      At line 399 in file gpio.s

2 symbols



ARM Macro Assembler    Page 1 Alphabetic symbol ordering
Relocatable symbols

.text 00000000

Symbol: .text
   Definitions
      At line 104 in file gpio.s
   Uses
      None
Comment: .text unused
EsperaGPIO 00000016

Symbol: EsperaGPIO
   Definitions
      At line 135 in file gpio.s
   Uses
      At line 142 in file gpio.s
Comment: EsperaGPIO used once
EsperaTIMER 00000104

Symbol: EsperaTIMER
   Definitions
      At line 275 in file gpio.s
   Uses
      At line 278 in file gpio.s
Comment: EsperaTIMER used once
EsperaUART 00000168

Symbol: EsperaUART
   Definitions
      At line 330 in file gpio.s
   Uses
      At line 333 in file gpio.s
Comment: EsperaUART used once
GPIOPortJ_Handler 000001AC

Symbol: GPIOPortJ_Handler
   Definitions
      At line 369 in file gpio.s
   Uses
      At line 111 in file gpio.s
Comment: GPIOPortJ_Handler used once
GPIO_Init 00000000

Symbol: GPIO_Init
   Definitions
      At line 119 in file gpio.s
   Uses
      At line 107 in file gpio.s
Comment: GPIO_Init used once
PortF_Output 000001DE

Symbol: PortF_Output
   Definitions
      At line 424 in file gpio.s
   Uses
      At line 108 in file gpio.s
Comment: PortF_Output used once
PortN_Output 000001F4

Symbol: PortN_Output



ARM Macro Assembler    Page 2 Alphabetic symbol ordering
Relocatable symbols

   Definitions
      At line 440 in file gpio.s
   Uses
      At line 110 in file gpio.s
Comment: PortN_Output used once
sw1 000001C8

Symbol: sw1
   Definitions
      At line 389 in file gpio.s
   Uses
      At line 383 in file gpio.s
Comment: sw1 used once
9 symbols



ARM Macro Assembler    Page 1 Alphabetic symbol ordering
Absolute symbols

BIT0 00000001

Symbol: BIT0
   Definitions
      At line 61 in file gpio.s
   Uses
      At line 327 in file gpio.s
Comment: BIT0 used once
BIT1 00000002

Symbol: BIT1
   Definitions
      At line 62 in file gpio.s
   Uses
      None
Comment: BIT1 unused
GPIO_PORTA 00000001

Symbol: GPIO_PORTA
   Definitions
      At line 89 in file gpio.s
   Uses
      At line 127 in file gpio.s
      At line 138 in file gpio.s

GPIO_PORTA_AHB_AFSEL_R 40058420

Symbol: GPIO_PORTA_AHB_AFSEL_R
   Definitions
      At line 92 in file gpio.s
   Uses
      At line 197 in file gpio.s
Comment: GPIO_PORTA_AHB_AFSEL_R used once
GPIO_PORTA_AHB_AMSEL_R 40058528

Symbol: GPIO_PORTA_AHB_AMSEL_R
   Definitions
      At line 90 in file gpio.s
   Uses
      At line 150 in file gpio.s
Comment: GPIO_PORTA_AHB_AMSEL_R used once
GPIO_PORTA_AHB_DEN_R 4005851C

Symbol: GPIO_PORTA_AHB_DEN_R
   Definitions
      At line 93 in file gpio.s
   Uses
      At line 209 in file gpio.s
Comment: GPIO_PORTA_AHB_DEN_R used once
GPIO_PORTA_AHB_PCTL_R 4005852C

Symbol: GPIO_PORTA_AHB_PCTL_R
   Definitions
      At line 91 in file gpio.s
   Uses
      At line 164 in file gpio.s
Comment: GPIO_PORTA_AHB_PCTL_R used once
GPIO_PORTF 00000020




ARM Macro Assembler    Page 2 Alphabetic symbol ordering
Absolute symbols

Symbol: GPIO_PORTF
   Definitions
      At line 37 in file gpio.s
   Uses
      At line 125 in file gpio.s
      At line 136 in file gpio.s

GPIO_PORTF_AHB_AFSEL_R 4005D420

Symbol: GPIO_PORTF_AHB_AFSEL_R
   Definitions
      At line 33 in file gpio.s
   Uses
      At line 188 in file gpio.s
Comment: GPIO_PORTF_AHB_AFSEL_R used once
GPIO_PORTF_AHB_AMSEL_R 4005D528

Symbol: GPIO_PORTF_AHB_AMSEL_R
   Definitions
      At line 30 in file gpio.s
   Uses
      At line 148 in file gpio.s
Comment: GPIO_PORTF_AHB_AMSEL_R used once
GPIO_PORTF_AHB_CR_R 4005D524

Symbol: GPIO_PORTF_AHB_CR_R
   Definitions
      At line 29 in file gpio.s
   Uses
      None
Comment: GPIO_PORTF_AHB_CR_R unused
GPIO_PORTF_AHB_DATA_R 4005D3FC

Symbol: GPIO_PORTF_AHB_DATA_R
   Definitions
      At line 36 in file gpio.s
   Uses
      At line 426 in file gpio.s
Comment: GPIO_PORTF_AHB_DATA_R used once
GPIO_PORTF_AHB_DEN_R 4005D51C

Symbol: GPIO_PORTF_AHB_DEN_R
   Definitions
      At line 34 in file gpio.s
   Uses
      At line 201 in file gpio.s
Comment: GPIO_PORTF_AHB_DEN_R used once
GPIO_PORTF_AHB_DIR_R 4005D400

Symbol: GPIO_PORTF_AHB_DIR_R
   Definitions
      At line 32 in file gpio.s
   Uses
      At line 172 in file gpio.s
Comment: GPIO_PORTF_AHB_DIR_R used once
GPIO_PORTF_AHB_LOCK_R 4005D520

Symbol: GPIO_PORTF_AHB_LOCK_R
   Definitions



ARM Macro Assembler    Page 3 Alphabetic symbol ordering
Absolute symbols

      At line 28 in file gpio.s
   Uses
      None
Comment: GPIO_PORTF_AHB_LOCK_R unused
GPIO_PORTF_AHB_PCTL_R 4005D52C

Symbol: GPIO_PORTF_AHB_PCTL_R
   Definitions
      At line 31 in file gpio.s
   Uses
      At line 161 in file gpio.s
Comment: GPIO_PORTF_AHB_PCTL_R used once
GPIO_PORTF_AHB_PUR_R 4005D510

Symbol: GPIO_PORTF_AHB_PUR_R
   Definitions
      At line 35 in file gpio.s
   Uses
      None
Comment: GPIO_PORTF_AHB_PUR_R unused
GPIO_PORTJ 00000100

Symbol: GPIO_PORTJ
   Definitions
      At line 26 in file gpio.s
   Uses
      At line 126 in file gpio.s
      At line 137 in file gpio.s

GPIO_PORTJ_AHB_AFSEL_R 40060420

Symbol: GPIO_PORTJ_AHB_AFSEL_R
   Definitions
      At line 22 in file gpio.s
   Uses
      At line 190 in file gpio.s
Comment: GPIO_PORTJ_AHB_AFSEL_R used once
GPIO_PORTJ_AHB_AMSEL_R 40060528

Symbol: GPIO_PORTJ_AHB_AMSEL_R
   Definitions
      At line 19 in file gpio.s
   Uses
      At line 146 in file gpio.s
Comment: GPIO_PORTJ_AHB_AMSEL_R used once
GPIO_PORTJ_AHB_CR_R 40060524

Symbol: GPIO_PORTJ_AHB_CR_R
   Definitions
      At line 18 in file gpio.s
   Uses
      None
Comment: GPIO_PORTJ_AHB_CR_R unused
GPIO_PORTJ_AHB_DATA_R 400603FC

Symbol: GPIO_PORTJ_AHB_DATA_R
   Definitions
      At line 25 in file gpio.s
   Uses



ARM Macro Assembler    Page 4 Alphabetic symbol ordering
Absolute symbols

      None
Comment: GPIO_PORTJ_AHB_DATA_R unused
GPIO_PORTJ_AHB_DEN_R 4006051C

Symbol: GPIO_PORTJ_AHB_DEN_R
   Definitions
      At line 23 in file gpio.s
   Uses
      At line 205 in file gpio.s
Comment: GPIO_PORTJ_AHB_DEN_R used once
GPIO_PORTJ_AHB_DIR_R 40060400

Symbol: GPIO_PORTJ_AHB_DIR_R
   Definitions
      At line 21 in file gpio.s
   Uses
      At line 176 in file gpio.s
Comment: GPIO_PORTJ_AHB_DIR_R used once
GPIO_PORTJ_AHB_IBE_R 40060408

Symbol: GPIO_PORTJ_AHB_IBE_R
   Definitions
      At line 54 in file gpio.s
   Uses
      At line 234 in file gpio.s
Comment: GPIO_PORTJ_AHB_IBE_R used once
GPIO_PORTJ_AHB_ICR_R 4006041C

Symbol: GPIO_PORTJ_AHB_ICR_R
   Definitions
      At line 56 in file gpio.s
   Uses
      At line 242 in file gpio.s
      At line 384 in file gpio.s
      At line 395 in file gpio.s

GPIO_PORTJ_AHB_IEV_R 4006040C

Symbol: GPIO_PORTJ_AHB_IEV_R
   Definitions
      At line 55 in file gpio.s
   Uses
      At line 238 in file gpio.s
Comment: GPIO_PORTJ_AHB_IEV_R used once
GPIO_PORTJ_AHB_IM_R 40060410

Symbol: GPIO_PORTJ_AHB_IM_R
   Definitions
      At line 52 in file gpio.s
   Uses
      At line 225 in file gpio.s
      At line 252 in file gpio.s

GPIO_PORTJ_AHB_IS_R 40060404

Symbol: GPIO_PORTJ_AHB_IS_R
   Definitions
      At line 53 in file gpio.s
   Uses



ARM Macro Assembler    Page 5 Alphabetic symbol ordering
Absolute symbols

      At line 230 in file gpio.s
Comment: GPIO_PORTJ_AHB_IS_R used once
GPIO_PORTJ_AHB_LOCK_R 40060520

Symbol: GPIO_PORTJ_AHB_LOCK_R
   Definitions
      At line 17 in file gpio.s
   Uses
      None
Comment: GPIO_PORTJ_AHB_LOCK_R unused
GPIO_PORTJ_AHB_PCTL_R 4006052C

Symbol: GPIO_PORTJ_AHB_PCTL_R
   Definitions
      At line 20 in file gpio.s
   Uses
      At line 159 in file gpio.s
Comment: GPIO_PORTJ_AHB_PCTL_R used once
GPIO_PORTJ_AHB_PUR_R 40060510

Symbol: GPIO_PORTJ_AHB_PUR_R
   Definitions
      At line 24 in file gpio.s
   Uses
      At line 218 in file gpio.s
Comment: GPIO_PORTJ_AHB_PUR_R used once
GPIO_PORTJ_AHB_RIS_R 40060414

Symbol: GPIO_PORTJ_AHB_RIS_R
   Definitions
      At line 57 in file gpio.s
   Uses
      At line 379 in file gpio.s
Comment: GPIO_PORTJ_AHB_RIS_R used once
GPIO_PORTN 00001000

Symbol: GPIO_PORTN
   Definitions
      At line 49 in file gpio.s
   Uses
      At line 130 in file gpio.s
      At line 140 in file gpio.s

GPIO_PORTN_AFSEL_R 40064420

Symbol: GPIO_PORTN_AFSEL_R
   Definitions
      At line 44 in file gpio.s
   Uses
      At line 193 in file gpio.s
Comment: GPIO_PORTN_AFSEL_R used once
GPIO_PORTN_AMSEL_R 40064528

Symbol: GPIO_PORTN_AMSEL_R
   Definitions
      At line 41 in file gpio.s
   Uses
      At line 153 in file gpio.s
Comment: GPIO_PORTN_AMSEL_R used once



ARM Macro Assembler    Page 6 Alphabetic symbol ordering
Absolute symbols

GPIO_PORTN_CR_R 40064524

Symbol: GPIO_PORTN_CR_R
   Definitions
      At line 40 in file gpio.s
   Uses
      None
Comment: GPIO_PORTN_CR_R unused
GPIO_PORTN_DATA_BITS_R 40064000

Symbol: GPIO_PORTN_DATA_BITS_R
   Definitions
      At line 48 in file gpio.s
   Uses
      None
Comment: GPIO_PORTN_DATA_BITS_R unused
GPIO_PORTN_DATA_R 400643FC

Symbol: GPIO_PORTN_DATA_R
   Definitions
      At line 47 in file gpio.s
   Uses
      At line 442 in file gpio.s
Comment: GPIO_PORTN_DATA_R used once
GPIO_PORTN_DEN_R 4006451C

Symbol: GPIO_PORTN_DEN_R
   Definitions
      At line 45 in file gpio.s
   Uses
      At line 213 in file gpio.s
Comment: GPIO_PORTN_DEN_R used once
GPIO_PORTN_DIR_R 40064400

Symbol: GPIO_PORTN_DIR_R
   Definitions
      At line 43 in file gpio.s
   Uses
      At line 181 in file gpio.s
Comment: GPIO_PORTN_DIR_R used once
GPIO_PORTN_LOCK_R 40064520

Symbol: GPIO_PORTN_LOCK_R
   Definitions
      At line 39 in file gpio.s
   Uses
      None
Comment: GPIO_PORTN_LOCK_R unused
GPIO_PORTN_PCTL_R 4006452C

Symbol: GPIO_PORTN_PCTL_R
   Definitions
      At line 42 in file gpio.s
   Uses
      At line 168 in file gpio.s
Comment: GPIO_PORTN_PCTL_R used once
GPIO_PORTN_PUR_R 40064510

Symbol: GPIO_PORTN_PUR_R



ARM Macro Assembler    Page 7 Alphabetic symbol ordering
Absolute symbols

   Definitions
      At line 46 in file gpio.s
   Uses
      None
Comment: GPIO_PORTN_PUR_R unused
NVIC_EN0_R E000E100

Symbol: NVIC_EN0_R
   Definitions
      At line 77 in file gpio.s
   Uses
      At line 321 in file gpio.s
Comment: NVIC_EN0_R used once
NVIC_EN1_R E000E104

Symbol: NVIC_EN1_R
   Definitions
      At line 58 in file gpio.s
   Uses
      At line 264 in file gpio.s
Comment: NVIC_EN1_R used once
NVIC_PRI12_R E000E430

Symbol: NVIC_PRI12_R
   Definitions
      At line 59 in file gpio.s
   Uses
      At line 258 in file gpio.s
Comment: NVIC_PRI12_R used once
NVIC_PRI5_R E000E414

Symbol: NVIC_PRI5_R
   Definitions
      At line 76 in file gpio.s
   Uses
      At line 315 in file gpio.s
Comment: NVIC_PRI5_R used once
SYSCTL_PRGPIO_R 400FEA08

Symbol: SYSCTL_PRGPIO_R
   Definitions
      At line 13 in file gpio.s
   Uses
      At line 134 in file gpio.s
Comment: SYSCTL_PRGPIO_R used once
SYSCTL_PRTIMER_R 400FEA04

Symbol: SYSCTL_PRTIMER_R
   Definitions
      At line 74 in file gpio.s
   Uses
      At line 274 in file gpio.s
Comment: SYSCTL_PRTIMER_R used once
SYSCTL_PRUART_R 400FEA18

Symbol: SYSCTL_PRUART_R
   Definitions
      At line 80 in file gpio.s
   Uses



ARM Macro Assembler    Page 8 Alphabetic symbol ordering
Absolute symbols

      At line 329 in file gpio.s
Comment: SYSCTL_PRUART_R used once
SYSCTL_RCGCGPIO_R 400FE608

Symbol: SYSCTL_RCGCGPIO_R
   Definitions
      At line 12 in file gpio.s
   Uses
      At line 124 in file gpio.s
Comment: SYSCTL_RCGCGPIO_R used once
SYSCTL_RCGCTIMER_R 400FE604

Symbol: SYSCTL_RCGCTIMER_R
   Definitions
      At line 73 in file gpio.s
   Uses
      At line 270 in file gpio.s
Comment: SYSCTL_RCGCTIMER_R used once
SYSCTL_RCGCUART_R 400FE618

Symbol: SYSCTL_RCGCUART_R
   Definitions
      At line 79 in file gpio.s
   Uses
      At line 326 in file gpio.s
Comment: SYSCTL_RCGCUART_R used once
TIMER2_CFG_R 40032000

Symbol: TIMER2_CFG_R
   Definitions
      At line 67 in file gpio.s
   Uses
      At line 286 in file gpio.s
Comment: TIMER2_CFG_R used once
TIMER2_CTL_R 4003200C

Symbol: TIMER2_CTL_R
   Definitions
      At line 66 in file gpio.s
   Uses
      At line 281 in file gpio.s
      At line 361 in file gpio.s

TIMER2_ICR_R 40032024

Symbol: TIMER2_ICR_R
   Definitions
      At line 65 in file gpio.s
   Uses
      At line 305 in file gpio.s
Comment: TIMER2_ICR_R used once
TIMER2_IMR_R 40032018

Symbol: TIMER2_IMR_R
   Definitions
      At line 71 in file gpio.s
   Uses
      At line 309 in file gpio.s
Comment: TIMER2_IMR_R used once



ARM Macro Assembler    Page 9 Alphabetic symbol ordering
Absolute symbols

TIMER2_TAILR_R 40032028

Symbol: TIMER2_TAILR_R
   Definitions
      At line 69 in file gpio.s
   Uses
      At line 294 in file gpio.s
Comment: TIMER2_TAILR_R used once
TIMER2_TAMR_R 40032004

Symbol: TIMER2_TAMR_R
   Definitions
      At line 68 in file gpio.s
   Uses
      At line 290 in file gpio.s
Comment: TIMER2_TAMR_R used once
TIMER2_TAPR_R 40032038

Symbol: TIMER2_TAPR_R
   Definitions
      At line 70 in file gpio.s
   Uses
      At line 301 in file gpio.s
Comment: TIMER2_TAPR_R used once
UART0_CC_R 4000CFC8

Symbol: UART0_CC_R
   Definitions
      At line 87 in file gpio.s
   Uses
      At line 353 in file gpio.s
Comment: UART0_CC_R used once
UART0_CTL_R 4000C030

Symbol: UART0_CTL_R
   Definitions
      At line 83 in file gpio.s
   Uses
      At line 336 in file gpio.s
      At line 357 in file gpio.s

UART0_FBRD_R 4000C028

Symbol: UART0_FBRD_R
   Definitions
      At line 85 in file gpio.s
   Uses
      At line 344 in file gpio.s
Comment: UART0_FBRD_R used once
UART0_IBRD_R 4000C024

Symbol: UART0_IBRD_R
   Definitions
      At line 84 in file gpio.s
   Uses
      At line 340 in file gpio.s
Comment: UART0_IBRD_R used once
UART0_LCRH_R 4000C02C




ARM Macro Assembler    Page 10 Alphabetic symbol ordering
Absolute symbols

Symbol: UART0_LCRH_R
   Definitions
      At line 86 in file gpio.s
   Uses
      At line 349 in file gpio.s
Comment: UART0_LCRH_R used once
66 symbols
413 symbols in table
