


ARM Macro Assembler    Page 1 


    1 00000000         ; main.s
    2 00000000         ; Desenvolvido para a placa EK-TM4C1294XL
    3 00000000         ; Prof. Guilherme Peron
    4 00000000         ; Ver 1 19/03/2018
    5 00000000         ; Ver 2 26/08/2018
    6 00000000         ; Este programa deve esperar o usuário pressionar uma ch
                       ave.
    7 00000000         ; Caso o usuário pressione uma chave, um LED deve piscar
                        a cada 1 segundo.
    8 00000000         
    9 00000000         ; ------------------------------------------------------
                       -------------------------
   10 00000000                 THUMB                        ; Instruções do tip
                                                            o Thumb-2
   11 00000000         ; ------------------------------------------------------
                       -------------------------
   12 00000000         
   13 00000000         ; Declarações EQU - Defines
   14 00000000         ;<NOME>         EQU <VALOR>
   15 00000000         ; ========================
   16 00000000         ; Definições de Valores
   17 00000000 00000001 
                       BIT0    EQU              2_0001
   18 00000000 00000002 
                       BIT1    EQU              2_0010
   19 00000000         
   20 00000000         ; ------------------------------------------------------
                       -------------------------
   21 00000000         ; Área de Dados - Declarações de variáveis
   22 00000000                 AREA             DATA, ALIGN=2
   23 00000000         ; Se alguma variável for chamada em outro arquivo
   24 00000000         ;EXPORT  <var> [DATA,SIZE=<tam>]   ; Permite chamar a va
                       riável <var> a 
   25 00000000         ; partir de outro arquivo
   26 00000000         ;<var> SPACE <tam>                        ; Declara uma 
                       variável de nome <var>
   27 00000000         ; de <tam> bytes a partir da primeira 
   28 00000000         ; posição da RAM  
   29 00000000         
   30 00000000         ; ------------------------------------------------------
                       -------------------------
   31 00000000         ; Área de Código - Tudo abaixo da diretiva a seguir será
                        armazenado na memória de 
   32 00000000         ;                  código
   33 00000000                 AREA             |.text|, CODE, READONLY, ALIGN=
2
   34 00000000         
   35 00000000         ; Se alguma função do arquivo for chamada em outro arqui
                       vo 
   36 00000000                 EXPORT           Start       ; Permite chamar a 
                                                            função Start a part
                                                            ir de 
   37 00000000         ; outro arquivo. No caso startup.s
   38 00000000         
   39 00000000         ; Se chamar alguma função externa 
   40 00000000         ;IMPORT <func>              ; Permite chamar dentro dest
                       e arquivo uma 
   41 00000000         ; função <func>
   42 00000000                 IMPORT           PLL_Init



ARM Macro Assembler    Page 2 


   43 00000000                 IMPORT           SysTick_Init
   44 00000000                 IMPORT           SysTick_Wait1ms
   45 00000000                 IMPORT           GPIO_Init
   46 00000000                 IMPORT           PortN_Output
   47 00000000                 IMPORT           PortJ_Input
   48 00000000         
   49 00000000         
   50 00000000         ; ------------------------------------------------------
                       -------------------------
   51 00000000         ; Função main()
   52 00000000         Start
   53 00000000 F7FF FFFE       BL               PLL_Init    ;Chama a subrotina 
                                                            para alterar o cloc
                                                            k do microcontrolad
                                                            or para 80MHz
   54 00000004 F7FF FFFE       BL               SysTick_Init ;Chama a subrotina
                                                             para inicializar o
                                                             SysTick
   55 00000008 F7FF FFFE       BL               GPIO_Init   ;Chama a subrotina 
                                                            que inicializa os G
                                                            PIO
   56 0000000C         
   57 0000000C         MainLoop
   58 0000000C         ; ****************************************
   59 0000000C         ; Escrever código que lê o estado da chave, se ela estiv
                       er desativada apaga o LED
   60 0000000C         ; Se estivar ativada chama a subrotina Pisca_LED
   61 0000000C         ; ****************************************
   62 0000000C F04F 0004       MOV              R0, #4
   63 00000010 F7FF FFFE       BL               SysTick_Wait1ms
   64 00000014 E7FA            B                MainLoop
   65 00000016         
   66 00000016         ;-------------------------------------------------------
                       -------------------------
   67 00000016         ; Função Pisca_LED
   68 00000016         ; Parâmetro de entrada: Não tem
   69 00000016         ; Parâmetro de saída: Não tem
   70 00000016         Pisca_LED
   71 00000016         ; ****************************************
   72 00000016         ; Escrever função que acende o LED, espera 1 segundo, ap
                       aga o LED e espera 1 s
   73 00000016         ; Esta função deve chamar a rotina SysTick_Wait1ms com o
                        parâmetro de entrada em R0
   74 00000016         ; ****************************************
   75 00000016         
   76 00000016         ; ------------------------------------------------------
                       --------------------------------------------------------
                       -----------
   77 00000016         ; Fim do Arquivo
   78 00000016         ; ------------------------------------------------------
                       --------------------------------------------------------
                       ----------- 
   79 00000016 00 00           ALIGN                        ;Garante que o fim 
                                                            da seção está alinh
                                                            ada 
   80 00000018                 END                          ;Fim do arquivo
Command Line: --debug --xref --diag_suppress=9931 --cpu=Cortex-M4.fp --apcs=int
erwork --depend=.\objects\main.d -o.\objects\main.o -I.\RTE\_Target_1 -IC:\Keil
_v5\ARM\PACK\Keil\TM4C_DFP\1.1.0\Device\Include\TM4C129 -IC:\Keil_v5\ARM\CMSIS\



ARM Macro Assembler    Page 3 


Include --predefine="__EVAL SETA 1" --predefine="__UVISION_VERSION SETA 524" --
predefine="TM4C1294NCPDT SETA 1" --list=.\listings\main.lst main.s



ARM Macro Assembler    Page 1 Alphabetic symbol ordering
Relocatable symbols

DATA 00000000

Symbol: DATA
   Definitions
      At line 22 in file main.s
   Uses
      None
Comment: DATA unused
1 symbol



ARM Macro Assembler    Page 1 Alphabetic symbol ordering
Relocatable symbols

.text 00000000

Symbol: .text
   Definitions
      At line 33 in file main.s
   Uses
      None
Comment: .text unused
MainLoop 0000000C

Symbol: MainLoop
   Definitions
      At line 57 in file main.s
   Uses
      At line 64 in file main.s
Comment: MainLoop used once
Pisca_LED 00000016

Symbol: Pisca_LED
   Definitions
      At line 70 in file main.s
   Uses
      None
Comment: Pisca_LED unused
Start 00000000

Symbol: Start
   Definitions
      At line 52 in file main.s
   Uses
      At line 36 in file main.s
Comment: Start used once
4 symbols



ARM Macro Assembler    Page 1 Alphabetic symbol ordering
Absolute symbols

BIT0 00000001

Symbol: BIT0
   Definitions
      At line 17 in file main.s
   Uses
      None
Comment: BIT0 unused
BIT1 00000002

Symbol: BIT1
   Definitions
      At line 18 in file main.s
   Uses
      None
Comment: BIT1 unused
2 symbols



ARM Macro Assembler    Page 1 Alphabetic symbol ordering
External symbols

GPIO_Init 00000000

Symbol: GPIO_Init
   Definitions
      At line 45 in file main.s
   Uses
      At line 55 in file main.s
Comment: GPIO_Init used once
PLL_Init 00000000

Symbol: PLL_Init
   Definitions
      At line 42 in file main.s
   Uses
      At line 53 in file main.s
Comment: PLL_Init used once
PortJ_Input 00000000

Symbol: PortJ_Input
   Definitions
      At line 47 in file main.s
   Uses
      None
Comment: PortJ_Input unused
PortN_Output 00000000

Symbol: PortN_Output
   Definitions
      At line 46 in file main.s
   Uses
      None
Comment: PortN_Output unused
SysTick_Init 00000000

Symbol: SysTick_Init
   Definitions
      At line 43 in file main.s
   Uses
      At line 54 in file main.s
Comment: SysTick_Init used once
SysTick_Wait1ms 00000000

Symbol: SysTick_Wait1ms
   Definitions
      At line 44 in file main.s
   Uses
      At line 63 in file main.s
Comment: SysTick_Wait1ms used once
6 symbols
347 symbols in table
