


ARM Macro Assembler    Page 1 


    1 00000000         ; gpio.s
    2 00000000         ; Desenvolvido para a placa EK-TM4C1294XL
    3 00000000         ; Prof. Guilherme Peron
    4 00000000         ; 24/08/2020
    5 00000000         
    6 00000000         ; ------------------------------------------------------
                       -------------------------
    7 00000000                 THUMB                        ; Instruções do tip
                                                            o Thumb-2
    8 00000000         ; ------------------------------------------------------
                       -------------------------
    9 00000000         ; Declarações EQU - Defines
   10 00000000         ; ========================
   11 00000000         ; Definições de Valores
   12 00000000 00000001 
                       BIT0    EQU              2_0001
   13 00000000 00000002 
                       BIT1    EQU              2_0010
   14 00000000         ; ========================
   15 00000000         ; Definições dos Registradores Gerais
   16 00000000 400FE608 
                       SYSCTL_RCGCGPIO_R
                               EQU              0x400FE608
   17 00000000 400FEA08 
                       SYSCTL_PRGPIO_R
                               EQU              0x400FEA08
   18 00000000         ; ========================
   19 00000000         ; Definições dos Ports
   20 00000000         ; PORT J
   21 00000000 40060520 
                       GPIO_PORTJ_AHB_LOCK_R
                               EQU              0x40060520
   22 00000000 40060524 
                       GPIO_PORTJ_AHB_CR_R
                               EQU              0x40060524
   23 00000000 40060528 
                       GPIO_PORTJ_AHB_AMSEL_R
                               EQU              0x40060528
   24 00000000 4006052C 
                       GPIO_PORTJ_AHB_PCTL_R
                               EQU              0x4006052C
   25 00000000 40060400 
                       GPIO_PORTJ_AHB_DIR_R
                               EQU              0x40060400
   26 00000000 40060420 
                       GPIO_PORTJ_AHB_AFSEL_R
                               EQU              0x40060420
   27 00000000 4006051C 
                       GPIO_PORTJ_AHB_DEN_R
                               EQU              0x4006051C
   28 00000000 40060510 
                       GPIO_PORTJ_AHB_PUR_R
                               EQU              0x40060510
   29 00000000 400603FC 
                       GPIO_PORTJ_AHB_DATA_R
                               EQU              0x400603FC
   30 00000000 40060000 
                       GPIO_PORTJ_AHB_DATA_BITS_R
                               EQU              0x40060000



ARM Macro Assembler    Page 2 


   31 00000000 00000100 
                       GPIO_PORTJ
                               EQU              2_000000100000000
   32 00000000         ; PORT N
   33 00000000 40064520 
                       GPIO_PORTN_LOCK_R
                               EQU              0x40064520
   34 00000000 40064524 
                       GPIO_PORTN_CR_R
                               EQU              0x40064524
   35 00000000 40064528 
                       GPIO_PORTN_AMSEL_R
                               EQU              0x40064528
   36 00000000 4006452C 
                       GPIO_PORTN_PCTL_R
                               EQU              0x4006452C
   37 00000000 40064400 
                       GPIO_PORTN_DIR_R
                               EQU              0x40064400
   38 00000000 40064420 
                       GPIO_PORTN_AFSEL_R
                               EQU              0x40064420
   39 00000000 4006451C 
                       GPIO_PORTN_DEN_R
                               EQU              0x4006451C
   40 00000000 40064510 
                       GPIO_PORTN_PUR_R
                               EQU              0x40064510
   41 00000000 400643FC 
                       GPIO_PORTN_DATA_R
                               EQU              0x400643FC
   42 00000000 40064000 
                       GPIO_PORTN_DATA_BITS_R
                               EQU              0x40064000
   43 00000000 00001000 
                       GPIO_PORTN
                               EQU              2_001000000000000
   44 00000000         
   45 00000000         ; PORT M
   46 00000000 40063000 
                       GPIO_PORTM_DATA_BITS_R
                               EQU              0x40063000
   47 00000000 400633FC 
                       GPIO_PORTM_DATA_R
                               EQU              0x400633FC
   48 00000000 40063400 
                       GPIO_PORTM_DIR_R
                               EQU              0x40063400
   49 00000000 40063420 
                       GPIO_PORTM_AFSEL_R
                               EQU              0x40063420
   50 00000000 40063510 
                       GPIO_PORTM_PUR_R
                               EQU              0x40063510
   51 00000000 4006351C 
                       GPIO_PORTM_DEN_R
                               EQU              0x4006351C
   52 00000000 40063520 
                       GPIO_PORTM_LOCK_R



ARM Macro Assembler    Page 3 


                               EQU              0x40063520
   53 00000000 40063524 
                       GPIO_PORTM_CR_R
                               EQU              0x40063524
   54 00000000 40063528 
                       GPIO_PORTM_AMSEL_R
                               EQU              0x40063528
   55 00000000 4006352C 
                       GPIO_PORTM_PCTL_R
                               EQU              0x4006352C
   56 00000000 00000800 
                       GPIO_PORTM
                               EQU              2_000100000000000
   57 00000000         
   58 00000000         ; PORT K
   59 00000000 40061000 
                       GPIO_PORTK_DATA_BITS_R
                               EQU              0x40061000
   60 00000000 400613FC 
                       GPIO_PORTK_DATA_R
                               EQU              0x400613FC
   61 00000000 40061400 
                       GPIO_PORTK_DIR_R
                               EQU              0x40061400
   62 00000000 40061420 
                       GPIO_PORTK_AFSEL_R
                               EQU              0x40061420
   63 00000000 40061510 
                       GPIO_PORTK_PUR_R
                               EQU              0x40061510
   64 00000000 4006151C 
                       GPIO_PORTK_DEN_R
                               EQU              0x4006151C
   65 00000000 40061520 
                       GPIO_PORTK_LOCK_R
                               EQU              0x40061520
   66 00000000 40061524 
                       GPIO_PORTK_CR_R
                               EQU              0x40061524
   67 00000000 40061528 
                       GPIO_PORTK_AMSEL_R
                               EQU              0x40061528
   68 00000000 4006152C 
                       GPIO_PORTK_PCTL_R
                               EQU              0x4006152C
   69 00000000 00000200 
                       GPIO_PORTK
                               EQU              2_000001000000000
   70 00000000         
   71 00000000 40063410 
                       GPIO_PORTM_IM_R
                               EQU              0x40063410
   72 00000000 40063404 
                       GPIO_PORTM_IS_R
                               EQU              0x40063404
   73 00000000 40063408 
                       GPIO_PORTM_IBE_R
                               EQU              0x40063408
   74 00000000 4006340C 



ARM Macro Assembler    Page 4 


                       GPIO_PORTM_IEV_R
                               EQU              0x4006340C
   75 00000000 4006341C 
                       GPIO_PORTM_ICR_R
                               EQU              0x4006341C
   76 00000000         
   77 00000000         
   78 00000000 E000E100 
                       NVIC_EN0_R
                               EQU              0xE000E100
   79 00000000 E000E104 
                       NVIC_EN1_R
                               EQU              0xE000E104
   80 00000000 E000E108 
                       NVIC_EN2_R
                               EQU              0xE000E108
   81 00000000 E000E10C 
                       NVIC_EN3_R
                               EQU              0xE000E10C
   82 00000000 E000E180 
                       NVIC_DIS0_R
                               EQU              0xE000E180
   83 00000000 E000E184 
                       NVIC_DIS1_R
                               EQU              0xE000E184
   84 00000000 E000E188 
                       NVIC_DIS2_R
                               EQU              0xE000E188
   85 00000000 E000E18C 
                       NVIC_DIS3_R
                               EQU              0xE000E18C
   86 00000000 E000E200 
                       NVIC_PEND0_R
                               EQU              0xE000E200
   87 00000000 E000E204 
                       NVIC_PEND1_R
                               EQU              0xE000E204
   88 00000000 E000E208 
                       NVIC_PEND2_R
                               EQU              0xE000E208
   89 00000000 E000E20C 
                       NVIC_PEND3_R
                               EQU              0xE000E20C
   90 00000000 E000E280 
                       NVIC_UNPEND0_R
                               EQU              0xE000E280
   91 00000000 E000E284 
                       NVIC_UNPEND1_R
                               EQU              0xE000E284
   92 00000000 E000E288 
                       NVIC_UNPEND2_R
                               EQU              0xE000E288
   93 00000000 E000E28C 
                       NVIC_UNPEND3_R
                               EQU              0xE000E28C
   94 00000000 E000E300 
                       NVIC_ACTIVE0_R
                               EQU              0xE000E300
   95 00000000 E000E304 



ARM Macro Assembler    Page 5 


                       NVIC_ACTIVE1_R
                               EQU              0xE000E304
   96 00000000 E000E308 
                       NVIC_ACTIVE2_R
                               EQU              0xE000E308
   97 00000000 E000E30C 
                       NVIC_ACTIVE3_R
                               EQU              0xE000E30C
   98 00000000 E000E400 
                       NVIC_PRI0_R
                               EQU              0xE000E400
   99 00000000 E000E404 
                       NVIC_PRI1_R
                               EQU              0xE000E404
  100 00000000 E000E408 
                       NVIC_PRI2_R
                               EQU              0xE000E408
  101 00000000 E000E40C 
                       NVIC_PRI3_R
                               EQU              0xE000E40C
  102 00000000 E000E410 
                       NVIC_PRI4_R
                               EQU              0xE000E410
  103 00000000 E000E418 
                       NVIC_PRI6_R
                               EQU              0xE000E418
  104 00000000 E000E414 
                       NVIC_PRI5_R
                               EQU              0xE000E414
  105 00000000 E000E41C 
                       NVIC_PRI7_R
                               EQU              0xE000E41C
  106 00000000 E000E420 
                       NVIC_PRI8_R
                               EQU              0xE000E420
  107 00000000 E000E424 
                       NVIC_PRI9_R
                               EQU              0xE000E424
  108 00000000 E000E428 
                       NVIC_PRI10_R
                               EQU              0xE000E428
  109 00000000 E000E42C 
                       NVIC_PRI11_R
                               EQU              0xE000E42C
  110 00000000 E000E430 
                       NVIC_PRI12_R
                               EQU              0xE000E430
  111 00000000 E000E434 
                       NVIC_PRI13_R
                               EQU              0xE000E434
  112 00000000 E000E438 
                       NVIC_PRI14_R
                               EQU              0xE000E438
  113 00000000 E000E43C 
                       NVIC_PRI15_R
                               EQU              0xE000E43C
  114 00000000 E000E440 
                       NVIC_PRI16_R
                               EQU              0xE000E440



ARM Macro Assembler    Page 6 


  115 00000000 E000E444 
                       NVIC_PRI17_R
                               EQU              0xE000E444
  116 00000000 E000E448 
                       NVIC_PRI18_R
                               EQU              0xE000E448
  117 00000000 E000E44C 
                       NVIC_PRI19_R
                               EQU              0xE000E44C
  118 00000000 E000E450 
                       NVIC_PRI20_R
                               EQU              0xE000E450
  119 00000000 E000E454 
                       NVIC_PRI21_R
                               EQU              0xE000E454
  120 00000000 E000E458 
                       NVIC_PRI22_R
                               EQU              0xE000E458
  121 00000000 E000E45C 
                       NVIC_PRI23_R
                               EQU              0xE000E45C
  122 00000000 E000E460 
                       NVIC_PRI24_R
                               EQU              0xE000E460
  123 00000000 E000E464 
                       NVIC_PRI25_R
                               EQU              0xE000E464
  124 00000000 E000E468 
                       NVIC_PRI26_R
                               EQU              0xE000E468
  125 00000000 E000E46C 
                       NVIC_PRI27_R
                               EQU              0xE000E46C
  126 00000000 E000E470 
                       NVIC_PRI28_R
                               EQU              0xE000E470
  127 00000000         ; ------------------------------------------------------
                       -------------------------
  128 00000000         ; Área de Código - Tudo abaixo da diretiva a seguir será
                        armazenado na memória de 
  129 00000000         ;                  código
  130 00000000                 AREA             |.text|, CODE, READONLY, ALIGN=
2
  131 00000000         
  132 00000000         ; Se alguma função do arquivo for chamada em outro arqui
                       vo 
  133 00000000                 EXPORT           GPIO_Init   ; Permite chamar GP
                                                            IO_Init de outro ar
                                                            quivo
  134 00000000                 EXPORT           PortN_Output ; Permite chamar P
                                                            ortN_Output de outr
                                                            o arquivo
  135 00000000                 EXPORT           GPIOPortM_Handler
  136 00000000                 IMPORT           EnableInterrupts
  137 00000000                 IMPORT           DisableInterrupts
  138 00000000                 IMPORT           SysTick_Wait1ms
  139 00000000         
  140 00000000         ;-------------------------------------------------------
                       -------------------------



ARM Macro Assembler    Page 7 


  141 00000000         ; Função GPIO_Init
  142 00000000         ; Parâmetro de entrada: Não tem
  143 00000000         ; Parâmetro de saída: Não tem
  144 00000000         GPIO_Init
  145 00000000         ;=====================
  146 00000000         ; 1. Ativar o clock para a porta setando o bit correspon
                       dente no registrador RCGCGPIO,
  147 00000000         ; após isso verificar no PRGPIO se a porta está pronta p
                       ara uso.
  148 00000000         ; enable clock to GPIOF at clock gating register
  149 00000000 4833            LDR              R0, =SYSCTL_RCGCGPIO_R ;Carrega
                                                             o endereço do regi
                                                            strador RCGCGPIO
  150 00000002 F44F 5180       MOV              R1, #GPIO_PORTN ;Seta o bit da 
                                                            porta N
  151 00000006 F441 6100       ORR              R1, #GPIO_PORTM
  152 0000000A F441 7100       ORR              R1, #GPIO_PORTK ;Seta o bit da 
                                                            porta J, fazendo co
                                                            m OR
  153 0000000E 6001            STR              R1, [R0]    ;Move para a memóri
                                                            a os bits das porta
                                                            s no endereço do RC
                                                            GCGPIO
  154 00000010         
  155 00000010 4830            LDR              R0, =SYSCTL_PRGPIO_R ;Carrega o
                                                             endereço do PRGPIO
                                                             para esperar os GP
                                                            IO ficarem prontos
  156 00000012 6801    EsperaGPIO
                               LDR              R1, [R0]    ;Lê da memória o co
                                                            nteúdo do endereço 
                                                            do registrador
  157 00000014 F44F 5280       MOV              R2, #GPIO_PORTN ;Seta os bits c
                                                            orrespondentes às p
                                                            ortas para fazer a 
                                                            comparação
  158 00000018 F442 6200       ORR              R2, #GPIO_PORTM ;Seta o bit da 
                                                            porta J, fazendo co
                                                            m OR
  159 0000001C F442 7200       ORR              R2, #GPIO_PORTK
  160 00000020 4211            TST              R1, R2      ;Testa o R1 com R2 
                                                            fazendo R1 & R2
  161 00000022 D0F6            BEQ              EsperaGPIO  ;Se o flag Z=1, vol
                                                            ta para o laço. Sen
                                                            ão continua executa
                                                            ndo
  162 00000024         
  163 00000024         ; 2. Limpar o AMSEL para desabilitar a analógica
  164 00000024 F04F 0100       MOV              R1, #0x00   ;Colocar 0 no regis
                                                            trador para desabil
                                                            itar a função analó
                                                            gica
  165 00000028 482B            LDR              R0, =GPIO_PORTJ_AHB_AMSEL_R ;Ca
                                                            rrega o R0 com o en
                                                            dereço do AMSEL par
                                                            a a porta J
  166 0000002A 6001            STR              R1, [R0]    ;Guarda no registra
                                                            dor AMSEL da porta 
                                                            J da memória



ARM Macro Assembler    Page 8 


  167 0000002C 482B            LDR              R0, =GPIO_PORTN_AMSEL_R ;Carreg
                                                            a o R0 com o endere
                                                            ço do AMSEL para a 
                                                            porta N
  168 0000002E 6001            STR              R1, [R0]    ;Guarda no registra
                                                            dor AMSEL da porta 
                                                            N da memória
  169 00000030         
  170 00000030         ; 3. Limpar PCTL para selecionar o GPIO
  171 00000030 F04F 0100       MOV              R1, #0x00   ;Colocar 0 no regis
                                                            trador para selecio
                                                            nar o modo GPIO
  172 00000034 482A            LDR              R0, =GPIO_PORTJ_AHB_PCTL_R ;Car
                                                            rega o R0 com o end
                                                            ereço do PCTL para 
                                                            a porta J
  173 00000036 6001            STR              R1, [R0]    ;Guarda no registra
                                                            dor PCTL da porta J
                                                             da memória
  174 00000038 482A            LDR              R0, =GPIO_PORTN_PCTL_R ;Carrega
                                                             o R0 com o endereç
                                                            o do PCTL para a po
                                                            rta N
  175 0000003A 6001            STR              R1, [R0]    ;Guarda no registra
                                                            dor PCTL da porta N
                                                             da memória
  176 0000003C         ; 4. DIR para 0 se for entrada, 1 se for saída
  177 0000003C 482A            LDR              R0, =GPIO_PORTN_DIR_R ;Carrega 
                                                            o R0 com o endereço
                                                             do DIR para a port
                                                            a N
  178 0000003E F04F 0102       MOV              R1, #2_0010 ;PN1
  179 00000042 6001            STR              R1, [R0]    ;Guarda no registra
                                                            dor
  180 00000044         ; O certo era verificar os outros bits da PJ para não tr
                       ansformar entradas em saídas desnecessárias
  181 00000044 4829            LDR              R0, =GPIO_PORTJ_AHB_DIR_R ;Carr
                                                            ega o R0 com o ende
                                                            reço do DIR para a 
                                                            porta J
  182 00000046 F04F 0100       MOV              R1, #0x00   ;Colocar 0 no regis
                                                            trador DIR para fun
                                                            cionar com saída
  183 0000004A 6001            STR              R1, [R0]    ;Guarda no registra
                                                            dor PCTL da porta J
                                                             da memória
  184 0000004C         ; 5. Limpar os bits AFSEL para 0 para selecionar GPIO 
  185 0000004C         ;    Sem função alternativa
  186 0000004C F04F 0100       MOV              R1, #0x00   ;Colocar o valor 0 
                                                            para não setar funç
                                                            ão alternativa
  187 00000050 4827            LDR              R0, =GPIO_PORTN_AFSEL_R ;Carreg
                                                            a o endereço do AFS
                                                            EL da porta N
  188 00000052 6001            STR              R1, [R0]    ;Escreve na porta
  189 00000054 4827            LDR              R0, =GPIO_PORTJ_AHB_AFSEL_R ;Ca
                                                            rrega o endereço do
                                                             AFSEL da porta J
  190 00000056 6001            STR              R1, [R0]    ;Escreve na porta



ARM Macro Assembler    Page 9 


  191 00000058         ; 6. Setar os bits de DEN para habilitar I/O digital
  192 00000058 4827            LDR              R0, =GPIO_PORTN_DEN_R ;Carrega 
                                                            o endereço do DEN
  193 0000005A F04F 0102       MOV              R1, #2_00000010 ;N1
  194 0000005E 6001            STR              R1, [R0]    ;Escreve no registr
                                                            ador da memória fun
                                                            cionalidade digital
                                                             
  195 00000060         
  196 00000060 4826            LDR              R0, =GPIO_PORTJ_AHB_DEN_R ;Carr
                                                            ega o endereço do D
                                                            EN
  197 00000062 F04F 0101       MOV              R1, #2_00000001 ;J0     
  198 00000066 6001            STR              R1, [R0]    ;Escreve no registr
                                                            ador da memória fun
                                                            cionalidade digital
                                                            
  199 00000068         
  200 00000068         ; 7. Para habilitar resistor de pull-up interno, setar P
                       UR para 1
  201 00000068 4825            LDR              R0, =GPIO_PORTJ_AHB_PUR_R ;Carr
                                                            ega o endereço do P
                                                            UR para a porta J
  202 0000006A F04F 0101       MOV              R1, #2_1    ;Habilitar funciona
                                                            lidade digital de r
                                                            esistor de pull-up 
                                                            
  203 0000006E 6001            STR              R1, [R0]    ;Escreve no registr
                                                            ador da memória do 
                                                            resistor de pull-up
                                                            
  204 00000070         
  205 00000070         ;Interrupções
  206 00000070         ; 8. Desabilitar a interrupção no registrador IM
  207 00000070 4824            LDR              R0, =GPIO_PORTM_IM_R
  208 00000072 F04F 0100       MOV              R1, #2_00
  209 00000076 6001            STR              R1, [R0]
  210 00000078         
  211 00000078         ; 9. Configuar o tipo de interrupção por borda no regist
                       rador IS
  212 00000078 4823            LDR              R0, =GPIO_PORTM_IS_R
  213 0000007A F04F 0100       MOV              R1, #2_00
  214 0000007E 6001            STR              R1, [R0]
  215 00000080         
  216 00000080         ; 10. Configurar borda única no registrador IBE
  217 00000080 4822            LDR              R0, =GPIO_PORTM_IBE_R
  218 00000082 F04F 0100       MOV              R1, #2_00
  219 00000086 6001            STR              R1, [R0]
  220 00000088         
  221 00000088         ; 11. Configurar borda de descida (botão pressionado) no
                        registrador IEV
  222 00000088 4821            LDR              R0, =GPIO_PORTM_IEV_R
  223 0000008A F04F 0100       MOV              R1, #2_00   ; Borda Única - se 
                                                            fosse subida seria 
                                                            2_1
  224 0000008E 6001            STR              R1, [R0]
  225 00000090         
  226 00000090         ; 12. Habilitar a interrupção no registrador IM
  227 00000090 481C            LDR              R0, =GPIO_PORTM_IM_R



ARM Macro Assembler    Page 10 


  228 00000092 F04F 0101       MOV              R1, #2_01
  229 00000096 6001            STR              R1, [R0]
  230 00000098         
  231 00000098         ;Interrupção número 72
  232 00000098         ; 13. Setar a prioridade no NVIC
  233 00000098 481E            LDR              R0, =NVIC_PRI18_R
  234 0000009A F04F 0103       MOV              R1, #3
  235 0000009E EA4F 1141       LSL              R1, R1, #5
  236 000000A2 6001            STR              R1, [R0]
  237 000000A4         ; 14. Habilitar a interrupção no NVIC
  238 000000A4 481C            LDR              R0, =NVIC_EN2_R
  239 000000A6 F04F 0101       MOV              R1, #1
  240 000000AA EA4F 2101       LSL              R1, #8
  241 000000AE 6001            STR              R1, [R0]
  242 000000B0         
  243 000000B0         
  244 000000B0 4770            BX               LR
  245 000000B2         
  246 000000B2         
  247 000000B2         ; ------------------------------------------------------
                       -------------------------
  248 000000B2         ; Função PortN_Output
  249 000000B2         ; Parâmetro de entrada: R0 --> se o BIT1 está ligado ou 
                       desligado
  250 000000B2         ; Parâmetro de saída: Não tem
  251 000000B2         PortN_Output
  252 000000B2 491A            LDR              R1, =GPIO_PORTN_DATA_R ;Carrega
                                                             o valor do offset 
                                                            do data register
  253 000000B4         ;Read-Modify-Write para escrita
  254 000000B4 680A            LDR              R2, [R1]
  255 000000B6 F022 0202       BIC              R2, #2_00000010 ;Primeiro limpa
                                                            mos os dois bits do
                                                             lido da porta R2 =
                                                             R2 & 11111101
  256 000000BA EA40 0002       ORR              R0, R0, R2  ;Fazer o OR do lido
                                                             pela porta com o p
                                                            arâmetro de entrada
                                                            
  257 000000BE 6008            STR              R0, [R1]    ;Escreve na porta N
                                                             o barramento de da
                                                            dos do pino N1
  258 000000C0 4770            BX               LR          ;Retorno
  259 000000C2         
  260 000000C2         
  261 000000C2         GPIOPortM_Handler
  262 000000C2 4917            LDR              R1, =GPIO_PORTM_ICR_R
  263 000000C4 F04F 0001       MOV              R0, #2_00000001
  264 000000C8 6008            STR              R0, [R1]
  265 000000CA         
  266 000000CA F08A 0A01       EOR              R10, R10, #2_1
  267 000000CE         
  268 000000CE 4770            BX               LR
  269 000000D0         
  270 000000D0         
  271 000000D0         
  272 000000D0                 ALIGN                        ; garante que o fim
                                                             da seção está alin
                                                            hada 



ARM Macro Assembler    Page 11 


  273 000000D0                 END                          ; fim do arquivo
              400FE608 
              400FEA08 
              40060528 
              40064528 
              4006052C 
              4006452C 
              40064400 
              40060400 
              40064420 
              40060420 
              4006451C 
              4006051C 
              40060510 
              40063410 
              40063404 
              40063408 
              4006340C 
              E000E448 
              E000E108 
              400643FC 
              4006341C 
Command Line: --debug --xref --diag_suppress=9931 --cpu=Cortex-M4.fp.sp --apcs=
interwork --depend=.\objects\gpio.d -o.\objects\gpio.o -ID:\Keil\Arm\Packs\Keil
\TM4C_DFP\1.1.0\Device\Include\TM4C129 --predefine="__EVAL SETA 1" --predefine=
"__UVISION_VERSION SETA 536" --predefine="TM4C1294NCPDT SETA 1" --list=.\listin
gs\gpio.lst gpio.s



ARM Macro Assembler    Page 1 Alphabetic symbol ordering
Relocatable symbols

.text 00000000

Symbol: .text
   Definitions
      At line 130 in file gpio.s
   Uses
      None
Comment: .text unused
EsperaGPIO 00000012

Symbol: EsperaGPIO
   Definitions
      At line 156 in file gpio.s
   Uses
      At line 161 in file gpio.s
Comment: EsperaGPIO used once
GPIOPortM_Handler 000000C2

Symbol: GPIOPortM_Handler
   Definitions
      At line 261 in file gpio.s
   Uses
      At line 135 in file gpio.s
Comment: GPIOPortM_Handler used once
GPIO_Init 00000000

Symbol: GPIO_Init
   Definitions
      At line 144 in file gpio.s
   Uses
      At line 133 in file gpio.s
Comment: GPIO_Init used once
PortN_Output 000000B2

Symbol: PortN_Output
   Definitions
      At line 251 in file gpio.s
   Uses
      At line 134 in file gpio.s
Comment: PortN_Output used once
5 symbols



ARM Macro Assembler    Page 1 Alphabetic symbol ordering
Absolute symbols

BIT0 00000001

Symbol: BIT0
   Definitions
      At line 12 in file gpio.s
   Uses
      None
Comment: BIT0 unused
BIT1 00000002

Symbol: BIT1
   Definitions
      At line 13 in file gpio.s
   Uses
      None
Comment: BIT1 unused
GPIO_PORTJ 00000100

Symbol: GPIO_PORTJ
   Definitions
      At line 31 in file gpio.s
   Uses
      None
Comment: GPIO_PORTJ unused
GPIO_PORTJ_AHB_AFSEL_R 40060420

Symbol: GPIO_PORTJ_AHB_AFSEL_R
   Definitions
      At line 26 in file gpio.s
   Uses
      At line 189 in file gpio.s
Comment: GPIO_PORTJ_AHB_AFSEL_R used once
GPIO_PORTJ_AHB_AMSEL_R 40060528

Symbol: GPIO_PORTJ_AHB_AMSEL_R
   Definitions
      At line 23 in file gpio.s
   Uses
      At line 165 in file gpio.s
Comment: GPIO_PORTJ_AHB_AMSEL_R used once
GPIO_PORTJ_AHB_CR_R 40060524

Symbol: GPIO_PORTJ_AHB_CR_R
   Definitions
      At line 22 in file gpio.s
   Uses
      None
Comment: GPIO_PORTJ_AHB_CR_R unused
GPIO_PORTJ_AHB_DATA_BITS_R 40060000

Symbol: GPIO_PORTJ_AHB_DATA_BITS_R
   Definitions
      At line 30 in file gpio.s
   Uses
      None
Comment: GPIO_PORTJ_AHB_DATA_BITS_R unused
GPIO_PORTJ_AHB_DATA_R 400603FC

Symbol: GPIO_PORTJ_AHB_DATA_R



ARM Macro Assembler    Page 2 Alphabetic symbol ordering
Absolute symbols

   Definitions
      At line 29 in file gpio.s
   Uses
      None
Comment: GPIO_PORTJ_AHB_DATA_R unused
GPIO_PORTJ_AHB_DEN_R 4006051C

Symbol: GPIO_PORTJ_AHB_DEN_R
   Definitions
      At line 27 in file gpio.s
   Uses
      At line 196 in file gpio.s
Comment: GPIO_PORTJ_AHB_DEN_R used once
GPIO_PORTJ_AHB_DIR_R 40060400

Symbol: GPIO_PORTJ_AHB_DIR_R
   Definitions
      At line 25 in file gpio.s
   Uses
      At line 181 in file gpio.s
Comment: GPIO_PORTJ_AHB_DIR_R used once
GPIO_PORTJ_AHB_LOCK_R 40060520

Symbol: GPIO_PORTJ_AHB_LOCK_R
   Definitions
      At line 21 in file gpio.s
   Uses
      None
Comment: GPIO_PORTJ_AHB_LOCK_R unused
GPIO_PORTJ_AHB_PCTL_R 4006052C

Symbol: GPIO_PORTJ_AHB_PCTL_R
   Definitions
      At line 24 in file gpio.s
   Uses
      At line 172 in file gpio.s
Comment: GPIO_PORTJ_AHB_PCTL_R used once
GPIO_PORTJ_AHB_PUR_R 40060510

Symbol: GPIO_PORTJ_AHB_PUR_R
   Definitions
      At line 28 in file gpio.s
   Uses
      At line 201 in file gpio.s
Comment: GPIO_PORTJ_AHB_PUR_R used once
GPIO_PORTK 00000200

Symbol: GPIO_PORTK
   Definitions
      At line 69 in file gpio.s
   Uses
      At line 152 in file gpio.s
      At line 159 in file gpio.s

GPIO_PORTK_AFSEL_R 40061420

Symbol: GPIO_PORTK_AFSEL_R
   Definitions
      At line 62 in file gpio.s



ARM Macro Assembler    Page 3 Alphabetic symbol ordering
Absolute symbols

   Uses
      None
Comment: GPIO_PORTK_AFSEL_R unused
GPIO_PORTK_AMSEL_R 40061528

Symbol: GPIO_PORTK_AMSEL_R
   Definitions
      At line 67 in file gpio.s
   Uses
      None
Comment: GPIO_PORTK_AMSEL_R unused
GPIO_PORTK_CR_R 40061524

Symbol: GPIO_PORTK_CR_R
   Definitions
      At line 66 in file gpio.s
   Uses
      None
Comment: GPIO_PORTK_CR_R unused
GPIO_PORTK_DATA_BITS_R 40061000

Symbol: GPIO_PORTK_DATA_BITS_R
   Definitions
      At line 59 in file gpio.s
   Uses
      None
Comment: GPIO_PORTK_DATA_BITS_R unused
GPIO_PORTK_DATA_R 400613FC

Symbol: GPIO_PORTK_DATA_R
   Definitions
      At line 60 in file gpio.s
   Uses
      None
Comment: GPIO_PORTK_DATA_R unused
GPIO_PORTK_DEN_R 4006151C

Symbol: GPIO_PORTK_DEN_R
   Definitions
      At line 64 in file gpio.s
   Uses
      None
Comment: GPIO_PORTK_DEN_R unused
GPIO_PORTK_DIR_R 40061400

Symbol: GPIO_PORTK_DIR_R
   Definitions
      At line 61 in file gpio.s
   Uses
      None
Comment: GPIO_PORTK_DIR_R unused
GPIO_PORTK_LOCK_R 40061520

Symbol: GPIO_PORTK_LOCK_R
   Definitions
      At line 65 in file gpio.s
   Uses
      None
Comment: GPIO_PORTK_LOCK_R unused



ARM Macro Assembler    Page 4 Alphabetic symbol ordering
Absolute symbols

GPIO_PORTK_PCTL_R 4006152C

Symbol: GPIO_PORTK_PCTL_R
   Definitions
      At line 68 in file gpio.s
   Uses
      None
Comment: GPIO_PORTK_PCTL_R unused
GPIO_PORTK_PUR_R 40061510

Symbol: GPIO_PORTK_PUR_R
   Definitions
      At line 63 in file gpio.s
   Uses
      None
Comment: GPIO_PORTK_PUR_R unused
GPIO_PORTM 00000800

Symbol: GPIO_PORTM
   Definitions
      At line 56 in file gpio.s
   Uses
      At line 151 in file gpio.s
      At line 158 in file gpio.s

GPIO_PORTM_AFSEL_R 40063420

Symbol: GPIO_PORTM_AFSEL_R
   Definitions
      At line 49 in file gpio.s
   Uses
      None
Comment: GPIO_PORTM_AFSEL_R unused
GPIO_PORTM_AMSEL_R 40063528

Symbol: GPIO_PORTM_AMSEL_R
   Definitions
      At line 54 in file gpio.s
   Uses
      None
Comment: GPIO_PORTM_AMSEL_R unused
GPIO_PORTM_CR_R 40063524

Symbol: GPIO_PORTM_CR_R
   Definitions
      At line 53 in file gpio.s
   Uses
      None
Comment: GPIO_PORTM_CR_R unused
GPIO_PORTM_DATA_BITS_R 40063000

Symbol: GPIO_PORTM_DATA_BITS_R
   Definitions
      At line 46 in file gpio.s
   Uses
      None
Comment: GPIO_PORTM_DATA_BITS_R unused
GPIO_PORTM_DATA_R 400633FC




ARM Macro Assembler    Page 5 Alphabetic symbol ordering
Absolute symbols

Symbol: GPIO_PORTM_DATA_R
   Definitions
      At line 47 in file gpio.s
   Uses
      None
Comment: GPIO_PORTM_DATA_R unused
GPIO_PORTM_DEN_R 4006351C

Symbol: GPIO_PORTM_DEN_R
   Definitions
      At line 51 in file gpio.s
   Uses
      None
Comment: GPIO_PORTM_DEN_R unused
GPIO_PORTM_DIR_R 40063400

Symbol: GPIO_PORTM_DIR_R
   Definitions
      At line 48 in file gpio.s
   Uses
      None
Comment: GPIO_PORTM_DIR_R unused
GPIO_PORTM_IBE_R 40063408

Symbol: GPIO_PORTM_IBE_R
   Definitions
      At line 73 in file gpio.s
   Uses
      At line 217 in file gpio.s
Comment: GPIO_PORTM_IBE_R used once
GPIO_PORTM_ICR_R 4006341C

Symbol: GPIO_PORTM_ICR_R
   Definitions
      At line 75 in file gpio.s
   Uses
      At line 262 in file gpio.s
Comment: GPIO_PORTM_ICR_R used once
GPIO_PORTM_IEV_R 4006340C

Symbol: GPIO_PORTM_IEV_R
   Definitions
      At line 74 in file gpio.s
   Uses
      At line 222 in file gpio.s
Comment: GPIO_PORTM_IEV_R used once
GPIO_PORTM_IM_R 40063410

Symbol: GPIO_PORTM_IM_R
   Definitions
      At line 71 in file gpio.s
   Uses
      At line 207 in file gpio.s
      At line 227 in file gpio.s

GPIO_PORTM_IS_R 40063404

Symbol: GPIO_PORTM_IS_R
   Definitions



ARM Macro Assembler    Page 6 Alphabetic symbol ordering
Absolute symbols

      At line 72 in file gpio.s
   Uses
      At line 212 in file gpio.s
Comment: GPIO_PORTM_IS_R used once
GPIO_PORTM_LOCK_R 40063520

Symbol: GPIO_PORTM_LOCK_R
   Definitions
      At line 52 in file gpio.s
   Uses
      None
Comment: GPIO_PORTM_LOCK_R unused
GPIO_PORTM_PCTL_R 4006352C

Symbol: GPIO_PORTM_PCTL_R
   Definitions
      At line 55 in file gpio.s
   Uses
      None
Comment: GPIO_PORTM_PCTL_R unused
GPIO_PORTM_PUR_R 40063510

Symbol: GPIO_PORTM_PUR_R
   Definitions
      At line 50 in file gpio.s
   Uses
      None
Comment: GPIO_PORTM_PUR_R unused
GPIO_PORTN 00001000

Symbol: GPIO_PORTN
   Definitions
      At line 43 in file gpio.s
   Uses
      At line 150 in file gpio.s
      At line 157 in file gpio.s

GPIO_PORTN_AFSEL_R 40064420

Symbol: GPIO_PORTN_AFSEL_R
   Definitions
      At line 38 in file gpio.s
   Uses
      At line 187 in file gpio.s
Comment: GPIO_PORTN_AFSEL_R used once
GPIO_PORTN_AMSEL_R 40064528

Symbol: GPIO_PORTN_AMSEL_R
   Definitions
      At line 35 in file gpio.s
   Uses
      At line 167 in file gpio.s
Comment: GPIO_PORTN_AMSEL_R used once
GPIO_PORTN_CR_R 40064524

Symbol: GPIO_PORTN_CR_R
   Definitions
      At line 34 in file gpio.s
   Uses



ARM Macro Assembler    Page 7 Alphabetic symbol ordering
Absolute symbols

      None
Comment: GPIO_PORTN_CR_R unused
GPIO_PORTN_DATA_BITS_R 40064000

Symbol: GPIO_PORTN_DATA_BITS_R
   Definitions
      At line 42 in file gpio.s
   Uses
      None
Comment: GPIO_PORTN_DATA_BITS_R unused
GPIO_PORTN_DATA_R 400643FC

Symbol: GPIO_PORTN_DATA_R
   Definitions
      At line 41 in file gpio.s
   Uses
      At line 252 in file gpio.s
Comment: GPIO_PORTN_DATA_R used once
GPIO_PORTN_DEN_R 4006451C

Symbol: GPIO_PORTN_DEN_R
   Definitions
      At line 39 in file gpio.s
   Uses
      At line 192 in file gpio.s
Comment: GPIO_PORTN_DEN_R used once
GPIO_PORTN_DIR_R 40064400

Symbol: GPIO_PORTN_DIR_R
   Definitions
      At line 37 in file gpio.s
   Uses
      At line 177 in file gpio.s
Comment: GPIO_PORTN_DIR_R used once
GPIO_PORTN_LOCK_R 40064520

Symbol: GPIO_PORTN_LOCK_R
   Definitions
      At line 33 in file gpio.s
   Uses
      None
Comment: GPIO_PORTN_LOCK_R unused
GPIO_PORTN_PCTL_R 4006452C

Symbol: GPIO_PORTN_PCTL_R
   Definitions
      At line 36 in file gpio.s
   Uses
      At line 174 in file gpio.s
Comment: GPIO_PORTN_PCTL_R used once
GPIO_PORTN_PUR_R 40064510

Symbol: GPIO_PORTN_PUR_R
   Definitions
      At line 40 in file gpio.s
   Uses
      None
Comment: GPIO_PORTN_PUR_R unused
NVIC_ACTIVE0_R E000E300



ARM Macro Assembler    Page 8 Alphabetic symbol ordering
Absolute symbols


Symbol: NVIC_ACTIVE0_R
   Definitions
      At line 94 in file gpio.s
   Uses
      None
Comment: NVIC_ACTIVE0_R unused
NVIC_ACTIVE1_R E000E304

Symbol: NVIC_ACTIVE1_R
   Definitions
      At line 95 in file gpio.s
   Uses
      None
Comment: NVIC_ACTIVE1_R unused
NVIC_ACTIVE2_R E000E308

Symbol: NVIC_ACTIVE2_R
   Definitions
      At line 96 in file gpio.s
   Uses
      None
Comment: NVIC_ACTIVE2_R unused
NVIC_ACTIVE3_R E000E30C

Symbol: NVIC_ACTIVE3_R
   Definitions
      At line 97 in file gpio.s
   Uses
      None
Comment: NVIC_ACTIVE3_R unused
NVIC_DIS0_R E000E180

Symbol: NVIC_DIS0_R
   Definitions
      At line 82 in file gpio.s
   Uses
      None
Comment: NVIC_DIS0_R unused
NVIC_DIS1_R E000E184

Symbol: NVIC_DIS1_R
   Definitions
      At line 83 in file gpio.s
   Uses
      None
Comment: NVIC_DIS1_R unused
NVIC_DIS2_R E000E188

Symbol: NVIC_DIS2_R
   Definitions
      At line 84 in file gpio.s
   Uses
      None
Comment: NVIC_DIS2_R unused
NVIC_DIS3_R E000E18C

Symbol: NVIC_DIS3_R
   Definitions



ARM Macro Assembler    Page 9 Alphabetic symbol ordering
Absolute symbols

      At line 85 in file gpio.s
   Uses
      None
Comment: NVIC_DIS3_R unused
NVIC_EN0_R E000E100

Symbol: NVIC_EN0_R
   Definitions
      At line 78 in file gpio.s
   Uses
      None
Comment: NVIC_EN0_R unused
NVIC_EN1_R E000E104

Symbol: NVIC_EN1_R
   Definitions
      At line 79 in file gpio.s
   Uses
      None
Comment: NVIC_EN1_R unused
NVIC_EN2_R E000E108

Symbol: NVIC_EN2_R
   Definitions
      At line 80 in file gpio.s
   Uses
      At line 238 in file gpio.s
Comment: NVIC_EN2_R used once
NVIC_EN3_R E000E10C

Symbol: NVIC_EN3_R
   Definitions
      At line 81 in file gpio.s
   Uses
      None
Comment: NVIC_EN3_R unused
NVIC_PEND0_R E000E200

Symbol: NVIC_PEND0_R
   Definitions
      At line 86 in file gpio.s
   Uses
      None
Comment: NVIC_PEND0_R unused
NVIC_PEND1_R E000E204

Symbol: NVIC_PEND1_R
   Definitions
      At line 87 in file gpio.s
   Uses
      None
Comment: NVIC_PEND1_R unused
NVIC_PEND2_R E000E208

Symbol: NVIC_PEND2_R
   Definitions
      At line 88 in file gpio.s
   Uses
      None



ARM Macro Assembler    Page 10 Alphabetic symbol ordering
Absolute symbols

Comment: NVIC_PEND2_R unused
NVIC_PEND3_R E000E20C

Symbol: NVIC_PEND3_R
   Definitions
      At line 89 in file gpio.s
   Uses
      None
Comment: NVIC_PEND3_R unused
NVIC_PRI0_R E000E400

Symbol: NVIC_PRI0_R
   Definitions
      At line 98 in file gpio.s
   Uses
      None
Comment: NVIC_PRI0_R unused
NVIC_PRI10_R E000E428

Symbol: NVIC_PRI10_R
   Definitions
      At line 108 in file gpio.s
   Uses
      None
Comment: NVIC_PRI10_R unused
NVIC_PRI11_R E000E42C

Symbol: NVIC_PRI11_R
   Definitions
      At line 109 in file gpio.s
   Uses
      None
Comment: NVIC_PRI11_R unused
NVIC_PRI12_R E000E430

Symbol: NVIC_PRI12_R
   Definitions
      At line 110 in file gpio.s
   Uses
      None
Comment: NVIC_PRI12_R unused
NVIC_PRI13_R E000E434

Symbol: NVIC_PRI13_R
   Definitions
      At line 111 in file gpio.s
   Uses
      None
Comment: NVIC_PRI13_R unused
NVIC_PRI14_R E000E438

Symbol: NVIC_PRI14_R
   Definitions
      At line 112 in file gpio.s
   Uses
      None
Comment: NVIC_PRI14_R unused
NVIC_PRI15_R E000E43C




ARM Macro Assembler    Page 11 Alphabetic symbol ordering
Absolute symbols

Symbol: NVIC_PRI15_R
   Definitions
      At line 113 in file gpio.s
   Uses
      None
Comment: NVIC_PRI15_R unused
NVIC_PRI16_R E000E440

Symbol: NVIC_PRI16_R
   Definitions
      At line 114 in file gpio.s
   Uses
      None
Comment: NVIC_PRI16_R unused
NVIC_PRI17_R E000E444

Symbol: NVIC_PRI17_R
   Definitions
      At line 115 in file gpio.s
   Uses
      None
Comment: NVIC_PRI17_R unused
NVIC_PRI18_R E000E448

Symbol: NVIC_PRI18_R
   Definitions
      At line 116 in file gpio.s
   Uses
      At line 233 in file gpio.s
Comment: NVIC_PRI18_R used once
NVIC_PRI19_R E000E44C

Symbol: NVIC_PRI19_R
   Definitions
      At line 117 in file gpio.s
   Uses
      None
Comment: NVIC_PRI19_R unused
NVIC_PRI1_R E000E404

Symbol: NVIC_PRI1_R
   Definitions
      At line 99 in file gpio.s
   Uses
      None
Comment: NVIC_PRI1_R unused
NVIC_PRI20_R E000E450

Symbol: NVIC_PRI20_R
   Definitions
      At line 118 in file gpio.s
   Uses
      None
Comment: NVIC_PRI20_R unused
NVIC_PRI21_R E000E454

Symbol: NVIC_PRI21_R
   Definitions
      At line 119 in file gpio.s



ARM Macro Assembler    Page 12 Alphabetic symbol ordering
Absolute symbols

   Uses
      None
Comment: NVIC_PRI21_R unused
NVIC_PRI22_R E000E458

Symbol: NVIC_PRI22_R
   Definitions
      At line 120 in file gpio.s
   Uses
      None
Comment: NVIC_PRI22_R unused
NVIC_PRI23_R E000E45C

Symbol: NVIC_PRI23_R
   Definitions
      At line 121 in file gpio.s
   Uses
      None
Comment: NVIC_PRI23_R unused
NVIC_PRI24_R E000E460

Symbol: NVIC_PRI24_R
   Definitions
      At line 122 in file gpio.s
   Uses
      None
Comment: NVIC_PRI24_R unused
NVIC_PRI25_R E000E464

Symbol: NVIC_PRI25_R
   Definitions
      At line 123 in file gpio.s
   Uses
      None
Comment: NVIC_PRI25_R unused
NVIC_PRI26_R E000E468

Symbol: NVIC_PRI26_R
   Definitions
      At line 124 in file gpio.s
   Uses
      None
Comment: NVIC_PRI26_R unused
NVIC_PRI27_R E000E46C

Symbol: NVIC_PRI27_R
   Definitions
      At line 125 in file gpio.s
   Uses
      None
Comment: NVIC_PRI27_R unused
NVIC_PRI28_R E000E470

Symbol: NVIC_PRI28_R
   Definitions
      At line 126 in file gpio.s
   Uses
      None
Comment: NVIC_PRI28_R unused



ARM Macro Assembler    Page 13 Alphabetic symbol ordering
Absolute symbols

NVIC_PRI2_R E000E408

Symbol: NVIC_PRI2_R
   Definitions
      At line 100 in file gpio.s
   Uses
      None
Comment: NVIC_PRI2_R unused
NVIC_PRI3_R E000E40C

Symbol: NVIC_PRI3_R
   Definitions
      At line 101 in file gpio.s
   Uses
      None
Comment: NVIC_PRI3_R unused
NVIC_PRI4_R E000E410

Symbol: NVIC_PRI4_R
   Definitions
      At line 102 in file gpio.s
   Uses
      None
Comment: NVIC_PRI4_R unused
NVIC_PRI5_R E000E414

Symbol: NVIC_PRI5_R
   Definitions
      At line 104 in file gpio.s
   Uses
      None
Comment: NVIC_PRI5_R unused
NVIC_PRI6_R E000E418

Symbol: NVIC_PRI6_R
   Definitions
      At line 103 in file gpio.s
   Uses
      None
Comment: NVIC_PRI6_R unused
NVIC_PRI7_R E000E41C

Symbol: NVIC_PRI7_R
   Definitions
      At line 105 in file gpio.s
   Uses
      None
Comment: NVIC_PRI7_R unused
NVIC_PRI8_R E000E420

Symbol: NVIC_PRI8_R
   Definitions
      At line 106 in file gpio.s
   Uses
      None
Comment: NVIC_PRI8_R unused
NVIC_PRI9_R E000E424

Symbol: NVIC_PRI9_R



ARM Macro Assembler    Page 14 Alphabetic symbol ordering
Absolute symbols

   Definitions
      At line 107 in file gpio.s
   Uses
      None
Comment: NVIC_PRI9_R unused
NVIC_UNPEND0_R E000E280

Symbol: NVIC_UNPEND0_R
   Definitions
      At line 90 in file gpio.s
   Uses
      None
Comment: NVIC_UNPEND0_R unused
NVIC_UNPEND1_R E000E284

Symbol: NVIC_UNPEND1_R
   Definitions
      At line 91 in file gpio.s
   Uses
      None
Comment: NVIC_UNPEND1_R unused
NVIC_UNPEND2_R E000E288

Symbol: NVIC_UNPEND2_R
   Definitions
      At line 92 in file gpio.s
   Uses
      None
Comment: NVIC_UNPEND2_R unused
NVIC_UNPEND3_R E000E28C

Symbol: NVIC_UNPEND3_R
   Definitions
      At line 93 in file gpio.s
   Uses
      None
Comment: NVIC_UNPEND3_R unused
SYSCTL_PRGPIO_R 400FEA08

Symbol: SYSCTL_PRGPIO_R
   Definitions
      At line 17 in file gpio.s
   Uses
      At line 155 in file gpio.s
Comment: SYSCTL_PRGPIO_R used once
SYSCTL_RCGCGPIO_R 400FE608

Symbol: SYSCTL_RCGCGPIO_R
   Definitions
      At line 16 in file gpio.s
   Uses
      At line 149 in file gpio.s
Comment: SYSCTL_RCGCGPIO_R used once
102 symbols



ARM Macro Assembler    Page 1 Alphabetic symbol ordering
External symbols

DisableInterrupts 00000000

Symbol: DisableInterrupts
   Definitions
      At line 137 in file gpio.s
   Uses
      None
Comment: DisableInterrupts unused
EnableInterrupts 00000000

Symbol: EnableInterrupts
   Definitions
      At line 136 in file gpio.s
   Uses
      None
Comment: EnableInterrupts unused
SysTick_Wait1ms 00000000

Symbol: SysTick_Wait1ms
   Definitions
      At line 138 in file gpio.s
   Uses
      None
Comment: SysTick_Wait1ms unused
3 symbols
446 symbols in table
