


ARM Macro Assembler    Page 1 


    1 00000000         ; gpio.s
    2 00000000         ; Desenvolvido para a placa EK-TM4C1294XL
    3 00000000         ; Prof. Guilherme Peron
    4 00000000         ; 24/08/2020
    5 00000000         
    6 00000000         ; ------------------------------------------------------
                       -------------------------
    7 00000000                 THUMB                        ; Instruções do tip
                                                            o Thumb-2
    8 00000000         ; ------------------------------------------------------
                       -------------------------
    9 00000000         ; Declarações EQU - Defines
   10 00000000         ; ========================
   11 00000000         ; Definições de Valores
   12 00000000 00000001 
                       BIT0    EQU              2_0001
   13 00000000 00000002 
                       BIT1    EQU              2_0010
   14 00000000         ; ========================
   15 00000000         ; Definições dos Registradores Gerais
   16 00000000 400FE608 
                       SYSCTL_RCGCGPIO_R
                               EQU              0x400FE608
   17 00000000 400FEA08 
                       SYSCTL_PRGPIO_R
                               EQU              0x400FEA08
   18 00000000         ; ========================
   19 00000000         ; Definições dos Ports
   20 00000000         ; PORT J -> botões USR_SW1->J0 e USR_SW2->J1
   21 00000000         ; PORT J
   22 00000000 40060520 
                       GPIO_PORTJ_AHB_LOCK_R
                               EQU              0x40060520
   23 00000000 40060524 
                       GPIO_PORTJ_AHB_CR_R
                               EQU              0x40060524
   24 00000000 40060528 
                       GPIO_PORTJ_AHB_AMSEL_R
                               EQU              0x40060528
   25 00000000 4006052C 
                       GPIO_PORTJ_AHB_PCTL_R
                               EQU              0x4006052C
   26 00000000 40060400 
                       GPIO_PORTJ_AHB_DIR_R
                               EQU              0x40060400
   27 00000000 40060420 
                       GPIO_PORTJ_AHB_AFSEL_R
                               EQU              0x40060420
   28 00000000 4006051C 
                       GPIO_PORTJ_AHB_DEN_R
                               EQU              0x4006051C
   29 00000000 40060510 
                       GPIO_PORTJ_AHB_PUR_R
                               EQU              0x40060510
   30 00000000 400603FC 
                       GPIO_PORTJ_AHB_DATA_R
                               EQU              0x400603FC
   31 00000000 40060000 
                       GPIO_PORTJ_AHB_DATA_BITS_R



ARM Macro Assembler    Page 2 


                               EQU              0x40060000
   32 00000000 00000100 
                       GPIO_PORTJ
                               EQU              2_100000000
   33 00000000         ; PORT B -> Multiplexados para os displays
   34 00000000         ; PORT B
   35 00000000 40059520 
                       GPIO_PORTB_LOCK_R
                               EQU              0x40059520
   36 00000000 40059524 
                       GPIO_PORTB_CR_R
                               EQU              0x40059524
   37 00000000 40059528 
                       GPIO_PORTB_AMSEL_R
                               EQU              0x40059528
   38 00000000 4005952C 
                       GPIO_PORTB_PCTL_R
                               EQU              0x4005952C
   39 00000000 40059400 
                       GPIO_PORTB_DIR_R
                               EQU              0x40059400
   40 00000000 40059420 
                       GPIO_PORTB_AFSEL_R
                               EQU              0x40059420
   41 00000000 4005951C 
                       GPIO_PORTB_DEN_R
                               EQU              0x4005951C
   42 00000000 40059510 
                       GPIO_PORTB_PUR_R
                               EQU              0x40059510
   43 00000000 400593FC 
                       GPIO_PORTB_DATA_R
                               EQU              0x400593FC
   44 00000000 40059000 
                       GPIO_PORTB_DATA_BITS_R
                               EQU              0x40059000
   45 00000000 00000002 
                       GPIO_PORTB
                               EQU              2_10
   46 00000000         
   47 00000000         ; PORT P -> Multiplexados para os LEDs
   48 00000000         ; PORT P
   49 00000000 40065520 
                       GPIO_PORTP_LOCK_R
                               EQU              0x40065520
   50 00000000 40065524 
                       GPIO_PORTP_CR_R
                               EQU              0x40065524
   51 00000000 40065528 
                       GPIO_PORTP_AMSEL_R
                               EQU              0x40065528
   52 00000000 4006552C 
                       GPIO_PORTP_PCTL_R
                               EQU              0x4006552C
   53 00000000 40065400 
                       GPIO_PORTP_DIR_R
                               EQU              0x40065400
   54 00000000 40065420 
                       GPIO_PORTP_AFSEL_R



ARM Macro Assembler    Page 3 


                               EQU              0x40065420
   55 00000000 4006551C 
                       GPIO_PORTP_DEN_R
                               EQU              0x4006551C
   56 00000000 40065510 
                       GPIO_PORTP_PUR_R
                               EQU              0x40065510
   57 00000000 400653FC 
                       GPIO_PORTP_DATA_R
                               EQU              0x400653FC
   58 00000000 40065000 
                       GPIO_PORTP_DATA_BITS_R
                               EQU              0x40065000
   59 00000000 00002000 
                       GPIO_PORTP
                               EQU              2_010000000000000
   60 00000000         
   61 00000000         ; PORT A -> Multiplexados para os LEDs
   62 00000000         ; PORT A
   63 00000000 40058520 
                       GPIO_PORTA_LOCK_R
                               EQU              0x40058520
   64 00000000 40058524 
                       GPIO_PORTA_CR_R
                               EQU              0x40058524
   65 00000000 40058528 
                       GPIO_PORTA_AMSEL_R
                               EQU              0x40058528
   66 00000000 4005852C 
                       GPIO_PORTA_PCTL_R
                               EQU              0x4005852C
   67 00000000 40058400 
                       GPIO_PORTA_DIR_R
                               EQU              0x40058400
   68 00000000 40058420 
                       GPIO_PORTA_AFSEL_R
                               EQU              0x40058420
   69 00000000 4005851C 
                       GPIO_PORTA_DEN_R
                               EQU              0x4005851C
   70 00000000 40058510 
                       GPIO_PORTA_PUR_R
                               EQU              0x40058510
   71 00000000 400583FC 
                       GPIO_PORTA_DATA_R
                               EQU              0x400583FC
   72 00000000 40058000 
                       GPIO_PORTA_DATA_BITS_R
                               EQU              0x40058000
   73 00000000 00000001 
                       GPIO_PORTA
                               EQU              2_1
   74 00000000         
   75 00000000         ; PORT Q -> Multiplexados para os LEDs
   76 00000000         ; PORT Q
   77 00000000 40066520 
                       GPIO_PORTQ_LOCK_R
                               EQU              0x40066520
   78 00000000 40066524 



ARM Macro Assembler    Page 4 


                       GPIO_PORTQ_CR_R
                               EQU              0x40066524
   79 00000000 40066528 
                       GPIO_PORTQ_AMSEL_R
                               EQU              0x40066528
   80 00000000 4006652C 
                       GPIO_PORTQ_PCTL_R
                               EQU              0x4006652C
   81 00000000 40066400 
                       GPIO_PORTQ_DIR_R
                               EQU              0x40066400
   82 00000000 40066420 
                       GPIO_PORTQ_AFSEL_R
                               EQU              0x40066420
   83 00000000 4006651C 
                       GPIO_PORTQ_DEN_R
                               EQU              0x4006651C
   84 00000000 40066510 
                       GPIO_PORTQ_PUR_R
                               EQU              0x40066510
   85 00000000 400663FC 
                       GPIO_PORTQ_DATA_R
                               EQU              0x400663FC
   86 00000000 40066000 
                       GPIO_PORTQ_DATA_BITS_R
                               EQU              0x40066000
   87 00000000 00004000 
                       GPIO_PORTQ
                               EQU              2_100000000000000
   88 00000000         
   89 00000000         
   90 00000000         ; ------------------------------------------------------
                       -------------------------
   91 00000000         ; Área de Código - Tudo abaixo da diretiva a seguir será
                        armazenado na memória de 
   92 00000000         ;                  código
   93 00000000                 AREA             |.text|, CODE, READONLY, ALIGN=
2
   94 00000000         
   95 00000000         ; Se alguma função do arquivo for chamada em outro arqui
                       vo 
   96 00000000                 EXPORT           GPIO_Init   ; Permite chamar GP
                                                            IO_Init de outro ar
                                                            quivo
   97 00000000                 EXPORT           PortB_Output ; Permite chamar P
                                                            ortN_Output de outr
                                                            o arquivo
   98 00000000                 EXPORT           PortJ_Input ; Permite chamar Po
                                                            rtJ_Input de outro 
                                                            arquivo
   99 00000000                 EXPORT           PortP_Output ; Permite chamar P
                                                            ortN_Output de outr
                                                            o arquivo
  100 00000000                 EXPORT           PortA_Output
  101 00000000                 EXPORT           PortQ_Output
  102 00000000         
  103 00000000         
  104 00000000         ;-------------------------------------------------------
                       -------------------------



ARM Macro Assembler    Page 5 


  105 00000000         ; Função GPIO_Init
  106 00000000         ; Parâmetro de entrada: Não tem
  107 00000000         ; Parâmetro de saída: Não tem
  108 00000000         GPIO_Init
  109 00000000         ;=====================
  110 00000000         ; 1. Ativar o clock para a porta setando o bit correspon
                       dente no registrador RCGCGPIO,
  111 00000000         ; após isso verificar no PRGPIO se a porta está pronta p
                       ara uso.
  112 00000000         ; enable clock to GPIOF at clock gating register
  113 00000000 4846            LDR              R0, =SYSCTL_RCGCGPIO_R ;Carrega
                                                             o endereço do regi
                                                            strador RCGCGPIO
  114 00000002 F04F 0102       MOV              R1, #GPIO_PORTB ;Seta o bit da 
                                                            porta N
  115 00000006 F441 7180       ORR              R1, #GPIO_PORTJ ;Seta o bit da 
                                                            porta J, fazendo co
                                                            m OR
  116 0000000A F441 5100       ORR              R1, #GPIO_PORTP
  117 0000000E F041 0101       ORR              R1, #GPIO_PORTA
  118 00000012 F441 4180       ORR              R1, #GPIO_PORTQ
  119 00000016 6001            STR              R1, [R0]    ;Move para a memóri
                                                            a os bits das porta
                                                            s no endereço do RC
                                                            GCGPIO
  120 00000018         
  121 00000018 4841            LDR              R0, =SYSCTL_PRGPIO_R ;Carrega o
                                                             endereço do PRGPIO
                                                             para esperar os GP
                                                            IO ficarem prontos
  122 0000001A 6801    EsperaGPIO
                               LDR              R1, [R0]    ;Lê da memória o co
                                                            nteúdo do endereço 
                                                            do registrador
  123 0000001C F04F 0202       MOV              R2, #GPIO_PORTB ;Seta os bits c
                                                            orrespondentes às p
                                                            ortas para fazer a 
                                                            comparação
  124 00000020 F442 7280       ORR              R2, #GPIO_PORTJ ;Seta o bit da 
                                                            porta J, fazendo co
                                                            m OR
  125 00000024 F442 5200       ORR              R2, #GPIO_PORTP
  126 00000028 F042 0201       ORR              R2, #GPIO_PORTA
  127 0000002C F442 4280       ORR              R2, #GPIO_PORTQ
  128 00000030 4211            TST              R1, R2      ;Testa o R1 com R2 
                                                            fazendo R1 & R2
  129 00000032 D0F2            BEQ              EsperaGPIO  ;Se o flag Z=1, vol
                                                            ta para o laço. Sen
                                                            ão continua executa
                                                            ndo
  130 00000034         
  131 00000034         ; 2. Limpar o AMSEL para desabilitar a analógica
  132 00000034 F04F 0100       MOV              R1, #0x00   ;Colocar 0 no regis
                                                            trador para desabil
                                                            itar a função analó
                                                            gica
  133 00000038 483A            LDR              R0, =GPIO_PORTJ_AHB_AMSEL_R ;Ca
                                                            rrega o R0 com o en
                                                            dereço do AMSEL par



ARM Macro Assembler    Page 6 


                                                            a a porta J
  134 0000003A 6001            STR              R1, [R0]    ;Guarda no registra
                                                            dor AMSEL da porta 
                                                            J da memória
  135 0000003C 483A            LDR              R0, =GPIO_PORTB_AMSEL_R ;Carreg
                                                            a o R0 com o endere
                                                            ço do AMSEL para a 
                                                            porta N
  136 0000003E 6001            STR              R1, [R0]    ;Guarda no registra
                                                            dor AMSEL da porta 
                                                            N da memória
  137 00000040 483A            LDR              R0, =GPIO_PORTP_AMSEL_R ;Carreg
                                                            a o R0 com o endere
                                                            ço do AMSEL para a 
                                                            porta N
  138 00000042 6001            STR              R1, [R0]    ;Guarda no registra
                                                            dor AMSEL da porta 
                                                            N da memória
  139 00000044 483A            LDR              R0, =GPIO_PORTA_AMSEL_R ;Carreg
                                                            a o R0 com o endere
                                                            ço do AMSEL para a 
                                                            porta N
  140 00000046 6001            STR              R1, [R0]
  141 00000048 483A            LDR              R0, =GPIO_PORTQ_AMSEL_R ;Carreg
                                                            a o R0 com o endere
                                                            ço do AMSEL para a 
                                                            porta N
  142 0000004A 6001            STR              R1, [R0]
  143 0000004C         
  144 0000004C         ; 3. Limpar PCTL para selecionar o GPIO
  145 0000004C F04F 0100       MOV              R1, #0x00   ;Colocar 0 no regis
                                                            trador para selecio
                                                            nar o modo GPIO
  146 00000050 4839            LDR              R0, =GPIO_PORTJ_AHB_PCTL_R ;Car
                                                            rega o R0 com o end
                                                            ereço do PCTL para 
                                                            a porta J
  147 00000052 6001            STR              R1, [R0]    ;Guarda no registra
                                                            dor PCTL da porta J
                                                             da memória
  148 00000054 4839            LDR              R0, =GPIO_PORTB_PCTL_R ;Carrega
                                                             o R0 com o endereç
                                                            o do PCTL para a po
                                                            rta N
  149 00000056 6001            STR              R1, [R0]    ;Guarda no registra
                                                            dor PCTL da porta N
                                                             da memória
  150 00000058 4839            LDR              R0, =GPIO_PORTP_PCTL_R ;Carrega
                                                             o R0 com o endereç
                                                            o do PCTL para a po
                                                            rta N
  151 0000005A 6001            STR              R1, [R0]
  152 0000005C 4839            LDR              R0, =GPIO_PORTQ_PCTL_R ;Carrega
                                                             o R0 com o endereç
                                                            o do PCTL para a po
                                                            rta N
  153 0000005E 6001            STR              R1, [R0]
  154 00000060 4839            LDR              R0, =GPIO_PORTA_PCTL_R ;Carrega
                                                             o R0 com o endereç



ARM Macro Assembler    Page 7 


                                                            o do PCTL para a po
                                                            rta N
  155 00000062 6001            STR              R1, [R0]
  156 00000064         ; 4. DIR para 0 se for entrada, 1 se for saída
  157 00000064 4839            LDR              R0, =GPIO_PORTB_DIR_R ;Carrega 
                                                            o R0 com o endereço
                                                             do DIR para a port
                                                            a N
  158 00000066 F04F 0130       MOV              R1, #2_00110000 ;PN1
  159 0000006A 6001            STR              R1, [R0]    ;Guarda no registra
                                                            dor
  160 0000006C         ; O certo era verificar os outros bits da PJ para não tr
                       ansformar entradas em saídas desnecessárias
  161 0000006C 4838            LDR              R0, =GPIO_PORTJ_AHB_DIR_R ;Carr
                                                            ega o R0 com o ende
                                                            reço do DIR para a 
                                                            porta J
  162 0000006E F04F 0100       MOV              R1, #0x00   ;Colocar 0 no regis
                                                            trador DIR para fun
                                                            cionar com saída
  163 00000072 6001            STR              R1, [R0]    ;Guarda no registra
                                                            dor PCTL da porta J
                                                             da memória
  164 00000074         
  165 00000074 4837            LDR              R0, =GPIO_PORTP_DIR_R ;Carrega 
                                                            o R0 com o endereço
                                                             do DIR para a port
                                                            a N
  166 00000076 F04F 0120       MOV              R1, #2_00100000 ;PN1
  167 0000007A 6001            STR              R1, [R0]
  168 0000007C         
  169 0000007C 4836            LDR              R0, =GPIO_PORTA_DIR_R ;Carrega 
                                                            o R0 com o endereço
                                                             do DIR para a port
                                                            a N
  170 0000007E F04F 01F0       MOV              R1, #2_11110000 ;PN1
  171 00000082 6001            STR              R1, [R0]
  172 00000084         
  173 00000084 4835            LDR              R0, =GPIO_PORTQ_DIR_R ;Carrega 
                                                            o R0 com o endereço
                                                             do DIR para a port
                                                            a N
  174 00000086 F04F 010F       MOV              R1, #2_00001111 ;PN1
  175 0000008A 6001            STR              R1, [R0]
  176 0000008C         ; 5. Limpar os bits AFSEL para 0 para selecionar GPIO 
  177 0000008C         ;    Sem função alternativa
  178 0000008C F04F 0100       MOV              R1, #0x00   ;Colocar o valor 0 
                                                            para não setar funç
                                                            ão alternativa
  179 00000090 4833            LDR              R0, =GPIO_PORTB_AFSEL_R ;Carreg
                                                            a o endereço do AFS
                                                            EL da porta N
  180 00000092 6001            STR              R1, [R0]    ;Escreve na porta
  181 00000094 4833            LDR              R0, =GPIO_PORTP_AFSEL_R ;Carreg
                                                            a o endereço do AFS
                                                            EL da porta N
  182 00000096 6001            STR              R1, [R0]
  183 00000098 4833            LDR              R0, =GPIO_PORTA_AFSEL_R ;Carreg
                                                            a o endereço do AFS



ARM Macro Assembler    Page 8 


                                                            EL da porta N
  184 0000009A 6001            STR              R1, [R0]
  185 0000009C 4833            LDR              R0, =GPIO_PORTQ_AFSEL_R ;Carreg
                                                            a o endereço do AFS
                                                            EL da porta N
  186 0000009E 6001            STR              R1, [R0]
  187 000000A0 4833            LDR              R0, =GPIO_PORTJ_AHB_AFSEL_R ;Ca
                                                            rrega o endereço do
                                                             AFSEL da porta J
  188 000000A2 6001            STR              R1, [R0]    ;Escreve na porta
  189 000000A4         ; 6. Setar os bits de DEN para habilitar I/O digital
  190 000000A4 4833            LDR              R0, =GPIO_PORTB_DEN_R ;Carrega 
                                                            o endereço do DEN
  191 000000A6 F04F 0130       MOV              R1, #2_00110000 ;N1
  192 000000AA 6001            STR              R1, [R0]    ;Escreve no registr
                                                            ador da memória fun
                                                            cionalidade digital
                                                             
  193 000000AC         
  194 000000AC 4832            LDR              R0, =GPIO_PORTJ_AHB_DEN_R ;Carr
                                                            ega o endereço do D
                                                            EN
  195 000000AE F04F 0103       MOV              R1, #2_00000011 ;J0     
  196 000000B2 6001            STR              R1, [R0]    ;Escreve no registr
                                                            ador da memória fun
                                                            cionalidade digital
                                                            
  197 000000B4         
  198 000000B4 4831            LDR              R0, =GPIO_PORTP_DEN_R ;Carrega 
                                                            o endereço do DEN
  199 000000B6 F04F 0120       MOV              R1, #2_00100000 ;N1
  200 000000BA 6001            STR              R1, [R0]
  201 000000BC         
  202 000000BC 4830            LDR              R0, =GPIO_PORTA_DEN_R ;Carrega 
                                                            o endereço do DEN
  203 000000BE F04F 01F0       MOV              R1, #2_11110000 ;N1
  204 000000C2 6001            STR              R1, [R0]
  205 000000C4         
  206 000000C4 482F            LDR              R0, =GPIO_PORTQ_DEN_R ;Carrega 
                                                            o endereço do DEN
  207 000000C6 F04F 010F       MOV              R1, #2_00001111 ;N1
  208 000000CA 6001            STR              R1, [R0]
  209 000000CC         ; 7. Para habilitar resistor de pull-up interno, setar P
                       UR para 1
  210 000000CC 482E            LDR              R0, =GPIO_PORTJ_AHB_PUR_R ;Carr
                                                            ega o endereço do P
                                                            UR para a porta J
  211 000000CE F04F 0103       MOV              R1, #2_00000011 ;Habilitar func
                                                            ionalidade digital 
                                                            de resistor de pull
                                                            -up 
  212 000000D2 6001            STR              R1, [R0]    ;Escreve no registr
                                                            ador da memória do 
                                                            resistor de pull-up
                                                            
  213 000000D4 4770            BX               LR
  214 000000D6         
  215 000000D6         ; ------------------------------------------------------
                       -------------------------



ARM Macro Assembler    Page 9 


  216 000000D6         ; Função PortN_Output
  217 000000D6         ; Parâmetro de entrada: R0 --> se o BIT1 está ligado ou 
                       desligado
  218 000000D6         ; Parâmetro de saída: Não tem
  219 000000D6         PortB_Output
  220 000000D6 492D            LDR              R1, =GPIO_PORTB_DATA_R ;Carrega
                                                             o valor do offset 
                                                            do data register
  221 000000D8         ;Read-Modify-Write para escrita
  222 000000D8 680A            LDR              R2, [R1]
  223 000000DA F022 0230       BIC              R2, #2_00110000 ;Primeiro limpa
                                                            mos os dois bits do
                                                             lido da porta R2 =
                                                             R2 & 11111101
  224 000000DE EA40 0002       ORR              R0, R0, R2  ;Fazer o OR do lido
                                                             pela porta com o p
                                                            arâmetro de entrada
                                                            
  225 000000E2 6008            STR              R0, [R1]    ;Escreve na porta N
                                                             o barramento de da
                                                            dos do pino N1
  226 000000E4 4770            BX               LR          ;Retorno
  227 000000E6         
  228 000000E6         PortA_Output
  229 000000E6 492A            LDR              R1, =GPIO_PORTA_DATA_R ;Carrega
                                                             o valor do offset 
                                                            do data register
  230 000000E8         ;Read-Modify-Write para escrita
  231 000000E8 680A            LDR              R2, [R1]
  232 000000EA F022 02F0       BIC              R2, #2_11110000 ;Primeiro limpa
                                                            mos os dois bits do
                                                             lido da porta R2 =
                                                             R2 & 11111101
  233 000000EE EA40 0002       ORR              R0, R0, R2  ;Fazer o OR do lido
                                                             pela porta com o p
                                                            arâmetro de entrada
                                                            
  234 000000F2 6008            STR              R0, [R1]    ;Escreve na porta N
                                                             o barramento de da
                                                            dos do pino N1
  235 000000F4 4770            BX               LR
  236 000000F6         
  237 000000F6         PortQ_Output
  238 000000F6 4927            LDR              R1, =GPIO_PORTQ_DATA_R ;Carrega
                                                             o valor do offset 
                                                            do data register
  239 000000F8         ;Read-Modify-Write para escrita
  240 000000F8 680A            LDR              R2, [R1]
  241 000000FA F022 020F       BIC              R2, #2_00001111 ;Primeiro limpa
                                                            mos os dois bits do
                                                             lido da porta R2 =
                                                             R2 & 11111101
  242 000000FE EA40 0002       ORR              R0, R0, R2  ;Fazer o OR do lido
                                                             pela porta com o p
                                                            arâmetro de entrada
                                                            
  243 00000102 6008            STR              R0, [R1]    ;Escreve na porta N
                                                             o barramento de da
                                                            dos do pino N1



ARM Macro Assembler    Page 10 


  244 00000104 4770            BX               LR
  245 00000106         
  246 00000106         ; ------------------------------------------------------
                       -------------------------
  247 00000106         ; Função PortN_Output
  248 00000106         ; Parâmetro de entrada: R0 --> se o BIT1 está ligado ou 
                       desligado
  249 00000106         ; Parâmetro de saída: Não tem
  250 00000106         PortP_Output
  251 00000106 4924            LDR              R1, =GPIO_PORTP_DATA_R ;Carrega
                                                             o valor do offset 
                                                            do data register
  252 00000108         ;Read-Modify-Write para escrita
  253 00000108 680A            LDR              R2, [R1]
  254 0000010A F022 0220       BIC              R2, #2_00100000 ;Primeiro limpa
                                                            mos os dois bits do
                                                             lido da porta R2 =
                                                             R2 & 11111101
  255 0000010E EA40 0002       ORR              R0, R0, R2  ;Fazer o OR do lido
                                                             pela porta com o p
                                                            arâmetro de entrada
                                                            
  256 00000112 6008            STR              R0, [R1]    ;Escreve na porta N
                                                             o barramento de da
                                                            dos do pino N1
  257 00000114 4770            BX               LR          ;Retorno
  258 00000116         
  259 00000116         
  260 00000116         ; ------------------------------------------------------
                       -------------------------
  261 00000116         ; Função PortA_Input
  262 00000116         ; Parâmetro de entrada: Não tem
  263 00000116         ; Parâmetro de saída: R0 --> o valor da leitura
  264 00000116         PortJ_Input
  265 00000116 4921            LDR              R1, =GPIO_PORTJ_AHB_DATA_R ;Car
                                                            rega o valor do off
                                                            set do data registe
                                                            r
  266 00000118 6808            LDR              R0, [R1]    ;Lê no barramento d
                                                            e dados dos pinos [
                                                            J0]
  267 0000011A 4770            BX               LR          ;Retorno
  268 0000011C         
  269 0000011C         
  270 0000011C         
  271 0000011C                 ALIGN                        ; garante que o fim
                                                             da seção está alin
                                                            hada 
  272 0000011C                 END                          ; fim do arquivo
              400FE608 
              400FEA08 
              40060528 
              40059528 
              40065528 
              40058528 
              40066528 
              4006052C 
              4005952C 
              4006552C 



ARM Macro Assembler    Page 11 


              4006652C 
              4005852C 
              40059400 
              40060400 
              40065400 
              40058400 
              40066400 
              40059420 
              40065420 
              40058420 
              40066420 
              40060420 
              4005951C 
              4006051C 
              4006551C 
              4005851C 
              4006651C 
              40060510 
              400593FC 
              400583FC 
              400663FC 
              400653FC 
              400603FC 
Command Line: --debug --xref --diag_suppress=9931 --cpu=Cortex-M4.fp.sp --apcs=
interwork --depend=.\objects\gpio.d -o.\objects\gpio.o -IC:\Users\ianca\AppData
\Local\Arm\Packs\Keil\TM4C_DFP\1.1.0\Device\Include\TM4C129 --predefine="__EVAL
 SETA 1" --predefine="__UVISION_VERSION SETA 536" --predefine="TM4C1294NCPDT SE
TA 1" --list=.\listings\gpio.lst gpio.s



ARM Macro Assembler    Page 1 Alphabetic symbol ordering
Relocatable symbols

.text 00000000

Symbol: .text
   Definitions
      At line 93 in file gpio.s
   Uses
      None
Comment: .text unused
EsperaGPIO 0000001A

Symbol: EsperaGPIO
   Definitions
      At line 122 in file gpio.s
   Uses
      At line 129 in file gpio.s
Comment: EsperaGPIO used once
GPIO_Init 00000000

Symbol: GPIO_Init
   Definitions
      At line 108 in file gpio.s
   Uses
      At line 96 in file gpio.s
Comment: GPIO_Init used once
PortA_Output 000000E6

Symbol: PortA_Output
   Definitions
      At line 228 in file gpio.s
   Uses
      At line 100 in file gpio.s
Comment: PortA_Output used once
PortB_Output 000000D6

Symbol: PortB_Output
   Definitions
      At line 219 in file gpio.s
   Uses
      At line 97 in file gpio.s
Comment: PortB_Output used once
PortJ_Input 00000116

Symbol: PortJ_Input
   Definitions
      At line 264 in file gpio.s
   Uses
      At line 98 in file gpio.s
Comment: PortJ_Input used once
PortP_Output 00000106

Symbol: PortP_Output
   Definitions
      At line 250 in file gpio.s
   Uses
      At line 99 in file gpio.s
Comment: PortP_Output used once
PortQ_Output 000000F6

Symbol: PortQ_Output



ARM Macro Assembler    Page 2 Alphabetic symbol ordering
Relocatable symbols

   Definitions
      At line 237 in file gpio.s
   Uses
      At line 101 in file gpio.s
Comment: PortQ_Output used once
8 symbols



ARM Macro Assembler    Page 1 Alphabetic symbol ordering
Absolute symbols

BIT0 00000001

Symbol: BIT0
   Definitions
      At line 12 in file gpio.s
   Uses
      None
Comment: BIT0 unused
BIT1 00000002

Symbol: BIT1
   Definitions
      At line 13 in file gpio.s
   Uses
      None
Comment: BIT1 unused
GPIO_PORTA 00000001

Symbol: GPIO_PORTA
   Definitions
      At line 73 in file gpio.s
   Uses
      At line 117 in file gpio.s
      At line 126 in file gpio.s

GPIO_PORTA_AFSEL_R 40058420

Symbol: GPIO_PORTA_AFSEL_R
   Definitions
      At line 68 in file gpio.s
   Uses
      At line 183 in file gpio.s
Comment: GPIO_PORTA_AFSEL_R used once
GPIO_PORTA_AMSEL_R 40058528

Symbol: GPIO_PORTA_AMSEL_R
   Definitions
      At line 65 in file gpio.s
   Uses
      At line 139 in file gpio.s
Comment: GPIO_PORTA_AMSEL_R used once
GPIO_PORTA_CR_R 40058524

Symbol: GPIO_PORTA_CR_R
   Definitions
      At line 64 in file gpio.s
   Uses
      None
Comment: GPIO_PORTA_CR_R unused
GPIO_PORTA_DATA_BITS_R 40058000

Symbol: GPIO_PORTA_DATA_BITS_R
   Definitions
      At line 72 in file gpio.s
   Uses
      None
Comment: GPIO_PORTA_DATA_BITS_R unused
GPIO_PORTA_DATA_R 400583FC




ARM Macro Assembler    Page 2 Alphabetic symbol ordering
Absolute symbols

Symbol: GPIO_PORTA_DATA_R
   Definitions
      At line 71 in file gpio.s
   Uses
      At line 229 in file gpio.s
Comment: GPIO_PORTA_DATA_R used once
GPIO_PORTA_DEN_R 4005851C

Symbol: GPIO_PORTA_DEN_R
   Definitions
      At line 69 in file gpio.s
   Uses
      At line 202 in file gpio.s
Comment: GPIO_PORTA_DEN_R used once
GPIO_PORTA_DIR_R 40058400

Symbol: GPIO_PORTA_DIR_R
   Definitions
      At line 67 in file gpio.s
   Uses
      At line 169 in file gpio.s
Comment: GPIO_PORTA_DIR_R used once
GPIO_PORTA_LOCK_R 40058520

Symbol: GPIO_PORTA_LOCK_R
   Definitions
      At line 63 in file gpio.s
   Uses
      None
Comment: GPIO_PORTA_LOCK_R unused
GPIO_PORTA_PCTL_R 4005852C

Symbol: GPIO_PORTA_PCTL_R
   Definitions
      At line 66 in file gpio.s
   Uses
      At line 154 in file gpio.s
Comment: GPIO_PORTA_PCTL_R used once
GPIO_PORTA_PUR_R 40058510

Symbol: GPIO_PORTA_PUR_R
   Definitions
      At line 70 in file gpio.s
   Uses
      None
Comment: GPIO_PORTA_PUR_R unused
GPIO_PORTB 00000002

Symbol: GPIO_PORTB
   Definitions
      At line 45 in file gpio.s
   Uses
      At line 114 in file gpio.s
      At line 123 in file gpio.s

GPIO_PORTB_AFSEL_R 40059420

Symbol: GPIO_PORTB_AFSEL_R
   Definitions



ARM Macro Assembler    Page 3 Alphabetic symbol ordering
Absolute symbols

      At line 40 in file gpio.s
   Uses
      At line 179 in file gpio.s
Comment: GPIO_PORTB_AFSEL_R used once
GPIO_PORTB_AMSEL_R 40059528

Symbol: GPIO_PORTB_AMSEL_R
   Definitions
      At line 37 in file gpio.s
   Uses
      At line 135 in file gpio.s
Comment: GPIO_PORTB_AMSEL_R used once
GPIO_PORTB_CR_R 40059524

Symbol: GPIO_PORTB_CR_R
   Definitions
      At line 36 in file gpio.s
   Uses
      None
Comment: GPIO_PORTB_CR_R unused
GPIO_PORTB_DATA_BITS_R 40059000

Symbol: GPIO_PORTB_DATA_BITS_R
   Definitions
      At line 44 in file gpio.s
   Uses
      None
Comment: GPIO_PORTB_DATA_BITS_R unused
GPIO_PORTB_DATA_R 400593FC

Symbol: GPIO_PORTB_DATA_R
   Definitions
      At line 43 in file gpio.s
   Uses
      At line 220 in file gpio.s
Comment: GPIO_PORTB_DATA_R used once
GPIO_PORTB_DEN_R 4005951C

Symbol: GPIO_PORTB_DEN_R
   Definitions
      At line 41 in file gpio.s
   Uses
      At line 190 in file gpio.s
Comment: GPIO_PORTB_DEN_R used once
GPIO_PORTB_DIR_R 40059400

Symbol: GPIO_PORTB_DIR_R
   Definitions
      At line 39 in file gpio.s
   Uses
      At line 157 in file gpio.s
Comment: GPIO_PORTB_DIR_R used once
GPIO_PORTB_LOCK_R 40059520

Symbol: GPIO_PORTB_LOCK_R
   Definitions
      At line 35 in file gpio.s
   Uses
      None



ARM Macro Assembler    Page 4 Alphabetic symbol ordering
Absolute symbols

Comment: GPIO_PORTB_LOCK_R unused
GPIO_PORTB_PCTL_R 4005952C

Symbol: GPIO_PORTB_PCTL_R
   Definitions
      At line 38 in file gpio.s
   Uses
      At line 148 in file gpio.s
Comment: GPIO_PORTB_PCTL_R used once
GPIO_PORTB_PUR_R 40059510

Symbol: GPIO_PORTB_PUR_R
   Definitions
      At line 42 in file gpio.s
   Uses
      None
Comment: GPIO_PORTB_PUR_R unused
GPIO_PORTJ 00000100

Symbol: GPIO_PORTJ
   Definitions
      At line 32 in file gpio.s
   Uses
      At line 115 in file gpio.s
      At line 124 in file gpio.s

GPIO_PORTJ_AHB_AFSEL_R 40060420

Symbol: GPIO_PORTJ_AHB_AFSEL_R
   Definitions
      At line 27 in file gpio.s
   Uses
      At line 187 in file gpio.s
Comment: GPIO_PORTJ_AHB_AFSEL_R used once
GPIO_PORTJ_AHB_AMSEL_R 40060528

Symbol: GPIO_PORTJ_AHB_AMSEL_R
   Definitions
      At line 24 in file gpio.s
   Uses
      At line 133 in file gpio.s
Comment: GPIO_PORTJ_AHB_AMSEL_R used once
GPIO_PORTJ_AHB_CR_R 40060524

Symbol: GPIO_PORTJ_AHB_CR_R
   Definitions
      At line 23 in file gpio.s
   Uses
      None
Comment: GPIO_PORTJ_AHB_CR_R unused
GPIO_PORTJ_AHB_DATA_BITS_R 40060000

Symbol: GPIO_PORTJ_AHB_DATA_BITS_R
   Definitions
      At line 31 in file gpio.s
   Uses
      None
Comment: GPIO_PORTJ_AHB_DATA_BITS_R unused
GPIO_PORTJ_AHB_DATA_R 400603FC



ARM Macro Assembler    Page 5 Alphabetic symbol ordering
Absolute symbols


Symbol: GPIO_PORTJ_AHB_DATA_R
   Definitions
      At line 30 in file gpio.s
   Uses
      At line 265 in file gpio.s
Comment: GPIO_PORTJ_AHB_DATA_R used once
GPIO_PORTJ_AHB_DEN_R 4006051C

Symbol: GPIO_PORTJ_AHB_DEN_R
   Definitions
      At line 28 in file gpio.s
   Uses
      At line 194 in file gpio.s
Comment: GPIO_PORTJ_AHB_DEN_R used once
GPIO_PORTJ_AHB_DIR_R 40060400

Symbol: GPIO_PORTJ_AHB_DIR_R
   Definitions
      At line 26 in file gpio.s
   Uses
      At line 161 in file gpio.s
Comment: GPIO_PORTJ_AHB_DIR_R used once
GPIO_PORTJ_AHB_LOCK_R 40060520

Symbol: GPIO_PORTJ_AHB_LOCK_R
   Definitions
      At line 22 in file gpio.s
   Uses
      None
Comment: GPIO_PORTJ_AHB_LOCK_R unused
GPIO_PORTJ_AHB_PCTL_R 4006052C

Symbol: GPIO_PORTJ_AHB_PCTL_R
   Definitions
      At line 25 in file gpio.s
   Uses
      At line 146 in file gpio.s
Comment: GPIO_PORTJ_AHB_PCTL_R used once
GPIO_PORTJ_AHB_PUR_R 40060510

Symbol: GPIO_PORTJ_AHB_PUR_R
   Definitions
      At line 29 in file gpio.s
   Uses
      At line 210 in file gpio.s
Comment: GPIO_PORTJ_AHB_PUR_R used once
GPIO_PORTP 00002000

Symbol: GPIO_PORTP
   Definitions
      At line 59 in file gpio.s
   Uses
      At line 116 in file gpio.s
      At line 125 in file gpio.s

GPIO_PORTP_AFSEL_R 40065420

Symbol: GPIO_PORTP_AFSEL_R



ARM Macro Assembler    Page 6 Alphabetic symbol ordering
Absolute symbols

   Definitions
      At line 54 in file gpio.s
   Uses
      At line 181 in file gpio.s
Comment: GPIO_PORTP_AFSEL_R used once
GPIO_PORTP_AMSEL_R 40065528

Symbol: GPIO_PORTP_AMSEL_R
   Definitions
      At line 51 in file gpio.s
   Uses
      At line 137 in file gpio.s
Comment: GPIO_PORTP_AMSEL_R used once
GPIO_PORTP_CR_R 40065524

Symbol: GPIO_PORTP_CR_R
   Definitions
      At line 50 in file gpio.s
   Uses
      None
Comment: GPIO_PORTP_CR_R unused
GPIO_PORTP_DATA_BITS_R 40065000

Symbol: GPIO_PORTP_DATA_BITS_R
   Definitions
      At line 58 in file gpio.s
   Uses
      None
Comment: GPIO_PORTP_DATA_BITS_R unused
GPIO_PORTP_DATA_R 400653FC

Symbol: GPIO_PORTP_DATA_R
   Definitions
      At line 57 in file gpio.s
   Uses
      At line 251 in file gpio.s
Comment: GPIO_PORTP_DATA_R used once
GPIO_PORTP_DEN_R 4006551C

Symbol: GPIO_PORTP_DEN_R
   Definitions
      At line 55 in file gpio.s
   Uses
      At line 198 in file gpio.s
Comment: GPIO_PORTP_DEN_R used once
GPIO_PORTP_DIR_R 40065400

Symbol: GPIO_PORTP_DIR_R
   Definitions
      At line 53 in file gpio.s
   Uses
      At line 165 in file gpio.s
Comment: GPIO_PORTP_DIR_R used once
GPIO_PORTP_LOCK_R 40065520

Symbol: GPIO_PORTP_LOCK_R
   Definitions
      At line 49 in file gpio.s
   Uses



ARM Macro Assembler    Page 7 Alphabetic symbol ordering
Absolute symbols

      None
Comment: GPIO_PORTP_LOCK_R unused
GPIO_PORTP_PCTL_R 4006552C

Symbol: GPIO_PORTP_PCTL_R
   Definitions
      At line 52 in file gpio.s
   Uses
      At line 150 in file gpio.s
Comment: GPIO_PORTP_PCTL_R used once
GPIO_PORTP_PUR_R 40065510

Symbol: GPIO_PORTP_PUR_R
   Definitions
      At line 56 in file gpio.s
   Uses
      None
Comment: GPIO_PORTP_PUR_R unused
GPIO_PORTQ 00004000

Symbol: GPIO_PORTQ
   Definitions
      At line 87 in file gpio.s
   Uses
      At line 118 in file gpio.s
      At line 127 in file gpio.s

GPIO_PORTQ_AFSEL_R 40066420

Symbol: GPIO_PORTQ_AFSEL_R
   Definitions
      At line 82 in file gpio.s
   Uses
      At line 185 in file gpio.s
Comment: GPIO_PORTQ_AFSEL_R used once
GPIO_PORTQ_AMSEL_R 40066528

Symbol: GPIO_PORTQ_AMSEL_R
   Definitions
      At line 79 in file gpio.s
   Uses
      At line 141 in file gpio.s
Comment: GPIO_PORTQ_AMSEL_R used once
GPIO_PORTQ_CR_R 40066524

Symbol: GPIO_PORTQ_CR_R
   Definitions
      At line 78 in file gpio.s
   Uses
      None
Comment: GPIO_PORTQ_CR_R unused
GPIO_PORTQ_DATA_BITS_R 40066000

Symbol: GPIO_PORTQ_DATA_BITS_R
   Definitions
      At line 86 in file gpio.s
   Uses
      None
Comment: GPIO_PORTQ_DATA_BITS_R unused



ARM Macro Assembler    Page 8 Alphabetic symbol ordering
Absolute symbols

GPIO_PORTQ_DATA_R 400663FC

Symbol: GPIO_PORTQ_DATA_R
   Definitions
      At line 85 in file gpio.s
   Uses
      At line 238 in file gpio.s
Comment: GPIO_PORTQ_DATA_R used once
GPIO_PORTQ_DEN_R 4006651C

Symbol: GPIO_PORTQ_DEN_R
   Definitions
      At line 83 in file gpio.s
   Uses
      At line 206 in file gpio.s
Comment: GPIO_PORTQ_DEN_R used once
GPIO_PORTQ_DIR_R 40066400

Symbol: GPIO_PORTQ_DIR_R
   Definitions
      At line 81 in file gpio.s
   Uses
      At line 173 in file gpio.s
Comment: GPIO_PORTQ_DIR_R used once
GPIO_PORTQ_LOCK_R 40066520

Symbol: GPIO_PORTQ_LOCK_R
   Definitions
      At line 77 in file gpio.s
   Uses
      None
Comment: GPIO_PORTQ_LOCK_R unused
GPIO_PORTQ_PCTL_R 4006652C

Symbol: GPIO_PORTQ_PCTL_R
   Definitions
      At line 80 in file gpio.s
   Uses
      At line 152 in file gpio.s
Comment: GPIO_PORTQ_PCTL_R used once
GPIO_PORTQ_PUR_R 40066510

Symbol: GPIO_PORTQ_PUR_R
   Definitions
      At line 84 in file gpio.s
   Uses
      None
Comment: GPIO_PORTQ_PUR_R unused
SYSCTL_PRGPIO_R 400FEA08

Symbol: SYSCTL_PRGPIO_R
   Definitions
      At line 17 in file gpio.s
   Uses
      At line 121 in file gpio.s
Comment: SYSCTL_PRGPIO_R used once
SYSCTL_RCGCGPIO_R 400FE608

Symbol: SYSCTL_RCGCGPIO_R



ARM Macro Assembler    Page 9 Alphabetic symbol ordering
Absolute symbols

   Definitions
      At line 16 in file gpio.s
   Uses
      At line 113 in file gpio.s
Comment: SYSCTL_RCGCGPIO_R used once
59 symbols
403 symbols in table
