


ARM Macro Assembler    Page 1 


    1 00000000         ; main.s
    2 00000000         ; Desenvolvido para a placa EK-TM4C1294XL
    3 00000000         ; Prof. Guilherme Peron
    4 00000000         ; 24/08/2020
    5 00000000         ; Este programa espera o usuário apertar a chave USR_SW1
                       .
    6 00000000         ; Caso o usuário pressione a chave, o LED1 piscará a cad
                       a 0,5 segundo.
    7 00000000         
    8 00000000         ; ------------------------------------------------------
                       -------------------------
    9 00000000                 THUMB                        ; Instruções do tip
                                                            o Thumb-2
   10 00000000         ; ------------------------------------------------------
                       -------------------------
   11 00000000         
   12 00000000         ; Declarações EQU - Defines
   13 00000000         ;<NOME>         EQU <VALOR>
   14 00000000         ; ========================
   15 00000000         
   16 00000000         ; ------------------------------------------------------
                       -------------------------
   17 00000000         ; Área de Dados - Declarações de variáveis
   18 00000000                 AREA             DATA, ALIGN=2
   19 00000000         ; Se alguma variável for chamada em outro arquivo
   20 00000000         ;EXPORT  <var> [DATA,SIZE=<tam>]   ; Permite chamar a va
                       riável <var> a 
   21 00000000         ; partir de outro arquivo
   22 00000000         ;<var> SPACE <tam>                        ; Declara uma 
                       variável de nome <var>
   23 00000000         ; de <tam> bytes a partir da primeira 
   24 00000000         ; posição da RAM  
   25 00000000         
   26 00000000         ; ------------------------------------------------------
                       -------------------------
   27 00000000         ; Área de Código - Tudo abaixo da diretiva a seguir será
                        armazenado na memória de 
   28 00000000         ;                  código
   29 00000000                 AREA             |.text|, CODE, READONLY, ALIGN=
2
   30 00000000         
   31 00000000         ; Se alguma função do arquivo for chamada em outro arqui
                       vo 
   32 00000000                 EXPORT           Start       ; Permite chamar a 
                                                            função Start a part
                                                            ir de 
   33 00000000         ; outro arquivo. No caso startup.s
   34 00000000         
   35 00000000         ; Se chamar alguma função externa 
   36 00000000         ;IMPORT <func>              ; Permite chamar dentro dest
                       e arquivo uma 
   37 00000000         ; função <func>
   38 00000000                 IMPORT           PLL_Init
   39 00000000                 IMPORT           SysTick_Init
   40 00000000                 IMPORT           SysTick_Wait1ms
   41 00000000                 IMPORT           GPIO_Init
   42 00000000                 IMPORT           PortB_Output
   43 00000000                 IMPORT           PortJ_Input
   44 00000000                 IMPORT           PortP_Output



ARM Macro Assembler    Page 2 


   45 00000000                 IMPORT           PortA_Output
   46 00000000                 IMPORT           PortQ_Output
   47 00000000         
   48 00000000         
   49 00000000 20000A00 
                       DISPLAY_ESQUERDO
                               EQU              0x20000A00  ;Pilha que guarda o
                                                            s valores do displa
                                                            y esquerdo
   50 00000000 20000B00 
                       DISPLAY_DIREITO
                               EQU              0x20000B00  ;Pilha que guarda o
                                                            s valores do displa
                                                            y direito
   51 00000000 20000C00 
                       LED     EQU              0x20000C00  ;Pilha que guarda o
                                                            s valores dos led
   52 00000000         
   53 00000000         ; ------------------------------------------------------
                       -------------------------
   54 00000000         ; Função main()
   55 00000000         Start
   56 00000000 F7FF FFFE       BL               PLL_Init    ;Chama a subrotina 
                                                            para alterar o cloc
                                                            k do microcontrolad
                                                            or para 80MHz
   57 00000004 F7FF FFFE       BL               SysTick_Init
   58 00000008 F7FF FFFE       BL               GPIO_Init   ;Chama a subrotina 
                                                            que inicializa os G
                                                            PIO
   59 0000000C         
   60 0000000C F04F 0400       MOV              R4,#0       ;Número do display 
                                                            esquerdo
   61 00000010 F04F 0500       MOV              R5,#0       ;Número do display 
                                                            direito
   62 00000014 F04F 0600       MOV              R6,#0       ;Número do LED
   63 00000018 F04F 0700       MOV              R7,#0       ;Quantidade que ape
                                                            rtou o botão
   64 0000001C         
   65 0000001C F8DF 8458       LDR              R8, =DISPLAY_ESQUERDO
   66 00000020 F8DF 9458       LDR              R9, =DISPLAY_DIREITO
   67 00000024 F8DF A458       LDR              R10, =LED
   68 00000028         
   69 00000028 F04F 0B00       MOV              R11,#0      ;Iterador do LED
   70 0000002C F04F 0C96       MOV              R12, #150   ;Passo
   71 00000030         
   72 00000030         
   73 00000030         MainLoop
   74 00000030 F000 F805       BL               Verifica_Chaves
   75 00000034 F000 F81F       BL               Acende_LEDS
   76 00000038 F000 F9A5       BL               Espera
   77 0000003C E7F8            B                MainLoop    ;Volta para o laço 
                                                            principal 
   78 0000003E         
   79 0000003E         
   80 0000003E         ; ------------------------------------------------------
                       -------------------------
   81 0000003E         ; Função que verifica chaves e muda operação e delay
   82 0000003E         Verifica_Chaves



ARM Macro Assembler    Page 3 


   83 0000003E B500            PUSH             {LR}
   84 00000040 F7FF FFFE       BL               PortJ_Input
   85 00000044         
   86 00000044 2802            CMP              R0, #2_00000010 ;Verifica se so
                                                            mente a chave SW1 e
                                                            stá pressionada
   87 00000046 D104            BNE              Verifica_S2 ;Se o teste falhou,
                                                             pula
   88 00000048         
   89 00000048 2F09            CMP              R7,#9       ;Muda modo de Opera
                                                            ção
   90 0000004A BF34            ITE              CC
   91 0000004C 1C7F            ADDCC            R7, R7, #1
   92 0000004E 2700            MOVCS            R7,#0
   93 00000050 E006            B                fim
   94 00000052         Verifica_S2
   95 00000052 2801            CMP              R0, #2_00000001 ;Muda delay
   96 00000054 D104            BNE              fim
   97 00000056 2F00            CMP              R7,#0       ;Muda modo de Opera
                                                            ção
   98 00000058 BF0C            ITE              EQ
   99 0000005A 2709            MOVEQ            R7, #9
  100 0000005C 1E7F            SUBNE            R7, R7, #1
  101 0000005E E7FF            B                fim
  102 00000060         
  103 00000060         fim
  104 00000060 F04F 0005       MOV              R0, #5      ;Chamar a rotina pa
                                                            ra esperar 0,1
  105 00000064 F7FF FFFE       BL               SysTick_Wait1ms
  106 00000068         nenhumaPressionada
  107 00000068 F7FF FFFE       BL               PortJ_Input
  108 0000006C 2803            CMP              R0, #2_11
  109 0000006E D1FB            BNE              nenhumaPressionada
  110 00000070 F85D EB04       POP              {LR}
  111 00000074 4770            BX               LR
  112 00000076         
  113 00000076         
  114 00000076         ; ------------------------------------------------------
                       -------------------------
  115 00000076         ; Função que verifica modo de operação e acende os LEDs
  116 00000076         Acende_LEDS
  117 00000076 B500            PUSH             {LR}
  118 00000078         
  119 00000078         Cavaleiro
  120 00000078 2E00            CMP              R6,#0       ;Passeio do cavalei
                                                            ro
  121 0000007A D019            BEQ              LED1
  122 0000007C 2E01            CMP              R6,#1
  123 0000007E D022            BEQ              LED2
  124 00000080 2E02            CMP              R6,#2
  125 00000082 D02B            BEQ              LED3
  126 00000084 2E03            CMP              R6,#3
  127 00000086 D034            BEQ              LED4
  128 00000088 2E04            CMP              R6,#4
  129 0000008A D03D            BEQ              LED5
  130 0000008C 2E05            CMP              R6,#5
  131 0000008E D046            BEQ              LED6
  132 00000090 2E06            CMP              R6,#6
  133 00000092 D04F            BEQ              LED7



ARM Macro Assembler    Page 4 


  134 00000094 2E07            CMP              R6,#7
  135 00000096 D058            BEQ              LED8
  136 00000098 2E08            CMP              R6,#8
  137 0000009A D04B            BEQ              LED7
  138 0000009C 2E09            CMP              R6,#9
  139 0000009E D03E            BEQ              LED6
  140 000000A0 2E0A            CMP              R6,#10
  141 000000A2 D031            BEQ              LED5
  142 000000A4 2E0B            CMP              R6,#11
  143 000000A6 D024            BEQ              LED4
  144 000000A8 2E0C            CMP              R6,#12
  145 000000AA D017            BEQ              LED3
  146 000000AC 2E0D            CMP              R6,#13
  147 000000AE D00A            BEQ              LED2
  148 000000B0         LED1
  149 000000B0 F04F 0001       MOV              R0, #2_00000001
  150 000000B4 F80A 0B08       STRB             R0, [R10], #8
  151 000000B8         ; BL PortQ_Output
  152 000000B8 F04F 0000       MOV              R0, #2_00000000
  153 000000BC F80A 0B08       STRB             R0, [R10], #8
  154 000000C0 F8DF A3BC       LDR              R10, =LED
  155 000000C4         ; BL PortA_Output
  156 000000C4         ; MOV R0, #2_100000
  157 000000C4         ; BL PortP_Output
  158 000000C4 E04C            B                forexterno
  159 000000C6         LED2
  160 000000C6 F04F 0002       MOV              R0, #2_00000010
  161 000000CA F80A 0B08       STRB             R0, [R10], #8
  162 000000CE         ; BL PortQ_Output
  163 000000CE F04F 0000       MOV              R0, #2_00000000
  164 000000D2 F80A 0B08       STRB             R0, [R10], #8
  165 000000D6 F8DF A3A8       LDR              R10, =LED
  166 000000DA         ; BL PortA_Output
  167 000000DA         ; MOV R0, #2_100000
  168 000000DA         ; BL PortP_Output
  169 000000DA E041            B                forexterno
  170 000000DC         LED3
  171 000000DC F04F 0004       MOV              R0, #2_00000100
  172 000000E0 F80A 0B08       STRB             R0, [R10], #8
  173 000000E4         ; BL PortQ_Output
  174 000000E4 F04F 0000       MOV              R0, #2_00000000
  175 000000E8 F80A 0B08       STRB             R0, [R10], #8
  176 000000EC F8DF A390       LDR              R10, =LED
  177 000000F0         ; BL PortA_Output
  178 000000F0         ; MOV R0, #2_100000
  179 000000F0         ; BL PortP_Output
  180 000000F0 E036            B                forexterno
  181 000000F2         LED4
  182 000000F2 F04F 0008       MOV              R0, #2_00001000
  183 000000F6 F80A 0B08       STRB             R0, [R10], #8
  184 000000FA         ; BL PortQ_Output
  185 000000FA F04F 0000       MOV              R0, #2_00000000
  186 000000FE F80A 0B08       STRB             R0, [R10], #8
  187 00000102 F8DF A37C       LDR              R10, =LED
  188 00000106         ; BL PortA_Output
  189 00000106         ; MOV R0, #2_100000
  190 00000106         ; BL PortP_Output
  191 00000106 E02B            B                forexterno
  192 00000108         



ARM Macro Assembler    Page 5 


  193 00000108         LED5
  194 00000108 F04F 0000       MOV              R0, #2_00000000
  195 0000010C F80A 0B08       STRB             R0, [R10], #8
  196 00000110         ; BL PortQ_Output
  197 00000110 F04F 0010       MOV              R0, #2_00010000
  198 00000114 F80A 0B08       STRB             R0, [R10], #8
  199 00000118 F8DF A364       LDR              R10, =LED
  200 0000011C         ; BL PortA_Output
  201 0000011C         ; MOV R0, #2_100000
  202 0000011C         ; BL PortP_Output
  203 0000011C E020            B                forexterno
  204 0000011E         
  205 0000011E         LED6
  206 0000011E F04F 0000       MOV              R0, #2_00000000
  207 00000122 F80A 0B08       STRB             R0, [R10], #8
  208 00000126         ; BL PortQ_Output
  209 00000126 F04F 0020       MOV              R0, #2_00100000
  210 0000012A F80A 0B08       STRB             R0, [R10], #8
  211 0000012E F8DF A350       LDR              R10, =LED
  212 00000132         ; BL PortA_Output
  213 00000132         ; MOV R0, #2_100000
  214 00000132         ; BL PortP_Output
  215 00000132 E015            B                forexterno
  216 00000134         
  217 00000134         LED7
  218 00000134 F04F 0000       MOV              R0, #2_00000000
  219 00000138 F80A 0B08       STRB             R0, [R10], #8
  220 0000013C         ; BL PortQ_Output
  221 0000013C F04F 0040       MOV              R0, #2_01000000
  222 00000140 F80A 0B08       STRB             R0, [R10], #8
  223 00000144 F8DF A338       LDR              R10, =LED
  224 00000148         ; BL PortA_Output
  225 00000148         ; MOV R0, #2_100000
  226 00000148         ; BL PortP_Output
  227 00000148 E00A            B                forexterno
  228 0000014A         
  229 0000014A         LED8
  230 0000014A F04F 0000       MOV              R0, #2_00000000
  231 0000014E F80A 0B08       STRB             R0, [R10], #8
  232 00000152         ; BL PortQ_Output
  233 00000152 F04F 0080       MOV              R0, #2_10000000
  234 00000156 F80A 0B08       STRB             R0, [R10], #8
  235 0000015A F8DF A324       LDR              R10, =LED
  236 0000015E         ; BL PortA_Output
  237 0000015E         ; MOV R0, #2_100000
  238 0000015E         ; BL PortP_Output
  239 0000015E E7FF            B                forexterno
  240 00000160         
  241 00000160         forexterno
  242 00000160         
  243 00000160         ;Compara para o display externo
  244 00000160 2C00            CMP              R4,#0
  245 00000162 D011            BEQ              displayEsq0
  246 00000164 2C01            CMP              R4,#1
  247 00000166 D01A            BEQ              displayEsq1
  248 00000168 2C02            CMP              R4,#2
  249 0000016A D023            BEQ              displayEsq2
  250 0000016C 2C03            CMP              R4,#3
  251 0000016E D02C            BEQ              displayEsq3



ARM Macro Assembler    Page 6 


  252 00000170 2C04            CMP              R4,#4
  253 00000172 D035            BEQ              displayEsq4
  254 00000174 2C05            CMP              R4,#5
  255 00000176 D03E            BEQ              displayEsq5
  256 00000178 2C06            CMP              R4,#6
  257 0000017A D047            BEQ              displayEsq6
  258 0000017C 2C07            CMP              R4,#7
  259 0000017E D050            BEQ              displayEsq7
  260 00000180 2C08            CMP              R4,#8
  261 00000182 D059            BEQ              displayEsq8
  262 00000184 2C09            CMP              R4,#9
  263 00000186 D062            BEQ              displayEsq9
  264 00000188         
  265 00000188         displayEsq0
  266 00000188 F04F 000F       MOV              R0, #2_00001111
  267 0000018C F808 0B08       STRB             R0, [R8], #8
  268 00000190         ; BL PortQ_Output
  269 00000190 F04F 0030       MOV              R0, #2_00110000
  270 00000194 F808 0B08       STRB             R0, [R8], #8
  271 00000198 F8DF 82DC       LDR              R8, =DISPLAY_ESQUERDO
  272 0000019C         ; BL PortA_Output
  273 0000019C         ; MOV R0, #2_010000
  274 0000019C         ; BL PortB_Output
  275 0000019C E062            B                forinterno
  276 0000019E         
  277 0000019E         displayEsq1
  278 0000019E F04F 0006       MOV              R0, #2_00000110
  279 000001A2 F808 0B08       STRB             R0, [R8], #8
  280 000001A6         ; BL PortQ_Output
  281 000001A6 F04F 0000       MOV              R0, #2_00000000
  282 000001AA F808 0B08       STRB             R0, [R8], #8
  283 000001AE F8DF 82C8       LDR              R8, =DISPLAY_ESQUERDO
  284 000001B2         ; BL PortA_Output
  285 000001B2         ; MOV R0, #2_010000
  286 000001B2         ; BL PortB_Output
  287 000001B2 E057            B                forinterno
  288 000001B4         
  289 000001B4         displayEsq2
  290 000001B4 F04F 000B       MOV              R0, #2_00001011
  291 000001B8 F808 0B08       STRB             R0, [R8], #8
  292 000001BC         ; BL PortQ_Output
  293 000001BC F04F 0050       MOV              R0, #2_01010000
  294 000001C0 F808 0B08       STRB             R0, [R8], #8
  295 000001C4 F8DF 82B0       LDR              R8, =DISPLAY_ESQUERDO
  296 000001C8         ; BL PortA_Output
  297 000001C8         ; MOV R0, #2_010000
  298 000001C8         ; BL PortB_Output
  299 000001C8 E04C            B                forinterno
  300 000001CA         
  301 000001CA         displayEsq3
  302 000001CA F04F 000F       MOV              R0, #2_00001111
  303 000001CE F808 0B08       STRB             R0, [R8], #8
  304 000001D2         ; BL PortQ_Output
  305 000001D2 F04F 0040       MOV              R0, #2_01000000
  306 000001D6 F808 0B08       STRB             R0, [R8], #8
  307 000001DA F8DF 829C       LDR              R8, =DISPLAY_ESQUERDO
  308 000001DE         ; BL PortA_Output
  309 000001DE         ; MOV R0, #2_010000
  310 000001DE         ; BL PortB_Output



ARM Macro Assembler    Page 7 


  311 000001DE E041            B                forinterno
  312 000001E0         
  313 000001E0         displayEsq4
  314 000001E0 F04F 0006       MOV              R0, #2_00000110
  315 000001E4 F808 0B08       STRB             R0, [R8], #8
  316 000001E8         ; BL PortQ_Output
  317 000001E8 F04F 0060       MOV              R0, #2_01100000
  318 000001EC F808 0B08       STRB             R0, [R8], #8
  319 000001F0 F8DF 8284       LDR              R8, =DISPLAY_ESQUERDO
  320 000001F4         ; BL PortA_Output
  321 000001F4         ; MOV R0, #2_010000
  322 000001F4         ; BL PortB_Output
  323 000001F4 E036            B                forinterno
  324 000001F6         
  325 000001F6         displayEsq5
  326 000001F6 F04F 000D       MOV              R0, #2_00001101
  327 000001FA F808 0B08       STRB             R0, [R8], #8
  328 000001FE         ; BL PortQ_Output
  329 000001FE F04F 0060       MOV              R0, #2_01100000
  330 00000202 F808 0B08       STRB             R0, [R8], #8
  331 00000206 F8DF 8270       LDR              R8, =DISPLAY_ESQUERDO
  332 0000020A         ; BL PortA_Output
  333 0000020A         ; MOV R0, #2_010000
  334 0000020A         ; BL PortB_Output
  335 0000020A E02B            B                forinterno
  336 0000020C         
  337 0000020C         displayEsq6
  338 0000020C F04F 000D       MOV              R0, #2_00001101
  339 00000210 F808 0B08       STRB             R0, [R8], #8
  340 00000214         ; BL PortQ_Output
  341 00000214 F04F 0070       MOV              R0, #2_01110000
  342 00000218 F808 0B08       STRB             R0, [R8], #8
  343 0000021C F8DF 8258       LDR              R8, =DISPLAY_ESQUERDO
  344 00000220         ; BL PortA_Output
  345 00000220         ; MOV R0, #2_010000
  346 00000220         ; BL PortB_Output
  347 00000220 E020            B                forinterno
  348 00000222         
  349 00000222         displayEsq7
  350 00000222 F04F 0007       MOV              R0, #2_00000111
  351 00000226 F808 0B08       STRB             R0, [R8], #8
  352 0000022A         ; BL PortQ_Output
  353 0000022A F04F 0000       MOV              R0, #2_00000000
  354 0000022E F808 0B08       STRB             R0, [R8], #8
  355 00000232 F8DF 8244       LDR              R8, =DISPLAY_ESQUERDO
  356 00000236         ; BL PortA_Output
  357 00000236         ; MOV R0, #2_010000
  358 00000236         ; BL PortB_Output
  359 00000236 E015            B                forinterno
  360 00000238         
  361 00000238         displayEsq8
  362 00000238 F04F 000F       MOV              R0, #2_00001111
  363 0000023C F808 0B08       STRB             R0, [R8], #8
  364 00000240         ; BL PortQ_Output
  365 00000240 F04F 0070       MOV              R0, #2_01110000
  366 00000244 F808 0B08       STRB             R0, [R8], #8
  367 00000248 F8DF 822C       LDR              R8, =DISPLAY_ESQUERDO
  368 0000024C         ; BL PortA_Output
  369 0000024C E00A            B                forinterno



ARM Macro Assembler    Page 8 


  370 0000024E         
  371 0000024E         displayEsq9
  372 0000024E F04F 000F       MOV              R0, #2_00001111
  373 00000252 F808 0B08       STRB             R0, [R8], #8
  374 00000256         ; BL PortQ_Output
  375 00000256 F04F 0060       MOV              R0, #2_01100000
  376 0000025A F808 0B08       STRB             R0, [R8], #8
  377 0000025E F8DF 8218       LDR              R8, =DISPLAY_ESQUERDO
  378 00000262         ; BL PortA_Output
  379 00000262 E7FF            B                forinterno
  380 00000264         
  381 00000264         forinterno
  382 00000264         
  383 00000264         ;Compara
  384 00000264 2D00            CMP              R5,#0
  385 00000266 D011            BEQ              dirZero
  386 00000268 2D01            CMP              R5,#1
  387 0000026A D01A            BEQ              dirUm
  388 0000026C 2D02            CMP              R5,#2
  389 0000026E D023            BEQ              dirDois
  390 00000270 2D03            CMP              R5,#3
  391 00000272 D02C            BEQ              dirTres
  392 00000274 2D04            CMP              R5,#4
  393 00000276 D035            BEQ              dirQuatro
  394 00000278 2D05            CMP              R5,#5
  395 0000027A D03E            BEQ              dirCinco
  396 0000027C 2D06            CMP              R5,#6
  397 0000027E D047            BEQ              dirSeis
  398 00000280 2D07            CMP              R5,#7
  399 00000282 D050            BEQ              dirSete
  400 00000284 2D08            CMP              R5,#8
  401 00000286 D059            BEQ              dirOito
  402 00000288 2D09            CMP              R5,#9
  403 0000028A D062            BEQ              dirNove
  404 0000028C         
  405 0000028C         dirZero
  406 0000028C F04F 000F       MOV              R0, #2_00001111
  407 00000290 F809 0B08       STRB             R0, [R9], #8
  408 00000294         ; BL PortQ_Output
  409 00000294 F04F 0030       MOV              R0, #2_00110000
  410 00000298 F809 0B08       STRB             R0, [R9], #8
  411 0000029C F8DF 91DC       LDR              R9, =DISPLAY_DIREITO
  412 000002A0         ; BL PortA_Output
  413 000002A0         ; MOV R0, #2_100000
  414 000002A0         ; BL PortB_Output
  415 000002A0 E062            B                fimacende
  416 000002A2         
  417 000002A2         dirUm
  418 000002A2 F04F 0006       MOV              R0, #2_00000110
  419 000002A6 F809 0B08       STRB             R0, [R9], #8
  420 000002AA         ; BL PortQ_Output
  421 000002AA F04F 0000       MOV              R0, #2_00000000
  422 000002AE F809 0B08       STRB             R0, [R9], #8
  423 000002B2 F8DF 91C8       LDR              R9, =DISPLAY_DIREITO
  424 000002B6         ; BL PortA_Output
  425 000002B6         ; MOV R0, #2_100000
  426 000002B6         ; BL PortB_Output
  427 000002B6 E057            B                fimacende
  428 000002B8         



ARM Macro Assembler    Page 9 


  429 000002B8         dirDois
  430 000002B8 F04F 000B       MOV              R0, #2_00001011
  431 000002BC F809 0B08       STRB             R0, [R9], #8
  432 000002C0         ; BL PortQ_Output
  433 000002C0 F04F 0050       MOV              R0, #2_01010000
  434 000002C4 F809 0B08       STRB             R0, [R9], #8
  435 000002C8 F8DF 91B0       LDR              R9, =DISPLAY_DIREITO
  436 000002CC         ; BL PortA_Output
  437 000002CC         ; MOV R0, #2_100000
  438 000002CC         ; BL PortB_Output
  439 000002CC E04C            B                fimacende
  440 000002CE         
  441 000002CE         dirTres
  442 000002CE F04F 000F       MOV              R0, #2_00001111
  443 000002D2 F809 0B08       STRB             R0, [R9], #8
  444 000002D6         ; BL PortQ_Output
  445 000002D6 F04F 0040       MOV              R0, #2_01000000
  446 000002DA F809 0B08       STRB             R0, [R9], #8
  447 000002DE F8DF 919C       LDR              R9, =DISPLAY_DIREITO
  448 000002E2         ; BL PortA_Output
  449 000002E2         ; MOV R0, #2_100000
  450 000002E2         ; BL PortB_Output
  451 000002E2 E041            B                fimacende
  452 000002E4         
  453 000002E4         dirQuatro
  454 000002E4 F04F 0006       MOV              R0, #2_00000110
  455 000002E8 F809 0B08       STRB             R0, [R9], #8
  456 000002EC         ; BL PortQ_Output
  457 000002EC F04F 0060       MOV              R0, #2_01100000
  458 000002F0 F809 0B08       STRB             R0, [R9], #8
  459 000002F4 F8DF 9184       LDR              R9, =DISPLAY_DIREITO
  460 000002F8         ; BL PortA_Output
  461 000002F8         ; MOV R0, #2_100000
  462 000002F8         ; BL PortB_Output
  463 000002F8 E036            B                fimacende
  464 000002FA         
  465 000002FA         dirCinco
  466 000002FA F04F 000D       MOV              R0, #2_00001101
  467 000002FE F809 0B08       STRB             R0, [R9], #8
  468 00000302         ; BL PortQ_Output
  469 00000302 F04F 0060       MOV              R0, #2_01100000
  470 00000306 F809 0B08       STRB             R0, [R9], #8
  471 0000030A F8DF 9170       LDR              R9, =DISPLAY_DIREITO
  472 0000030E         ; BL PortA_Output
  473 0000030E         ; MOV R0, #2_100000
  474 0000030E         ; BL PortB_Output
  475 0000030E E02B            B                fimacende
  476 00000310         
  477 00000310         dirSeis
  478 00000310 F04F 000D       MOV              R0, #2_00001101
  479 00000314 F809 0B08       STRB             R0, [R9], #8
  480 00000318         ; BL PortQ_Output
  481 00000318 F04F 0070       MOV              R0, #2_01110000
  482 0000031C F809 0B08       STRB             R0, [R9], #8
  483 00000320 F8DF 9158       LDR              R9, =DISPLAY_DIREITO
  484 00000324         ; BL PortA_Output
  485 00000324         ; MOV R0, #2_100000
  486 00000324         ; BL PortB_Output
  487 00000324 E020            B                fimacende



ARM Macro Assembler    Page 10 


  488 00000326         
  489 00000326         dirSete
  490 00000326 F04F 0007       MOV              R0, #2_00000111
  491 0000032A F809 0B08       STRB             R0, [R9], #8
  492 0000032E         ; BL PortQ_Output
  493 0000032E F04F 0000       MOV              R0, #2_00000000
  494 00000332 F809 0B08       STRB             R0, [R9], #8
  495 00000336 F8DF 9144       LDR              R9, =DISPLAY_DIREITO
  496 0000033A         ; BL PortA_Output
  497 0000033A         ; MOV R0, #2_100000
  498 0000033A         ; BL PortB_Output
  499 0000033A E015            B                fimacende
  500 0000033C         
  501 0000033C         dirOito
  502 0000033C F04F 000F       MOV              R0, #2_00001111
  503 00000340 F809 0B08       STRB             R0, [R9], #8
  504 00000344         ; BL PortQ_Output
  505 00000344 F04F 0070       MOV              R0, #2_01110000
  506 00000348 F809 0B08       STRB             R0, [R9], #8
  507 0000034C F8DF 912C       LDR              R9, =DISPLAY_DIREITO
  508 00000350         ; BL PortA_Output
  509 00000350 E00A            B                fimacende
  510 00000352         
  511 00000352         dirNove
  512 00000352 F04F 000F       MOV              R0, #2_00001111
  513 00000356 F809 0B08       STRB             R0, [R9], #8
  514 0000035A         ; BL PortQ_Output
  515 0000035A F04F 0060       MOV              R0, #2_01100000
  516 0000035E F809 0B08       STRB             R0, [R9], #8
  517 00000362 F8DF 9118       LDR              R9, =DISPLAY_DIREITO
  518 00000366         ; BL PortA_Output
  519 00000366 E7FF            B                fimacende
  520 00000368         
  521 00000368         
  522 00000368         fimacende
  523 00000368         
  524 00000368 2D09            CMP              R5, #9
  525 0000036A BF32            ITEE             CC
  526 0000036C 1C6D            ADDCC            R5, R5, #1
  527 0000036E 1C64            ADDCS            R4, R4, #1
  528 00000370 2500            MOVCS            R5, #0
  529 00000372         
  530 00000372 2C0A            CMP              R4, #10     ;compara para ver q
                                                            ual é o número do d
                                                            isplay externo
  531 00000374 BF28            IT               CS
  532 00000376 2400            MOVCS            R4, #0
  533 00000378         
  534 00000378 2E0D            CMP              R6, #13     ;compara para ver q
                                                            ual é o número do d
                                                            isplay externo
  535 0000037A BF34            ITE              CC
  536 0000037C 1C76            ADDCC            R6, R6, #1
  537 0000037E 2600            MOVCS            R6, #0
  538 00000380         
  539 00000380 F85D EB04       POP              {LR}
  540 00000384 4770            BX               LR
  541 00000386         
  542 00000386         



ARM Macro Assembler    Page 11 


  543 00000386         
  544 00000386         ; ------------------------------------------------------
                       -------------------------
  545 00000386         
  546 00000386         ; ------------------------------------------------------
                       -------------------------
  547 00000386         ;Função de Espera
  548 00000386         Espera
  549 00000386 B500            PUSH             {LR}
  550 00000388         
  551 00000388 2F00            CMP              R7,#0
  552 0000038A D00F            BEQ              passo1
  553 0000038C 2F01            CMP              R7,#1
  554 0000038E D010            BEQ              passo2
  555 00000390 2F02            CMP              R7,#2
  556 00000392 D011            BEQ              passo3
  557 00000394 2F03            CMP              R7,#3
  558 00000396 D012            BEQ              passo4
  559 00000398 2F04            CMP              R7,#4
  560 0000039A D013            BEQ              passo5
  561 0000039C 2F05            CMP              R7,#5
  562 0000039E D014            BEQ              passo6
  563 000003A0 2F06            CMP              R7,#6
  564 000003A2 D015            BEQ              passo7
  565 000003A4 2F07            CMP              R7,#7
  566 000003A6 D016            BEQ              passo8
  567 000003A8 2F08            CMP              R7,#8
  568 000003AA D017            BEQ              passo9
  569 000003AC         
  570 000003AC         passo1
  571 000003AC F04F 0C96       MOV              R12, #150
  572 000003B0 E017            B                acendendo
  573 000003B2         passo2
  574 000003B2 F04F 0CC8       MOV              R12, #200
  575 000003B6 E014            B                acendendo
  576 000003B8         passo3
  577 000003B8 F04F 0CFA       MOV              R12, #250
  578 000003BC E011            B                acendendo
  579 000003BE         passo4
  580 000003BE F44F 7C96       MOV              R12, #300
  581 000003C2 E00E            B                acendendo
  582 000003C4         passo5
  583 000003C4 F44F 7CAF       MOV              R12, #350
  584 000003C8 E00B            B                acendendo
  585 000003CA         passo6
  586 000003CA F44F 7CC8       MOV              R12, #400
  587 000003CE E008            B                acendendo
  588 000003D0         passo7
  589 000003D0 F44F 7CE1       MOV              R12, #450
  590 000003D4 E005            B                acendendo
  591 000003D6         passo8
  592 000003D6 F44F 7CFA       MOV              R12, #500
  593 000003DA E002            B                acendendo
  594 000003DC         passo9
  595 000003DC F240 2C26       MOV              R12, #550
  596 000003E0 E7FF            B                acendendo
  597 000003E2         
  598 000003E2         
  599 000003E2         acendendo



ARM Macro Assembler    Page 12 


  600 000003E2 F81A 0B08       LDRB             R0, [R10], #8
  601 000003E6 F7FF FFFE       BL               PortQ_Output
  602 000003EA F81A 0B08       LDRB             R0, [R10], #8
  603 000003EE F7FF FFFE       BL               PortA_Output
  604 000003F2 F8DF A08C       LDR              R10, =LED
  605 000003F6 F04F 0020       MOV              R0, #2_100000
  606 000003FA F7FF FFFE       BL               PortP_Output
  607 000003FE F04F 0001       MOV              R0, #1
  608 00000402 F7FF FFFE       BL               SysTick_Wait1ms
  609 00000406 F04F 0000       MOV              R0, #2_000000
  610 0000040A F7FF FFFE       BL               PortP_Output
  611 0000040E         
  612 0000040E F818 0B08       LDRB             R0, [R8], #8
  613 00000412 F7FF FFFE       BL               PortQ_Output
  614 00000416 F818 0B08       LDRB             R0, [R8], #8
  615 0000041A F7FF FFFE       BL               PortA_Output
  616 0000041E F8DF 8058       LDR              R8, =DISPLAY_ESQUERDO
  617 00000422 F04F 0010       MOV              R0, #2_010000
  618 00000426 F7FF FFFE       BL               PortB_Output
  619 0000042A F04F 0001       MOV              R0, #1
  620 0000042E F7FF FFFE       BL               SysTick_Wait1ms
  621 00000432         
  622 00000432 F819 0B08       LDRB             R0, [R9], #8
  623 00000436 F7FF FFFE       BL               PortQ_Output
  624 0000043A F819 0B08       LDRB             R0, [R9], #8
  625 0000043E F7FF FFFE       BL               PortA_Output
  626 00000442 F8DF 9038       LDR              R9, =DISPLAY_DIREITO
  627 00000446 F04F 0020       MOV              R0, #2_100000
  628 0000044A F7FF FFFE       BL               PortB_Output
  629 0000044E F04F 0001       MOV              R0, #1
  630 00000452 F7FF FFFE       BL               SysTick_Wait1ms
  631 00000456 F04F 0000       MOV              R0, #2_000000
  632 0000045A F7FF FFFE       BL               PortB_Output
  633 0000045E         
  634 0000045E 45E3            CMP              R11, R12
  635 00000460 BF38            IT               CC
  636 00000462 F10B 0B01       ADDCC            R11, R11, #1
  637 00000466 D3BC            BCC              acendendo
  638 00000468 BF28 F04F 
              0B00             MOVCS            R11, #0
  639 0000046E         
  640 0000046E E7FF            B                final
  641 00000470         
  642 00000470         
  643 00000470         final
  644 00000470 F85D EB04       POP              {LR}
  645 00000474 4770            BX               LR
  646 00000476         
  647 00000476         
  648 00000476 00 00           ALIGN                        ;Garante que o fim 
                                                            da seção está alinh
                                                            ada 
  649 00000478                 END
              20000A00 
              20000B00 
              20000C00 
Command Line: --debug --xref --diag_suppress=9931 --cpu=Cortex-M4.fp.sp --apcs=
interwork --depend=.\objects\main.d -o.\objects\main.o -IC:\Users\ianca\AppData
\Local\Arm\Packs\Keil\TM4C_DFP\1.1.0\Device\Include\TM4C129 --predefine="__EVAL



ARM Macro Assembler    Page 13 


 SETA 1" --predefine="__UVISION_VERSION SETA 536" --predefine="TM4C1294NCPDT SE
TA 1" --list=.\listings\main.lst main.s



ARM Macro Assembler    Page 1 Alphabetic symbol ordering
Relocatable symbols

DATA 00000000

Symbol: DATA
   Definitions
      At line 18 in file main.s
   Uses
      None
Comment: DATA unused
1 symbol



ARM Macro Assembler    Page 1 Alphabetic symbol ordering
Relocatable symbols

.text 00000000

Symbol: .text
   Definitions
      At line 29 in file main.s
   Uses
      None
Comment: .text unused
Acende_LEDS 00000076

Symbol: Acende_LEDS
   Definitions
      At line 116 in file main.s
   Uses
      At line 75 in file main.s
Comment: Acende_LEDS used once
Cavaleiro 00000078

Symbol: Cavaleiro
   Definitions
      At line 119 in file main.s
   Uses
      None
Comment: Cavaleiro unused
Espera 00000386

Symbol: Espera
   Definitions
      At line 548 in file main.s
   Uses
      At line 76 in file main.s
Comment: Espera used once
LED1 000000B0

Symbol: LED1
   Definitions
      At line 148 in file main.s
   Uses
      At line 121 in file main.s
Comment: LED1 used once
LED2 000000C6

Symbol: LED2
   Definitions
      At line 159 in file main.s
   Uses
      At line 123 in file main.s
      At line 147 in file main.s

LED3 000000DC

Symbol: LED3
   Definitions
      At line 170 in file main.s
   Uses
      At line 125 in file main.s
      At line 145 in file main.s

LED4 000000F2



ARM Macro Assembler    Page 2 Alphabetic symbol ordering
Relocatable symbols


Symbol: LED4
   Definitions
      At line 181 in file main.s
   Uses
      At line 127 in file main.s
      At line 143 in file main.s

LED5 00000108

Symbol: LED5
   Definitions
      At line 193 in file main.s
   Uses
      At line 129 in file main.s
      At line 141 in file main.s

LED6 0000011E

Symbol: LED6
   Definitions
      At line 205 in file main.s
   Uses
      At line 131 in file main.s
      At line 139 in file main.s

LED7 00000134

Symbol: LED7
   Definitions
      At line 217 in file main.s
   Uses
      At line 133 in file main.s
      At line 137 in file main.s

LED8 0000014A

Symbol: LED8
   Definitions
      At line 229 in file main.s
   Uses
      At line 135 in file main.s
Comment: LED8 used once
MainLoop 00000030

Symbol: MainLoop
   Definitions
      At line 73 in file main.s
   Uses
      At line 77 in file main.s
Comment: MainLoop used once
Start 00000000

Symbol: Start
   Definitions
      At line 55 in file main.s
   Uses
      At line 32 in file main.s
Comment: Start used once



ARM Macro Assembler    Page 3 Alphabetic symbol ordering
Relocatable symbols

Verifica_Chaves 0000003E

Symbol: Verifica_Chaves
   Definitions
      At line 82 in file main.s
   Uses
      At line 74 in file main.s
Comment: Verifica_Chaves used once
Verifica_S2 00000052

Symbol: Verifica_S2
   Definitions
      At line 94 in file main.s
   Uses
      At line 87 in file main.s
Comment: Verifica_S2 used once
acendendo 000003E2

Symbol: acendendo
   Definitions
      At line 599 in file main.s
   Uses
      At line 572 in file main.s
      At line 575 in file main.s
      At line 578 in file main.s
      At line 581 in file main.s
      At line 584 in file main.s
      At line 587 in file main.s
      At line 590 in file main.s
      At line 593 in file main.s
      At line 596 in file main.s
      At line 637 in file main.s

dirCinco 000002FA

Symbol: dirCinco
   Definitions
      At line 465 in file main.s
   Uses
      At line 395 in file main.s
Comment: dirCinco used once
dirDois 000002B8

Symbol: dirDois
   Definitions
      At line 429 in file main.s
   Uses
      At line 389 in file main.s
Comment: dirDois used once
dirNove 00000352

Symbol: dirNove
   Definitions
      At line 511 in file main.s
   Uses
      At line 403 in file main.s
Comment: dirNove used once
dirOito 0000033C




ARM Macro Assembler    Page 4 Alphabetic symbol ordering
Relocatable symbols

Symbol: dirOito
   Definitions
      At line 501 in file main.s
   Uses
      At line 401 in file main.s
Comment: dirOito used once
dirQuatro 000002E4

Symbol: dirQuatro
   Definitions
      At line 453 in file main.s
   Uses
      At line 393 in file main.s
Comment: dirQuatro used once
dirSeis 00000310

Symbol: dirSeis
   Definitions
      At line 477 in file main.s
   Uses
      At line 397 in file main.s
Comment: dirSeis used once
dirSete 00000326

Symbol: dirSete
   Definitions
      At line 489 in file main.s
   Uses
      At line 399 in file main.s
Comment: dirSete used once
dirTres 000002CE

Symbol: dirTres
   Definitions
      At line 441 in file main.s
   Uses
      At line 391 in file main.s
Comment: dirTres used once
dirUm 000002A2

Symbol: dirUm
   Definitions
      At line 417 in file main.s
   Uses
      At line 387 in file main.s
Comment: dirUm used once
dirZero 0000028C

Symbol: dirZero
   Definitions
      At line 405 in file main.s
   Uses
      At line 385 in file main.s
Comment: dirZero used once
displayEsq0 00000188

Symbol: displayEsq0
   Definitions
      At line 265 in file main.s



ARM Macro Assembler    Page 5 Alphabetic symbol ordering
Relocatable symbols

   Uses
      At line 245 in file main.s
Comment: displayEsq0 used once
displayEsq1 0000019E

Symbol: displayEsq1
   Definitions
      At line 277 in file main.s
   Uses
      At line 247 in file main.s
Comment: displayEsq1 used once
displayEsq2 000001B4

Symbol: displayEsq2
   Definitions
      At line 289 in file main.s
   Uses
      At line 249 in file main.s
Comment: displayEsq2 used once
displayEsq3 000001CA

Symbol: displayEsq3
   Definitions
      At line 301 in file main.s
   Uses
      At line 251 in file main.s
Comment: displayEsq3 used once
displayEsq4 000001E0

Symbol: displayEsq4
   Definitions
      At line 313 in file main.s
   Uses
      At line 253 in file main.s
Comment: displayEsq4 used once
displayEsq5 000001F6

Symbol: displayEsq5
   Definitions
      At line 325 in file main.s
   Uses
      At line 255 in file main.s
Comment: displayEsq5 used once
displayEsq6 0000020C

Symbol: displayEsq6
   Definitions
      At line 337 in file main.s
   Uses
      At line 257 in file main.s
Comment: displayEsq6 used once
displayEsq7 00000222

Symbol: displayEsq7
   Definitions
      At line 349 in file main.s
   Uses
      At line 259 in file main.s
Comment: displayEsq7 used once



ARM Macro Assembler    Page 6 Alphabetic symbol ordering
Relocatable symbols

displayEsq8 00000238

Symbol: displayEsq8
   Definitions
      At line 361 in file main.s
   Uses
      At line 261 in file main.s
Comment: displayEsq8 used once
displayEsq9 0000024E

Symbol: displayEsq9
   Definitions
      At line 371 in file main.s
   Uses
      At line 263 in file main.s
Comment: displayEsq9 used once
fim 00000060

Symbol: fim
   Definitions
      At line 103 in file main.s
   Uses
      At line 93 in file main.s
      At line 96 in file main.s
      At line 101 in file main.s

fimacende 00000368

Symbol: fimacende
   Definitions
      At line 522 in file main.s
   Uses
      At line 415 in file main.s
      At line 427 in file main.s
      At line 439 in file main.s
      At line 451 in file main.s
      At line 463 in file main.s
      At line 475 in file main.s
      At line 487 in file main.s
      At line 499 in file main.s
      At line 509 in file main.s
      At line 519 in file main.s

final 00000470

Symbol: final
   Definitions
      At line 643 in file main.s
   Uses
      At line 640 in file main.s
Comment: final used once
forexterno 00000160

Symbol: forexterno
   Definitions
      At line 241 in file main.s
   Uses
      At line 158 in file main.s
      At line 169 in file main.s



ARM Macro Assembler    Page 7 Alphabetic symbol ordering
Relocatable symbols

      At line 180 in file main.s
      At line 191 in file main.s
      At line 203 in file main.s
      At line 215 in file main.s
      At line 227 in file main.s
      At line 239 in file main.s

forinterno 00000264

Symbol: forinterno
   Definitions
      At line 381 in file main.s
   Uses
      At line 275 in file main.s
      At line 287 in file main.s
      At line 299 in file main.s
      At line 311 in file main.s
      At line 323 in file main.s
      At line 335 in file main.s
      At line 347 in file main.s
      At line 359 in file main.s
      At line 369 in file main.s
      At line 379 in file main.s

nenhumaPressionada 00000068

Symbol: nenhumaPressionada
   Definitions
      At line 106 in file main.s
   Uses
      At line 109 in file main.s
Comment: nenhumaPressionada used once
passo1 000003AC

Symbol: passo1
   Definitions
      At line 570 in file main.s
   Uses
      At line 552 in file main.s
Comment: passo1 used once
passo2 000003B2

Symbol: passo2
   Definitions
      At line 573 in file main.s
   Uses
      At line 554 in file main.s
Comment: passo2 used once
passo3 000003B8

Symbol: passo3
   Definitions
      At line 576 in file main.s
   Uses
      At line 556 in file main.s
Comment: passo3 used once
passo4 000003BE

Symbol: passo4



ARM Macro Assembler    Page 8 Alphabetic symbol ordering
Relocatable symbols

   Definitions
      At line 579 in file main.s
   Uses
      At line 558 in file main.s
Comment: passo4 used once
passo5 000003C4

Symbol: passo5
   Definitions
      At line 582 in file main.s
   Uses
      At line 560 in file main.s
Comment: passo5 used once
passo6 000003CA

Symbol: passo6
   Definitions
      At line 585 in file main.s
   Uses
      At line 562 in file main.s
Comment: passo6 used once
passo7 000003D0

Symbol: passo7
   Definitions
      At line 588 in file main.s
   Uses
      At line 564 in file main.s
Comment: passo7 used once
passo8 000003D6

Symbol: passo8
   Definitions
      At line 591 in file main.s
   Uses
      At line 566 in file main.s
Comment: passo8 used once
passo9 000003DC

Symbol: passo9
   Definitions
      At line 594 in file main.s
   Uses
      At line 568 in file main.s
Comment: passo9 used once
52 symbols



ARM Macro Assembler    Page 1 Alphabetic symbol ordering
Absolute symbols

DISPLAY_DIREITO 20000B00

Symbol: DISPLAY_DIREITO
   Definitions
      At line 50 in file main.s
   Uses
      At line 66 in file main.s
      At line 411 in file main.s
      At line 423 in file main.s
      At line 435 in file main.s
      At line 447 in file main.s
      At line 459 in file main.s
      At line 471 in file main.s
      At line 483 in file main.s
      At line 495 in file main.s
      At line 507 in file main.s
      At line 517 in file main.s
      At line 626 in file main.s

DISPLAY_ESQUERDO 20000A00

Symbol: DISPLAY_ESQUERDO
   Definitions
      At line 49 in file main.s
   Uses
      At line 65 in file main.s
      At line 271 in file main.s
      At line 283 in file main.s
      At line 295 in file main.s
      At line 307 in file main.s
      At line 319 in file main.s
      At line 331 in file main.s
      At line 343 in file main.s
      At line 355 in file main.s
      At line 367 in file main.s
      At line 377 in file main.s
      At line 616 in file main.s

LED 20000C00

Symbol: LED
   Definitions
      At line 51 in file main.s
   Uses
      At line 67 in file main.s
      At line 154 in file main.s
      At line 165 in file main.s
      At line 176 in file main.s
      At line 187 in file main.s
      At line 199 in file main.s
      At line 211 in file main.s
      At line 223 in file main.s
      At line 235 in file main.s
      At line 604 in file main.s

3 symbols



ARM Macro Assembler    Page 1 Alphabetic symbol ordering
External symbols

GPIO_Init 00000000

Symbol: GPIO_Init
   Definitions
      At line 41 in file main.s
   Uses
      At line 58 in file main.s
Comment: GPIO_Init used once
PLL_Init 00000000

Symbol: PLL_Init
   Definitions
      At line 38 in file main.s
   Uses
      At line 56 in file main.s
Comment: PLL_Init used once
PortA_Output 00000000

Symbol: PortA_Output
   Definitions
      At line 45 in file main.s
   Uses
      At line 603 in file main.s
      At line 615 in file main.s
      At line 625 in file main.s

PortB_Output 00000000

Symbol: PortB_Output
   Definitions
      At line 42 in file main.s
   Uses
      At line 618 in file main.s
      At line 628 in file main.s
      At line 632 in file main.s

PortJ_Input 00000000

Symbol: PortJ_Input
   Definitions
      At line 43 in file main.s
   Uses
      At line 84 in file main.s
      At line 107 in file main.s

PortP_Output 00000000

Symbol: PortP_Output
   Definitions
      At line 44 in file main.s
   Uses
      At line 606 in file main.s
      At line 610 in file main.s

PortQ_Output 00000000

Symbol: PortQ_Output
   Definitions
      At line 46 in file main.s



ARM Macro Assembler    Page 2 Alphabetic symbol ordering
External symbols

   Uses
      At line 601 in file main.s
      At line 613 in file main.s
      At line 623 in file main.s

SysTick_Init 00000000

Symbol: SysTick_Init
   Definitions
      At line 39 in file main.s
   Uses
      At line 57 in file main.s
Comment: SysTick_Init used once
SysTick_Wait1ms 00000000

Symbol: SysTick_Wait1ms
   Definitions
      At line 40 in file main.s
   Uses
      At line 105 in file main.s
      At line 608 in file main.s
      At line 620 in file main.s
      At line 630 in file main.s

9 symbols
401 symbols in table
