


ARM Macro Assembler    Page 1 


    1 00000000         ; gpio.s
    2 00000000         ; Desenvolvido para a placa EK-TM4C1294XL
    3 00000000         ; Prof. Guilherme Peron
    4 00000000         ; 19/03/2018
    5 00000000         
    6 00000000         ; ------------------------------------------------------
                       -------------------------
    7 00000000                 THUMB                        ; Instruções do tip
                                                            o Thumb-2
    8 00000000         ; ------------------------------------------------------
                       -------------------------
    9 00000000         ; Declarações EQU - Defines
   10 00000000         ; ========================
   11 00000000         ; Definições dos Registradores Gerais
   12 00000000 400FE608 
                       SYSCTL_RCGCGPIO_R
                               EQU              0x400FE608
   13 00000000 400FEA08 
                       SYSCTL_PRGPIO_R
                               EQU              0x400FEA08
   14 00000000         ; ========================
   15 00000000         ; Definições dos Ports
   16 00000000         ; PORT J
   17 00000000 40060520 
                       GPIO_PORTJ_AHB_LOCK_R
                               EQU              0x40060520
   18 00000000 40060524 
                       GPIO_PORTJ_AHB_CR_R
                               EQU              0x40060524
   19 00000000 40060528 
                       GPIO_PORTJ_AHB_AMSEL_R
                               EQU              0x40060528
   20 00000000 4006052C 
                       GPIO_PORTJ_AHB_PCTL_R
                               EQU              0x4006052C
   21 00000000 40060400 
                       GPIO_PORTJ_AHB_DIR_R
                               EQU              0x40060400
   22 00000000 40060420 
                       GPIO_PORTJ_AHB_AFSEL_R
                               EQU              0x40060420
   23 00000000 4006051C 
                       GPIO_PORTJ_AHB_DEN_R
                               EQU              0x4006051C
   24 00000000 40060510 
                       GPIO_PORTJ_AHB_PUR_R
                               EQU              0x40060510
   25 00000000 400603FC 
                       GPIO_PORTJ_AHB_DATA_R
                               EQU              0x400603FC
   26 00000000 00000100 
                       GPIO_PORTJ
                               EQU              2_000000100000000
   27 00000000         ; PORT F
   28 00000000 4005D520 
                       GPIO_PORTF_AHB_LOCK_R
                               EQU              0x4005D520
   29 00000000 4005D524 
                       GPIO_PORTF_AHB_CR_R



ARM Macro Assembler    Page 2 


                               EQU              0x4005D524
   30 00000000 4005D528 
                       GPIO_PORTF_AHB_AMSEL_R
                               EQU              0x4005D528
   31 00000000 4005D52C 
                       GPIO_PORTF_AHB_PCTL_R
                               EQU              0x4005D52C
   32 00000000 4005D400 
                       GPIO_PORTF_AHB_DIR_R
                               EQU              0x4005D400
   33 00000000 4005D420 
                       GPIO_PORTF_AHB_AFSEL_R
                               EQU              0x4005D420
   34 00000000 4005D51C 
                       GPIO_PORTF_AHB_DEN_R
                               EQU              0x4005D51C
   35 00000000 4005D510 
                       GPIO_PORTF_AHB_PUR_R
                               EQU              0x4005D510
   36 00000000 4005D3FC 
                       GPIO_PORTF_AHB_DATA_R
                               EQU              0x4005D3FC
   37 00000000 00000020 
                       GPIO_PORTF
                               EQU              2_000000000100000
   38 00000000         ; PORT N
   39 00000000 40064520 
                       GPIO_PORTN_LOCK_R
                               EQU              0x40064520
   40 00000000 40064524 
                       GPIO_PORTN_CR_R
                               EQU              0x40064524
   41 00000000 40064528 
                       GPIO_PORTN_AMSEL_R
                               EQU              0x40064528
   42 00000000 4006452C 
                       GPIO_PORTN_PCTL_R
                               EQU              0x4006452C
   43 00000000 40064400 
                       GPIO_PORTN_DIR_R
                               EQU              0x40064400
   44 00000000 40064420 
                       GPIO_PORTN_AFSEL_R
                               EQU              0x40064420
   45 00000000 4006451C 
                       GPIO_PORTN_DEN_R
                               EQU              0x4006451C
   46 00000000 40064510 
                       GPIO_PORTN_PUR_R
                               EQU              0x40064510
   47 00000000 400643FC 
                       GPIO_PORTN_DATA_R
                               EQU              0x400643FC
   48 00000000 40064000 
                       GPIO_PORTN_DATA_BITS_R
                               EQU              0x40064000
   49 00000000 00001000 
                       GPIO_PORTN
                               EQU              2_001000000000000



ARM Macro Assembler    Page 3 


   50 00000000         
   51 00000000         
   52 00000000 40060410 
                       GPIO_PORTJ_AHB_IM_R
                               EQU              0x40060410
   53 00000000 40060404 
                       GPIO_PORTJ_AHB_IS_R
                               EQU              0x40060404
   54 00000000 40060408 
                       GPIO_PORTJ_AHB_IBE_R
                               EQU              0x40060408
   55 00000000 4006040C 
                       GPIO_PORTJ_AHB_IEV_R
                               EQU              0x4006040C
   56 00000000 4006041C 
                       GPIO_PORTJ_AHB_ICR_R
                               EQU              0x4006041C
   57 00000000 40060414 
                       GPIO_PORTJ_AHB_RIS_R
                               EQU              0x40060414
   58 00000000 E000E104 
                       NVIC_EN1_R
                               EQU              0xE000E104
   59 00000000 E000E430 
                       NVIC_PRI12_R
                               EQU              0xE000E430
   60 00000000         
   61 00000000 00000001 
                       BIT0    EQU              2_0001
   62 00000000 00000002 
                       BIT1    EQU              2_0010
   63 00000000         ; ------------------------------------------------------
                       -------------------------
   64 00000000         ; Área de Código - Tudo abaixo da diretiva a seguir será
                        armazenado na memória de 
   65 00000000         ;                  código
   66 00000000         
   67 00000000                 AREA             DATA,ALIGN=2
   68 00000000                 EXPORT           A [DATA,SIZE=4]
   69 00000000 00 00 00 
              00       A       SPACE            4
   70 00000004         
   71 00000004                 AREA             |.text|, CODE, READONLY, ALIGN=
2
   72 00000000         
   73 00000000         ; Se alguma função do arquivo for chamada em outro arqui
                       vo 
   74 00000000                 EXPORT           GPIO_Init   ; Permite chamar GP
                                                            IO_Init de outro ar
                                                            quivo
   75 00000000                 EXPORT           PortF_Output ; Permite chamar P
                                                            ortN_Output de outr
                                                            o arquivo
   76 00000000         ;EXPORT PortJ_Input          ; Permite chamar PortJ_Inpu
                       t de outro arquivo
   77 00000000                 EXPORT           PortN_Output
   78 00000000                 EXPORT           GPIOPortJ_Handler
   79 00000000         
   80 00000000         



ARM Macro Assembler    Page 4 


   81 00000000                 EXPORT           A
   82 00000000         ;-------------------------------------------------------
                       -------------------------
   83 00000000         ; Função GPIO_Init
   84 00000000         ; Parâmetro de entrada: Não tem
   85 00000000         ; Parâmetro de saída: Não tem
   86 00000000         GPIO_Init
   87 00000000         ;=====================
   88 00000000         ; 1. Ativar o clock para a porta setando o bit correspon
                       dente no registrador RCGCGPIO,
   89 00000000         ; após isso verificar no PRGPIO se a porta está pronta p
                       ara uso.
   90 00000000         ; enable clock to GPIOF at clock gating register
   91 00000000 4847            LDR              R0, =SYSCTL_RCGCGPIO_R ;Carrega
                                                             o endereço do regi
                                                            strador RCGCGPIO
   92 00000002 F04F 0120       MOV              R1, #GPIO_PORTF ;Seta o bit da 
                                                            porta F
   93 00000006 F441 7180       ORR              R1, #GPIO_PORTJ ;Seta o bit da 
                                                            porta J, fazendo co
                                                            m OR
   94 0000000A F441 5180       ORR              R1, #GPIO_PORTN
   95 0000000E 6001            STR              R1, [R0]    ;Move para a memóri
                                                            a os bits das porta
                                                            s no endereço do RC
                                                            GCGPIO
   96 00000010         
   97 00000010 4844            LDR              R0, =SYSCTL_PRGPIO_R ;Carrega o
                                                             endereço do PRGPIO
                                                             para esperar os GP
                                                            IO ficarem prontos
   98 00000012 6801    EsperaGPIO
                               LDR              R1, [R0]    ;Lê da memória o co
                                                            nteúdo do endereço 
                                                            do registrador
   99 00000014 F04F 0220       MOV              R2, #GPIO_PORTF ;Seta os bits c
                                                            orrespondentes às p
                                                            ortas para fazer a 
                                                            comparação
  100 00000018 F442 7280       ORR              R2, #GPIO_PORTJ ;Seta o bit da 
                                                            porta J, fazendo co
                                                            m OR
  101 0000001C F441 5180       ORR              R1, #GPIO_PORTN
  102 00000020 4211            TST              R1, R2      ;ANDS de R1 com R2
  103 00000022 D0F6            BEQ              EsperaGPIO  ;Se o flag Z=1, vol
                                                            ta para o laço. Sen
                                                            ão continua executa
                                                            ndo
  104 00000024         
  105 00000024         ; 2. Limpar o AMSEL para desabilitar a analógica
  106 00000024 F04F 0100       MOV              R1, #0x00   ;Colocar 0 no regis
                                                            trador para desabil
                                                            itar a função analó
                                                            gica
  107 00000028 483F            LDR              R0, =GPIO_PORTJ_AHB_AMSEL_R ;Ca
                                                            rrega o R0 com o en
                                                            dereço do AMSEL par
                                                            a a porta J
  108 0000002A 6001            STR              R1, [R0]    ;Guarda no registra



ARM Macro Assembler    Page 5 


                                                            dor AMSEL da porta 
                                                            J da memória
  109 0000002C 483F            LDR              R0, =GPIO_PORTF_AHB_AMSEL_R ;Ca
                                                            rrega o R0 com o en
                                                            dereço do AMSEL par
                                                            a a porta F
  110 0000002E 6001            STR              R1, [R0]    ;Guarda no registra
                                                            dor AMSEL da porta 
                                                            F da memória
  111 00000030 483F            LDR              R0, =GPIO_PORTN_AMSEL_R ;Carreg
                                                            a o R0 com o endere
                                                            ço do AMSEL para a 
                                                            porta N
  112 00000032 6001            STR              R1, [R0]    ;Guarda no registra
                                                            dor AMSEL da porta 
                                                            N da memória
  113 00000034         
  114 00000034         ; 3. Limpar PCTL para selecionar o GPIO
  115 00000034 F04F 0100       MOV              R1, #0x00   ;Colocar 0 no regis
                                                            trador para selecio
                                                            nar o modo GPIO
  116 00000038 483E            LDR              R0, =GPIO_PORTJ_AHB_PCTL_R ;Car
                                                            rega o R0 com o end
                                                            ereço do PCTL para 
                                                            a porta J
  117 0000003A 6001            STR              R1, [R0]    ;Guarda no registra
                                                            dor PCTL da porta J
                                                             da memória
  118 0000003C 483E            LDR              R0, =GPIO_PORTF_AHB_PCTL_R ;Car
                                                            rega o R0 com o end
                                                            ereço do PCTL para 
                                                            a porta F
  119 0000003E 6001            STR              R1, [R0]    ;Guarda no registra
                                                            dor PCTL da porta F
                                                             da memória
  120 00000040         ;Guarda no registrador PCTL da porta J da memória
  121 00000040 483E            LDR              R0, =GPIO_PORTN_PCTL_R ;Carrega
                                                             o R0 com o endereç
                                                            o do PCTL para a po
                                                            rta N
  122 00000042 6001            STR              R1, [R0]    ;Guarda no registra
                                                            dor PCTL da porta N
                                                             da memória
  123 00000044         ; 4. DIR para 0 se for entrada, 1 se for saída
  124 00000044 483E            LDR              R0, =GPIO_PORTF_AHB_DIR_R ;Carr
                                                            ega o R0 com o ende
                                                            reço do DIR para a 
                                                            porta F
  125 00000046 F04F 0111       MOV              R1, #2_00010001 ;#2_00010001   
                                                              ;PF4 & PF0 para L
                                                            ED
  126 0000004A 6001            STR              R1, [R0]    ;Guarda no registra
                                                            dor
  127 0000004C         ; O certo era verificar os outros bits da PF para não tr
                       ansformar entradas em saídas desnecessárias
  128 0000004C 483D            LDR              R0, =GPIO_PORTJ_AHB_DIR_R ;Carr
                                                            ega o R0 com o ende
                                                            reço do DIR para a 
                                                            porta J



ARM Macro Assembler    Page 6 


  129 0000004E F04F 0100       MOV              R1, #0x00   ;Colocar 0 no regis
                                                            trador DIR para fun
                                                            cionar com saída
  130 00000052 6001            STR              R1, [R0]    ;Guarda no registra
                                                            dor PCTL da porta J
                                                             da memória
  131 00000054 483C            LDR              R0, =GPIO_PORTN_DIR_R ;Carrega 
                                                            o R0 com o endereço
                                                             do DIR para a port
                                                            a N
  132 00000056 F04F 0103       MOV              R1, #2_0011 ;#2_0010     ;PN1
  133 0000005A 6001            STR              R1, [R0]    ;Guarda no registra
                                                            dor
  134 0000005C         
  135 0000005C         ; 5. Limpar os bits AFSEL para 0 para selecionar GPIO 
  136 0000005C         ;    Sem função alternativa
  137 0000005C F04F 0100       MOV              R1, #0x00   ;Colocar o valor 0 
                                                            para não setar funç
                                                            ão alternativa
  138 00000060 483A            LDR              R0, =GPIO_PORTF_AHB_AFSEL_R ;Ca
                                                            rrega o endereço do
                                                             AFSEL da porta F
  139 00000062 6001            STR              R1, [R0]    ;Escreve na porta
  140 00000064 483A            LDR              R0, =GPIO_PORTJ_AHB_AFSEL_R ;Ca
                                                            rrega o endereço do
                                                             AFSEL da porta J
  141 00000066 6001            STR              R1, [R0]    ;Escreve na porta
  142 00000068 483A            LDR              R0, =GPIO_PORTN_AFSEL_R ;Carreg
                                                            a o endereço do AFS
                                                            EL da porta N
  143 0000006A 6001            STR              R1, [R0]    ;Escreve na porta
  144 0000006C         
  145 0000006C         ; 6. Setar os bits de DEN para habilitar I/O digital
  146 0000006C 483A            LDR              R0, =GPIO_PORTF_AHB_DEN_R ;Carr
                                                            ega o endereço do D
                                                            EN
  147 0000006E F04F 0111       MOV              R1, #2_0010001 ;#2_00010001    
                                                                            ;At
                                                            iva os pinos PF0 e 
                                                            PF4 como I/O Digita
                                                            l
  148 00000072 6001            STR              R1, [R0]    ;Escreve no registr
                                                            ador da memória fun
                                                            cionalidade digital
                                                             
  149 00000074         
  150 00000074 4839            LDR              R0, =GPIO_PORTJ_AHB_DEN_R ;Carr
                                                            ega o endereço do D
                                                            EN
  151 00000076 F04F 0103       MOV              R1, #2_00000011 ;Ativa os pinos
                                                             PJ0 e PJ1 como I/O
                                                             Digital      
  152 0000007A 6001            STR              R1, [R0]    ;Escreve no registr
                                                            ador da memória fun
                                                            cionalidade digital
                                                            
  153 0000007C         
  154 0000007C 4838            LDR              R0, =GPIO_PORTN_DEN_R ;Carrega 
                                                            o endereço do DEN



ARM Macro Assembler    Page 7 


  155 0000007E F04F 0103       MOV              R1, #2_00000011 ; #2_00000010  
                                                                               
                                                            ;N1
  156 00000082 6001            STR              R1, [R0]    ;Escreve no registr
                                                            ador da memória fun
                                                            cionalidade digital
                                                             
  157 00000084         
  158 00000084         ; 7. Para habilitar resistor de pull-up interno, setar P
                       UR para 1
  159 00000084 4837            LDR              R0, =GPIO_PORTJ_AHB_PUR_R ;Carr
                                                            ega o endereço do P
                                                            UR para a porta J
  160 00000086 F04F 0103       MOV              R1, #2_00000011 ;Habilitar func
                                                            ionalidade digital 
                                                            de resistor de pull
                                                            -up 
  161 0000008A         ;nos bits 0 e 1
  162 0000008A 6001            STR              R1, [R0]    ;Escreve no registr
                                                            ador da memória do 
                                                            resistor de pull-up
                                                            
  163 0000008C         
  164 0000008C         ; 8. Desabilita a interrup no IM
  165 0000008C         
  166 0000008C 4836            LDR              R0,=GPIO_PORTJ_AHB_IM_R
  167 0000008E F04F 0100       MOV              R1,#2_00
  168 00000092 6001            STR              R1,[R0]
  169 00000094         ;9. Config. tipo interrup IS
  170 00000094         
  171 00000094 4835            LDR              R0,=GPIO_PORTJ_AHB_IS_R
  172 00000096 F04F 0100       MOV              R1,#2_00
  173 0000009A 6001            STR              R1,[R0]
  174 0000009C         ;10. Config Borda IBE 
  175 0000009C 4834            LDR              R0,=GPIO_PORTJ_AHB_IBE_R
  176 0000009E F04F 0100       MOV              R1,#2_00
  177 000000A2 6001            STR              R1,[R0]
  178 000000A4         ;11. Config IEV
  179 000000A4 4833            LDR              R0,=GPIO_PORTJ_AHB_IEV_R
  180 000000A6 F04F 0102       MOV              R1,#2_10
  181 000000AA 6001            STR              R1,[R0]
  182 000000AC         ;12. Config ICR
  183 000000AC 4832            LDR              R0,=GPIO_PORTJ_AHB_ICR_R
  184 000000AE F04F 0103       MOV              R1,#2_11
  185 000000B2 6001            STR              R1,[R0]
  186 000000B4         
  187 000000B4         ;;teste  
  188 000000B4         ;LDR R0,=GPIO_PORTJ_AHB_RIS_R
  189 000000B4         ;MOV R1,#2_00
  190 000000B4         ;STR R1,[R0]
  191 000000B4         
  192 000000B4         ;13.Habilita interrup no IM
  193 000000B4 482C            LDR              R0,=GPIO_PORTJ_AHB_IM_R
  194 000000B6 F04F 0103       MOV              R1,#2_11
  195 000000BA 6001            STR              R1,[R0]
  196 000000BC         ;    
  197 000000BC         ;14. Setar prioridade NVIC
  198 000000BC         
  199 000000BC 482F            LDR              R0,=NVIC_PRI12_R



ARM Macro Assembler    Page 8 


  200 000000BE F04F 0105       MOV              R1,#5
  201 000000C2 EA4F 7141       LSL              R1,R1,#29
  202 000000C6 6001            STR              R1,[R0]
  203 000000C8         ;Habilitar interrup NVIC
  204 000000C8         
  205 000000C8 482D            LDR              R0,=NVIC_EN1_R
  206 000000CA F04F 0101       MOV              R1,#1
  207 000000CE EA4F 41C1       LSL              R1,R1,#19
  208 000000D2 6001            STR              R1,[R0]
  209 000000D4         ;retorno            
  210 000000D4 4770            BX               LR
  211 000000D6         
  212 000000D6         
  213 000000D6         GPIOPortJ_Handler
  214 000000D6         
  215 000000D6 B500            PUSH{LR}
  216 000000D8 492A            LDR              R1,=GPIO_PORTJ_AHB_RIS_R
  217 000000DA 6808            LDR              R0,[R1]
  218 000000DC F000 0001       AND              R0,R0,#2_01
  219 000000E0 2801            CMP              R0,#2_01
  220 000000E2 D002            BEQ              sw1
  221 000000E4         
  222 000000E4 F85D EB04       POP{LR}
  223 000000E8 4770            BX               LR
  224 000000EA         sw1
  225 000000EA 4923            LDR              R1,=GPIO_PORTJ_AHB_ICR_R
  226 000000EC F04F 0001       MOV              R0,#2_1
  227 000000F0 6008            STR              R0,[R1]
  228 000000F2         
  229 000000F2 4A25            LDR              R2, =A
  230 000000F4 F04F 0101       MOV              R1,#1
  231 000000F8 6011            STR              R1,[R2]
  232 000000FA         
  233 000000FA F85D EB04       POP{LR}
  234 000000FE 4770            BX               LR
  235 00000100         ; ------------------------------------------------------
                       -------------------------
  236 00000100         ; Função PortF_Output
  237 00000100         ; Parâmetro de entrada: R0 --> se os BIT4 e BIT0 estão l
                       igado ou desligado
  238 00000100         ; Parâmetro de saída: Não tem
  239 00000100         PortF_Output
  240 00000100 4922            LDR              R1, =GPIO_PORTF_AHB_DATA_R ;Car
                                                            rega o valor do off
                                                            set do data registe
                                                            r
  241 00000102         ;Read-Modify-Write para escrita
  242 00000102 680A            LDR              R2, [R1]
  243 00000104 F022 0211       BIC              R2, #2_00010001 ;Primeiro limpa
                                                            mos os dois bits do
                                                             lido da porta R2 =
                                                             R2 & 11101110
  244 00000108 EA40 0002       ORR              R0, R0, R2  ;Fazer o OR do lido
                                                             pela porta com o p
                                                            arâmetro de entrada
                                                            
  245 0000010C 6008            STR              R0, [R1]    ;Escreve na porta F
                                                             o barramento de da
                                                            dos dos pinos F4 e 



ARM Macro Assembler    Page 9 


                                                            F0
  246 0000010E 4770            BX               LR          ;Retorno
  247 00000110         
  248 00000110         ; ------------------------------------------------------
                       -------------------------
  249 00000110         ; Função PortN_Output
  250 00000110         ; Parâmetro de entrada: R0 --> se o BIT1 está ligado ou 
                       desligado
  251 00000110         ; Parâmetro de saída: Não tem
  252 00000110         PortN_Output
  253 00000110 491F            LDR              R1, =GPIO_PORTN_DATA_R ;Carrega
                                                             o valor do offset 
                                                            do data register
  254 00000112         ;Read-Modify-Write para escrita
  255 00000112 680A            LDR              R2, [R1]
  256 00000114 F022 0203       BIC              R2, #2_00011 ;Primeiro limpamos
                                                             os dois bits do li
                                                            do da porta R2 = R2
                                                             & 11111101
  257 00000118 EA40 0002       ORR              R0, R0, R2  ;Fazer o OR do lido
                                                             pela porta com o p
                                                            arâmetro de entrada
                                                            
  258 0000011C 6008            STR              R0, [R1]    ;Escreve na porta N
                                                             o barramento de da
                                                            dos do pino N1
  259 0000011E 4770            BX               LR          ;Retorno
  260 00000120         
  261 00000120         
  262 00000120         
  263 00000120                 ALIGN                        ; garante que o fim
                                                             da seção está alin
                                                            hada 
  264 00000120                 END                          ; fim do arquivo
              400FE608 
              400FEA08 
              40060528 
              4005D528 
              40064528 
              4006052C 
              4005D52C 
              4006452C 
              4005D400 
              40060400 
              40064400 
              4005D420 
              40060420 
              40064420 
              4005D51C 
              4006051C 
              4006451C 
              40060510 
              40060410 
              40060404 
              40060408 
              4006040C 
              4006041C 
              E000E430 
              E000E104 



ARM Macro Assembler    Page 10 


              40060414 
              00000000 
              4005D3FC 
              400643FC 
Command Line: --debug --xref --diag_suppress=9931 --cpu=Cortex-M4.fp.sp --apcs=
interwork --depend=.\objects\gpio_1.d -o.\objects\gpio_1.o -IC:\Users\Raissa\Ap
pData\Local\Arm\Packs\Keil\TM4C_DFP\1.1.0\Device\Include\TM4C129 --predefine="_
_EVAL SETA 1" --predefine="__UVISION_VERSION SETA 534" --predefine="TM4C1294NCP
DT SETA 1" --list=.\listings\gpio.lst gpio.s



ARM Macro Assembler    Page 1 Alphabetic symbol ordering
Relocatable symbols

A 00000000

Symbol: A
   Definitions
      At line 69 in file gpio.s
   Uses
      At line 68 in file gpio.s
      At line 81 in file gpio.s
      At line 229 in file gpio.s

DATA 00000000

Symbol: DATA
   Definitions
      At line 67 in file gpio.s
   Uses
      None
Comment: DATA unused
2 symbols



ARM Macro Assembler    Page 1 Alphabetic symbol ordering
Relocatable symbols

.text 00000000

Symbol: .text
   Definitions
      At line 71 in file gpio.s
   Uses
      None
Comment: .text unused
EsperaGPIO 00000012

Symbol: EsperaGPIO
   Definitions
      At line 98 in file gpio.s
   Uses
      At line 103 in file gpio.s
Comment: EsperaGPIO used once
GPIOPortJ_Handler 000000D6

Symbol: GPIOPortJ_Handler
   Definitions
      At line 213 in file gpio.s
   Uses
      At line 78 in file gpio.s
Comment: GPIOPortJ_Handler used once
GPIO_Init 00000000

Symbol: GPIO_Init
   Definitions
      At line 86 in file gpio.s
   Uses
      At line 74 in file gpio.s
Comment: GPIO_Init used once
PortF_Output 00000100

Symbol: PortF_Output
   Definitions
      At line 239 in file gpio.s
   Uses
      At line 75 in file gpio.s
Comment: PortF_Output used once
PortN_Output 00000110

Symbol: PortN_Output
   Definitions
      At line 252 in file gpio.s
   Uses
      At line 77 in file gpio.s
Comment: PortN_Output used once
sw1 000000EA

Symbol: sw1
   Definitions
      At line 224 in file gpio.s
   Uses
      At line 220 in file gpio.s
Comment: sw1 used once
7 symbols



ARM Macro Assembler    Page 1 Alphabetic symbol ordering
Absolute symbols

BIT0 00000001

Symbol: BIT0
   Definitions
      At line 61 in file gpio.s
   Uses
      None
Comment: BIT0 unused
BIT1 00000002

Symbol: BIT1
   Definitions
      At line 62 in file gpio.s
   Uses
      None
Comment: BIT1 unused
GPIO_PORTF 00000020

Symbol: GPIO_PORTF
   Definitions
      At line 37 in file gpio.s
   Uses
      At line 92 in file gpio.s
      At line 99 in file gpio.s

GPIO_PORTF_AHB_AFSEL_R 4005D420

Symbol: GPIO_PORTF_AHB_AFSEL_R
   Definitions
      At line 33 in file gpio.s
   Uses
      At line 138 in file gpio.s
Comment: GPIO_PORTF_AHB_AFSEL_R used once
GPIO_PORTF_AHB_AMSEL_R 4005D528

Symbol: GPIO_PORTF_AHB_AMSEL_R
   Definitions
      At line 30 in file gpio.s
   Uses
      At line 109 in file gpio.s
Comment: GPIO_PORTF_AHB_AMSEL_R used once
GPIO_PORTF_AHB_CR_R 4005D524

Symbol: GPIO_PORTF_AHB_CR_R
   Definitions
      At line 29 in file gpio.s
   Uses
      None
Comment: GPIO_PORTF_AHB_CR_R unused
GPIO_PORTF_AHB_DATA_R 4005D3FC

Symbol: GPIO_PORTF_AHB_DATA_R
   Definitions
      At line 36 in file gpio.s
   Uses
      At line 240 in file gpio.s
Comment: GPIO_PORTF_AHB_DATA_R used once
GPIO_PORTF_AHB_DEN_R 4005D51C




ARM Macro Assembler    Page 2 Alphabetic symbol ordering
Absolute symbols

Symbol: GPIO_PORTF_AHB_DEN_R
   Definitions
      At line 34 in file gpio.s
   Uses
      At line 146 in file gpio.s
Comment: GPIO_PORTF_AHB_DEN_R used once
GPIO_PORTF_AHB_DIR_R 4005D400

Symbol: GPIO_PORTF_AHB_DIR_R
   Definitions
      At line 32 in file gpio.s
   Uses
      At line 124 in file gpio.s
Comment: GPIO_PORTF_AHB_DIR_R used once
GPIO_PORTF_AHB_LOCK_R 4005D520

Symbol: GPIO_PORTF_AHB_LOCK_R
   Definitions
      At line 28 in file gpio.s
   Uses
      None
Comment: GPIO_PORTF_AHB_LOCK_R unused
GPIO_PORTF_AHB_PCTL_R 4005D52C

Symbol: GPIO_PORTF_AHB_PCTL_R
   Definitions
      At line 31 in file gpio.s
   Uses
      At line 118 in file gpio.s
Comment: GPIO_PORTF_AHB_PCTL_R used once
GPIO_PORTF_AHB_PUR_R 4005D510

Symbol: GPIO_PORTF_AHB_PUR_R
   Definitions
      At line 35 in file gpio.s
   Uses
      None
Comment: GPIO_PORTF_AHB_PUR_R unused
GPIO_PORTJ 00000100

Symbol: GPIO_PORTJ
   Definitions
      At line 26 in file gpio.s
   Uses
      At line 93 in file gpio.s
      At line 100 in file gpio.s

GPIO_PORTJ_AHB_AFSEL_R 40060420

Symbol: GPIO_PORTJ_AHB_AFSEL_R
   Definitions
      At line 22 in file gpio.s
   Uses
      At line 140 in file gpio.s
Comment: GPIO_PORTJ_AHB_AFSEL_R used once
GPIO_PORTJ_AHB_AMSEL_R 40060528

Symbol: GPIO_PORTJ_AHB_AMSEL_R
   Definitions



ARM Macro Assembler    Page 3 Alphabetic symbol ordering
Absolute symbols

      At line 19 in file gpio.s
   Uses
      At line 107 in file gpio.s
Comment: GPIO_PORTJ_AHB_AMSEL_R used once
GPIO_PORTJ_AHB_CR_R 40060524

Symbol: GPIO_PORTJ_AHB_CR_R
   Definitions
      At line 18 in file gpio.s
   Uses
      None
Comment: GPIO_PORTJ_AHB_CR_R unused
GPIO_PORTJ_AHB_DATA_R 400603FC

Symbol: GPIO_PORTJ_AHB_DATA_R
   Definitions
      At line 25 in file gpio.s
   Uses
      None
Comment: GPIO_PORTJ_AHB_DATA_R unused
GPIO_PORTJ_AHB_DEN_R 4006051C

Symbol: GPIO_PORTJ_AHB_DEN_R
   Definitions
      At line 23 in file gpio.s
   Uses
      At line 150 in file gpio.s
Comment: GPIO_PORTJ_AHB_DEN_R used once
GPIO_PORTJ_AHB_DIR_R 40060400

Symbol: GPIO_PORTJ_AHB_DIR_R
   Definitions
      At line 21 in file gpio.s
   Uses
      At line 128 in file gpio.s
Comment: GPIO_PORTJ_AHB_DIR_R used once
GPIO_PORTJ_AHB_IBE_R 40060408

Symbol: GPIO_PORTJ_AHB_IBE_R
   Definitions
      At line 54 in file gpio.s
   Uses
      At line 175 in file gpio.s
Comment: GPIO_PORTJ_AHB_IBE_R used once
GPIO_PORTJ_AHB_ICR_R 4006041C

Symbol: GPIO_PORTJ_AHB_ICR_R
   Definitions
      At line 56 in file gpio.s
   Uses
      At line 183 in file gpio.s
      At line 225 in file gpio.s

GPIO_PORTJ_AHB_IEV_R 4006040C

Symbol: GPIO_PORTJ_AHB_IEV_R
   Definitions
      At line 55 in file gpio.s
   Uses



ARM Macro Assembler    Page 4 Alphabetic symbol ordering
Absolute symbols

      At line 179 in file gpio.s
Comment: GPIO_PORTJ_AHB_IEV_R used once
GPIO_PORTJ_AHB_IM_R 40060410

Symbol: GPIO_PORTJ_AHB_IM_R
   Definitions
      At line 52 in file gpio.s
   Uses
      At line 166 in file gpio.s
      At line 193 in file gpio.s

GPIO_PORTJ_AHB_IS_R 40060404

Symbol: GPIO_PORTJ_AHB_IS_R
   Definitions
      At line 53 in file gpio.s
   Uses
      At line 171 in file gpio.s
Comment: GPIO_PORTJ_AHB_IS_R used once
GPIO_PORTJ_AHB_LOCK_R 40060520

Symbol: GPIO_PORTJ_AHB_LOCK_R
   Definitions
      At line 17 in file gpio.s
   Uses
      None
Comment: GPIO_PORTJ_AHB_LOCK_R unused
GPIO_PORTJ_AHB_PCTL_R 4006052C

Symbol: GPIO_PORTJ_AHB_PCTL_R
   Definitions
      At line 20 in file gpio.s
   Uses
      At line 116 in file gpio.s
Comment: GPIO_PORTJ_AHB_PCTL_R used once
GPIO_PORTJ_AHB_PUR_R 40060510

Symbol: GPIO_PORTJ_AHB_PUR_R
   Definitions
      At line 24 in file gpio.s
   Uses
      At line 159 in file gpio.s
Comment: GPIO_PORTJ_AHB_PUR_R used once
GPIO_PORTJ_AHB_RIS_R 40060414

Symbol: GPIO_PORTJ_AHB_RIS_R
   Definitions
      At line 57 in file gpio.s
   Uses
      At line 216 in file gpio.s
Comment: GPIO_PORTJ_AHB_RIS_R used once
GPIO_PORTN 00001000

Symbol: GPIO_PORTN
   Definitions
      At line 49 in file gpio.s
   Uses
      At line 94 in file gpio.s
      At line 101 in file gpio.s



ARM Macro Assembler    Page 5 Alphabetic symbol ordering
Absolute symbols


GPIO_PORTN_AFSEL_R 40064420

Symbol: GPIO_PORTN_AFSEL_R
   Definitions
      At line 44 in file gpio.s
   Uses
      At line 142 in file gpio.s
Comment: GPIO_PORTN_AFSEL_R used once
GPIO_PORTN_AMSEL_R 40064528

Symbol: GPIO_PORTN_AMSEL_R
   Definitions
      At line 41 in file gpio.s
   Uses
      At line 111 in file gpio.s
Comment: GPIO_PORTN_AMSEL_R used once
GPIO_PORTN_CR_R 40064524

Symbol: GPIO_PORTN_CR_R
   Definitions
      At line 40 in file gpio.s
   Uses
      None
Comment: GPIO_PORTN_CR_R unused
GPIO_PORTN_DATA_BITS_R 40064000

Symbol: GPIO_PORTN_DATA_BITS_R
   Definitions
      At line 48 in file gpio.s
   Uses
      None
Comment: GPIO_PORTN_DATA_BITS_R unused
GPIO_PORTN_DATA_R 400643FC

Symbol: GPIO_PORTN_DATA_R
   Definitions
      At line 47 in file gpio.s
   Uses
      At line 253 in file gpio.s
Comment: GPIO_PORTN_DATA_R used once
GPIO_PORTN_DEN_R 4006451C

Symbol: GPIO_PORTN_DEN_R
   Definitions
      At line 45 in file gpio.s
   Uses
      At line 154 in file gpio.s
Comment: GPIO_PORTN_DEN_R used once
GPIO_PORTN_DIR_R 40064400

Symbol: GPIO_PORTN_DIR_R
   Definitions
      At line 43 in file gpio.s
   Uses
      At line 131 in file gpio.s
Comment: GPIO_PORTN_DIR_R used once
GPIO_PORTN_LOCK_R 40064520




ARM Macro Assembler    Page 6 Alphabetic symbol ordering
Absolute symbols

Symbol: GPIO_PORTN_LOCK_R
   Definitions
      At line 39 in file gpio.s
   Uses
      None
Comment: GPIO_PORTN_LOCK_R unused
GPIO_PORTN_PCTL_R 4006452C

Symbol: GPIO_PORTN_PCTL_R
   Definitions
      At line 42 in file gpio.s
   Uses
      At line 121 in file gpio.s
Comment: GPIO_PORTN_PCTL_R used once
GPIO_PORTN_PUR_R 40064510

Symbol: GPIO_PORTN_PUR_R
   Definitions
      At line 46 in file gpio.s
   Uses
      None
Comment: GPIO_PORTN_PUR_R unused
NVIC_EN1_R E000E104

Symbol: NVIC_EN1_R
   Definitions
      At line 58 in file gpio.s
   Uses
      At line 205 in file gpio.s
Comment: NVIC_EN1_R used once
NVIC_PRI12_R E000E430

Symbol: NVIC_PRI12_R
   Definitions
      At line 59 in file gpio.s
   Uses
      At line 199 in file gpio.s
Comment: NVIC_PRI12_R used once
SYSCTL_PRGPIO_R 400FEA08

Symbol: SYSCTL_PRGPIO_R
   Definitions
      At line 13 in file gpio.s
   Uses
      At line 97 in file gpio.s
Comment: SYSCTL_PRGPIO_R used once
SYSCTL_RCGCGPIO_R 400FE608

Symbol: SYSCTL_RCGCGPIO_R
   Definitions
      At line 12 in file gpio.s
   Uses
      At line 91 in file gpio.s
Comment: SYSCTL_RCGCGPIO_R used once
43 symbols
388 symbols in table
